{"/Users/pedrodini/project_okinawa-1/backend/src/app.module.ts": {"path":"/Users/pedrodini/project_okinawa-1/backend/src/app.module.ts","statementMap":{"0":{"start":{"line":1,"column":0},"end":{"line":1,"column":40}},"1":{"start":{"line":2,"column":0},"end":{"line":2,"column":46}},"2":{"start":{"line":3,"column":0},"end":{"line":3,"column":48}},"3":{"start":{"line":4,"column":0},"end":{"line":4,"column":42}},"4":{"start":{"line":5,"column":0},"end":{"line":5,"column":52}},"5":{"start":{"line":6,"column":0},"end":{"line":6,"column":56}},"6":{"start":{"line":7,"column":0},"end":{"line":7,"column":52}},"7":{"start":{"line":8,"column":0},"end":{"line":8,"column":60}},"8":{"start":{"line":11,"column":0},"end":{"line":11,"column":56}},"9":{"start":{"line":12,"column":0},"end":{"line":12,"column":59}},"10":{"start":{"line":13,"column":0},"end":{"line":13,"column":77}},"11":{"start":{"line":14,"column":0},"end":{"line":14,"column":62}},"12":{"start":{"line":15,"column":0},"end":{"line":15,"column":80}},"13":{"start":{"line":16,"column":0},"end":{"line":16,"column":68}},"14":{"start":{"line":17,"column":0},"end":{"line":17,"column":73}},"15":{"start":{"line":18,"column":0},"end":{"line":18,"column":62}},"16":{"start":{"line":19,"column":0},"end":{"line":19,"column":65}},"17":{"start":{"line":20,"column":0},"end":{"line":20,"column":65}},"18":{"start":{"line":21,"column":0},"end":{"line":21,"column":56}},"19":{"start":{"line":22,"column":0},"end":{"line":22,"column":83}},"20":{"start":{"line":23,"column":0},"end":{"line":23,"column":71}},"21":{"start":{"line":24,"column":0},"end":{"line":24,"column":50}},"22":{"start":{"line":25,"column":0},"end":{"line":25,"column":68}},"23":{"start":{"line":26,"column":0},"end":{"line":26,"column":71}},"24":{"start":{"line":27,"column":0},"end":{"line":27,"column":50}},"25":{"start":{"line":28,"column":0},"end":{"line":28,"column":62}},"26":{"start":{"line":29,"column":0},"end":{"line":29,"column":73}},"27":{"start":{"line":30,"column":0},"end":{"line":30,"column":71}},"28":{"start":{"line":31,"column":0},"end":{"line":31,"column":64}},"29":{"start":{"line":81,"column":7},"end":{"line":81,"column":null}},"30":{"start":{"line":81,"column":13},"end":{"line":81,"column":22}},"31":{"start":{"line":81,"column":13},"end":{"line":81,"column":null}}},"fnMap":{},"branchMap":{},"s":{"0":0,"1":0,"2":0,"3":0,"4":0,"5":0,"6":0,"7":0,"8":0,"9":0,"10":0,"11":0,"12":0,"13":0,"14":0,"15":0,"16":0,"17":0,"18":0,"19":0,"20":0,"21":0,"22":0,"23":0,"24":0,"25":0,"26":0,"27":0,"28":0,"29":0,"30":0,"31":0},"f":{},"b":{}}
,"/Users/pedrodini/project_okinawa-1/backend/src/main.ts": {"path":"/Users/pedrodini/project_okinawa-1/backend/src/main.ts","statementMap":{"0":{"start":{"line":1,"column":0},"end":{"line":1,"column":43}},"1":{"start":{"line":2,"column":0},"end":{"line":2,"column":64}},"2":{"start":{"line":3,"column":0},"end":{"line":3,"column":47}},"3":{"start":{"line":4,"column":0},"end":{"line":4,"column":65}},"4":{"start":{"line":5,"column":0},"end":{"line":5,"column":41}},"5":{"start":{"line":6,"column":0},"end":{"line":6,"column":81}},"6":{"start":{"line":7,"column":0},"end":{"line":7,"column":58}},"7":{"start":{"line":8,"column":0},"end":{"line":8,"column":38}},"8":{"start":{"line":9,"column":0},"end":{"line":9,"column":28}},"9":{"start":{"line":13,"column":2},"end":{"line":13,"column":21}},"10":{"start":{"line":15,"column":14},"end":{"line":17,"column":4}},"11":{"start":{"line":19,"column":24},"end":{"line":19,"column":46}},"12":{"start":{"line":20,"column":15},"end":{"line":20,"column":56}},"13":{"start":{"line":21,"column":20},"end":{"line":21,"column":71}},"14":{"start":{"line":22,"column":21},"end":{"line":22,"column":61}},"15":{"start":{"line":23,"column":25},"end":{"line":23,"column":80}},"16":{"start":{"line":26,"column":2},"end":{"line":26,"column":20}},"17":{"start":{"line":27,"column":2},"end":{"line":27,"column":25}},"18":{"start":{"line":30,"column":2},"end":{"line":35,"column":5}},"19":{"start":{"line":38,"column":2},"end":{"line":38,"column":33}},"20":{"start":{"line":41,"column":2},"end":{"line":44,"column":5}},"21":{"start":{"line":47,"column":2},"end":{"line":47,"column":52}},"22":{"start":{"line":50,"column":2},"end":{"line":59,"column":4}},"23":{"start":{"line":62,"column":2},"end":{"line":92,"column":3}},"24":{"start":{"line":63,"column":19},"end":{"line":81,"column":14}},"25":{"start":{"line":83,"column":21},"end":{"line":83,"column":62}},"26":{"start":{"line":84,"column":24},"end":{"line":84,"column":75}},"27":{"start":{"line":85,"column":4},"end":{"line":89,"column":7}},"28":{"start":{"line":91,"column":4},"end":{"line":91,"column":98}},"29":{"start":{"line":95,"column":2},"end":{"line":95,"column":28}},"30":{"start":{"line":97,"column":2},"end":{"line":97,"column":36}},"31":{"start":{"line":99,"column":2},"end":{"line":99,"column":85}},"32":{"start":{"line":100,"column":2},"end":{"line":100,"column":74}},"33":{"start":{"line":103,"column":0},"end":{"line":103,"column":12}}},"fnMap":{"0":{"name":"bootstrap","decl":{"start":{"line":11,"column":15},"end":{"line":11,"column":24}},"loc":{"start":{"line":11,"column":24},"end":{"line":101,"column":1}}}},"branchMap":{"0":{"loc":{"start":{"line":20,"column":15},"end":{"line":20,"column":56}},"type":"binary-expr","locations":[{"start":{"line":20,"column":15},"end":{"line":20,"column":48}},{"start":{"line":20,"column":52},"end":{"line":20,"column":56}}]},"1":{"loc":{"start":{"line":21,"column":20},"end":{"line":21,"column":71}},"type":"binary-expr","locations":[{"start":{"line":21,"column":20},"end":{"line":21,"column":59}},{"start":{"line":21,"column":63},"end":{"line":21,"column":71}}]},"2":{"loc":{"start":{"line":31,"column":12},"end":{"line":31,"column":41}},"type":"binary-expr","locations":[{"start":{"line":31,"column":12},"end":{"line":31,"column":34}},{"start":{"line":31,"column":38},"end":{"line":31,"column":41}}]},"3":{"loc":{"start":{"line":32,"column":17},"end":{"line":32,"column":71}},"type":"binary-expr","locations":[{"start":{"line":32,"column":17},"end":{"line":32,"column":63}},{"start":{"line":32,"column":67},"end":{"line":32,"column":71}}]},"4":{"loc":{"start":{"line":62,"column":2},"end":{"line":92,"column":3}},"type":"if","locations":[{"start":{"line":62,"column":2},"end":{"line":92,"column":3}}]},"5":{"loc":{"start":{"line":64,"column":16},"end":{"line":64,"column":83}},"type":"binary-expr","locations":[{"start":{"line":64,"column":16},"end":{"line":64,"column":58}},{"start":{"line":64,"column":62},"end":{"line":64,"column":83}}]},"6":{"loc":{"start":{"line":66,"column":8},"end":{"line":67,"column":46}},"type":"binary-expr","locations":[{"start":{"line":66,"column":8},"end":{"line":66,"column":56}},{"start":{"line":67,"column":10},"end":{"line":67,"column":46}}]},"7":{"loc":{"start":{"line":69,"column":18},"end":{"line":69,"column":71}},"type":"binary-expr","locations":[{"start":{"line":69,"column":18},"end":{"line":69,"column":62}},{"start":{"line":69,"column":66},"end":{"line":69,"column":71}}]},"8":{"loc":{"start":{"line":84,"column":24},"end":{"line":84,"column":75}},"type":"binary-expr","locations":[{"start":{"line":84,"column":24},"end":{"line":84,"column":65}},{"start":{"line":84,"column":69},"end":{"line":84,"column":75}}]}},"s":{"0":0,"1":0,"2":0,"3":0,"4":0,"5":0,"6":0,"7":0,"8":0,"9":0,"10":0,"11":0,"12":0,"13":0,"14":0,"15":0,"16":0,"17":0,"18":0,"19":0,"20":0,"21":0,"22":0,"23":0,"24":0,"25":0,"26":0,"27":0,"28":0,"29":0,"30":0,"31":0,"32":0,"33":0},"f":{"0":0},"b":{"0":[0,0],"1":[0,0],"2":[0,0],"3":[0,0],"4":[0],"5":[0,0],"6":[0,0],"7":[0,0],"8":[0,0]}}
,"/Users/pedrodini/project_okinawa-1/backend/src/common/decorators/current-user.decorator.ts": {"path":"/Users/pedrodini/project_okinawa-1/backend/src/common/decorators/current-user.decorator.ts","statementMap":{"0":{"start":{"line":1,"column":0},"end":{"line":1,"column":72}},"1":{"start":{"line":3,"column":13},"end":{"line":8,"column":2}},"2":{"start":{"line":5,"column":20},"end":{"line":5,"column":51}},"3":{"start":{"line":6,"column":4},"end":{"line":6,"column":24}}},"fnMap":{"0":{"name":"(anonymous_0)","decl":{"start":{"line":4,"column":2},"end":{"line":4,"column":3}},"loc":{"start":{"line":4,"column":44},"end":{"line":7,"column":3}}}},"branchMap":{},"s":{"0":0,"1":0,"2":0,"3":0},"f":{"0":0},"b":{}}
,"/Users/pedrodini/project_okinawa-1/backend/src/common/decorators/public.decorator.ts": {"path":"/Users/pedrodini/project_okinawa-1/backend/src/common/decorators/public.decorator.ts","statementMap":{"0":{"start":{"line":1,"column":0},"end":{"line":1,"column":45}},"1":{"start":{"line":3,"column":22},"end":{"line":3,"column":57}},"2":{"start":{"line":3,"column":28},"end":{"line":3,"column":57}},"3":{"start":{"line":3,"column":13},"end":{"line":3,"column":22}}},"fnMap":{"0":{"name":"(anonymous_0)","decl":{"start":{"line":3,"column":22},"end":{"line":3,"column":25}},"loc":{"start":{"line":3,"column":28},"end":{"line":3,"column":57}}}},"branchMap":{},"s":{"0":0,"1":0,"2":0,"3":0},"f":{"0":0},"b":{}}
,"/Users/pedrodini/project_okinawa-1/backend/src/common/decorators/roles.decorator.ts": {"path":"/Users/pedrodini/project_okinawa-1/backend/src/common/decorators/roles.decorator.ts","statementMap":{"0":{"start":{"line":1,"column":0},"end":{"line":1,"column":45}},"1":{"start":{"line":4,"column":21},"end":{"line":4,"column":74}},"2":{"start":{"line":4,"column":47},"end":{"line":4,"column":74}},"3":{"start":{"line":4,"column":13},"end":{"line":4,"column":21}}},"fnMap":{"0":{"name":"(anonymous_0)","decl":{"start":{"line":4,"column":21},"end":{"line":4,"column":22}},"loc":{"start":{"line":4,"column":47},"end":{"line":4,"column":74}}}},"branchMap":{},"s":{"0":0,"1":0,"2":0,"3":0},"f":{"0":0},"b":{}}
,"/Users/pedrodini/project_okinawa-1/backend/src/common/enums/index.ts": {"path":"/Users/pedrodini/project_okinawa-1/backend/src/common/enums/index.ts","statementMap":{"0":{"start":{"line":1,"column":0},"end":{"line":1,"column":36}},"1":{"start":{"line":2,"column":0},"end":{"line":2,"column":33}},"2":{"start":{"line":3,"column":0},"end":{"line":3,"column":36}},"3":{"start":{"line":4,"column":0},"end":{"line":4,"column":34}},"4":{"start":{"line":5,"column":0},"end":{"line":5,"column":38}},"5":{"start":{"line":6,"column":0},"end":{"line":6,"column":42}}},"fnMap":{},"branchMap":{},"s":{"0":10,"1":10,"2":10,"3":10,"4":10,"5":10},"f":{},"b":{}}
,"/Users/pedrodini/project_okinawa-1/backend/src/common/enums/order-status.enum.ts": {"path":"/Users/pedrodini/project_okinawa-1/backend/src/common/enums/order-status.enum.ts","statementMap":{"0":{"start":{"line":1,"column":0},"end":{"line":1,"column":null}},"1":{"start":{"line":2,"column":2},"end":{"line":2,"column":null}},"2":{"start":{"line":3,"column":2},"end":{"line":3,"column":null}},"3":{"start":{"line":4,"column":2},"end":{"line":4,"column":null}},"4":{"start":{"line":5,"column":2},"end":{"line":5,"column":null}},"5":{"start":{"line":6,"column":2},"end":{"line":6,"column":null}},"6":{"start":{"line":7,"column":2},"end":{"line":7,"column":null}},"7":{"start":{"line":8,"column":2},"end":{"line":8,"column":null}},"8":{"start":{"line":11,"column":0},"end":{"line":11,"column":null}},"9":{"start":{"line":12,"column":2},"end":{"line":12,"column":null}},"10":{"start":{"line":13,"column":2},"end":{"line":13,"column":null}},"11":{"start":{"line":14,"column":2},"end":{"line":14,"column":null}},"12":{"start":{"line":15,"column":2},"end":{"line":15,"column":null}},"13":{"start":{"line":16,"column":2},"end":{"line":16,"column":null}},"14":{"start":{"line":19,"column":13},"end":{"line":27,"column":2}}},"fnMap":{"0":{"name":"(anonymous_0)","decl":{"start":{"line":1,"column":0},"end":{"line":1,"column":12}},"loc":{"start":{"line":1,"column":23},"end":{"line":9,"column":1}}},"1":{"name":"(anonymous_1)","decl":{"start":{"line":11,"column":0},"end":{"line":11,"column":12}},"loc":{"start":{"line":11,"column":27},"end":{"line":17,"column":1}}}},"branchMap":{"0":{"loc":{"start":{"line":1,"column":12},"end":{"line":1,"column":null}},"type":"binary-expr","locations":[{"start":{"line":1,"column":12},"end":{"line":1,"column":23}},{"start":{"line":1,"column":23},"end":{"line":1,"column":null}}]},"1":{"loc":{"start":{"line":11,"column":12},"end":{"line":11,"column":null}},"type":"binary-expr","locations":[{"start":{"line":11,"column":12},"end":{"line":11,"column":27}},{"start":{"line":11,"column":27},"end":{"line":11,"column":null}}]}},"s":{"0":10,"1":10,"2":10,"3":10,"4":10,"5":10,"6":10,"7":10,"8":10,"9":10,"10":10,"11":10,"12":10,"13":10,"14":10},"f":{"0":10,"1":10},"b":{"0":[10,10],"1":[10,10]}}
,"/Users/pedrodini/project_okinawa-1/backend/src/common/enums/order-type.enum.ts": {"path":"/Users/pedrodini/project_okinawa-1/backend/src/common/enums/order-type.enum.ts","statementMap":{"0":{"start":{"line":1,"column":0},"end":{"line":1,"column":null}},"1":{"start":{"line":2,"column":2},"end":{"line":2,"column":null}},"2":{"start":{"line":3,"column":2},"end":{"line":3,"column":null}},"3":{"start":{"line":4,"column":2},"end":{"line":4,"column":null}}},"fnMap":{"0":{"name":"(anonymous_0)","decl":{"start":{"line":1,"column":0},"end":{"line":1,"column":12}},"loc":{"start":{"line":1,"column":21},"end":{"line":5,"column":1}}}},"branchMap":{"0":{"loc":{"start":{"line":1,"column":12},"end":{"line":1,"column":null}},"type":"binary-expr","locations":[{"start":{"line":1,"column":12},"end":{"line":1,"column":21}},{"start":{"line":1,"column":21},"end":{"line":1,"column":null}}]}},"s":{"0":10,"1":10,"2":10,"3":10},"f":{"0":10},"b":{"0":[10,10]}}
,"/Users/pedrodini/project_okinawa-1/backend/src/common/enums/payment-method.enum.ts": {"path":"/Users/pedrodini/project_okinawa-1/backend/src/common/enums/payment-method.enum.ts","statementMap":{"0":{"start":{"line":1,"column":0},"end":{"line":1,"column":null}},"1":{"start":{"line":2,"column":2},"end":{"line":2,"column":null}},"2":{"start":{"line":3,"column":2},"end":{"line":3,"column":null}},"3":{"start":{"line":4,"column":2},"end":{"line":4,"column":null}},"4":{"start":{"line":5,"column":2},"end":{"line":5,"column":null}},"5":{"start":{"line":6,"column":2},"end":{"line":6,"column":null}},"6":{"start":{"line":7,"column":2},"end":{"line":7,"column":null}},"7":{"start":{"line":10,"column":0},"end":{"line":10,"column":null}},"8":{"start":{"line":11,"column":2},"end":{"line":11,"column":null}},"9":{"start":{"line":12,"column":2},"end":{"line":12,"column":null}},"10":{"start":{"line":13,"column":2},"end":{"line":13,"column":null}},"11":{"start":{"line":16,"column":0},"end":{"line":16,"column":null}},"12":{"start":{"line":17,"column":2},"end":{"line":17,"column":null}},"13":{"start":{"line":18,"column":2},"end":{"line":18,"column":null}},"14":{"start":{"line":19,"column":2},"end":{"line":19,"column":null}},"15":{"start":{"line":20,"column":2},"end":{"line":20,"column":null}},"16":{"start":{"line":21,"column":2},"end":{"line":21,"column":null}},"17":{"start":{"line":22,"column":2},"end":{"line":22,"column":null}},"18":{"start":{"line":23,"column":2},"end":{"line":23,"column":null}},"19":{"start":{"line":26,"column":13},"end":{"line":33,"column":2}}},"fnMap":{"0":{"name":"(anonymous_0)","decl":{"start":{"line":1,"column":0},"end":{"line":1,"column":12}},"loc":{"start":{"line":1,"column":29},"end":{"line":8,"column":1}}},"1":{"name":"(anonymous_1)","decl":{"start":{"line":10,"column":0},"end":{"line":10,"column":12}},"loc":{"start":{"line":10,"column":22},"end":{"line":14,"column":1}}},"2":{"name":"(anonymous_2)","decl":{"start":{"line":16,"column":0},"end":{"line":16,"column":12}},"loc":{"start":{"line":16,"column":27},"end":{"line":24,"column":1}}}},"branchMap":{"0":{"loc":{"start":{"line":1,"column":12},"end":{"line":1,"column":null}},"type":"binary-expr","locations":[{"start":{"line":1,"column":12},"end":{"line":1,"column":29}},{"start":{"line":1,"column":29},"end":{"line":1,"column":null}}]},"1":{"loc":{"start":{"line":10,"column":12},"end":{"line":10,"column":null}},"type":"binary-expr","locations":[{"start":{"line":10,"column":12},"end":{"line":10,"column":22}},{"start":{"line":10,"column":22},"end":{"line":10,"column":null}}]},"2":{"loc":{"start":{"line":16,"column":12},"end":{"line":16,"column":null}},"type":"binary-expr","locations":[{"start":{"line":16,"column":12},"end":{"line":16,"column":27}},{"start":{"line":16,"column":27},"end":{"line":16,"column":null}}]}},"s":{"0":10,"1":10,"2":10,"3":10,"4":10,"5":10,"6":10,"7":10,"8":10,"9":10,"10":10,"11":10,"12":10,"13":10,"14":10,"15":10,"16":10,"17":10,"18":10,"19":10},"f":{"0":10,"1":10,"2":10},"b":{"0":[10,10],"1":[10,10],"2":[10,10]}}
,"/Users/pedrodini/project_okinawa-1/backend/src/common/enums/reservation-status.enum.ts": {"path":"/Users/pedrodini/project_okinawa-1/backend/src/common/enums/reservation-status.enum.ts","statementMap":{"0":{"start":{"line":1,"column":0},"end":{"line":1,"column":null}},"1":{"start":{"line":2,"column":2},"end":{"line":2,"column":null}},"2":{"start":{"line":3,"column":2},"end":{"line":3,"column":null}},"3":{"start":{"line":4,"column":2},"end":{"line":4,"column":null}},"4":{"start":{"line":5,"column":2},"end":{"line":5,"column":null}},"5":{"start":{"line":6,"column":2},"end":{"line":6,"column":null}},"6":{"start":{"line":7,"column":2},"end":{"line":7,"column":null}},"7":{"start":{"line":10,"column":13},"end":{"line":17,"column":2}}},"fnMap":{"0":{"name":"(anonymous_0)","decl":{"start":{"line":1,"column":0},"end":{"line":1,"column":12}},"loc":{"start":{"line":1,"column":29},"end":{"line":8,"column":1}}}},"branchMap":{"0":{"loc":{"start":{"line":1,"column":12},"end":{"line":1,"column":null}},"type":"binary-expr","locations":[{"start":{"line":1,"column":12},"end":{"line":1,"column":29}},{"start":{"line":1,"column":29},"end":{"line":1,"column":null}}]}},"s":{"0":10,"1":10,"2":10,"3":10,"4":10,"5":10,"6":10,"7":10},"f":{"0":10},"b":{"0":[10,10]}}
,"/Users/pedrodini/project_okinawa-1/backend/src/common/enums/service-type.enum.ts": {"path":"/Users/pedrodini/project_okinawa-1/backend/src/common/enums/service-type.enum.ts","statementMap":{"0":{"start":{"line":1,"column":0},"end":{"line":1,"column":null}},"1":{"start":{"line":2,"column":2},"end":{"line":2,"column":null}},"2":{"start":{"line":3,"column":2},"end":{"line":3,"column":null}},"3":{"start":{"line":4,"column":2},"end":{"line":4,"column":null}},"4":{"start":{"line":5,"column":2},"end":{"line":5,"column":null}},"5":{"start":{"line":6,"column":2},"end":{"line":6,"column":null}},"6":{"start":{"line":7,"column":2},"end":{"line":7,"column":null}},"7":{"start":{"line":8,"column":2},"end":{"line":8,"column":null}},"8":{"start":{"line":9,"column":2},"end":{"line":9,"column":null}},"9":{"start":{"line":12,"column":13},"end":{"line":21,"column":2}},"10":{"start":{"line":23,"column":13},"end":{"line":37,"column":2}},"11":{"start":{"line":39,"column":13},"end":{"line":96,"column":2}}},"fnMap":{"0":{"name":"(anonymous_0)","decl":{"start":{"line":1,"column":0},"end":{"line":1,"column":12}},"loc":{"start":{"line":1,"column":23},"end":{"line":10,"column":1}}}},"branchMap":{"0":{"loc":{"start":{"line":1,"column":12},"end":{"line":1,"column":null}},"type":"binary-expr","locations":[{"start":{"line":1,"column":12},"end":{"line":1,"column":23}},{"start":{"line":1,"column":23},"end":{"line":1,"column":null}}]}},"s":{"0":10,"1":10,"2":10,"3":10,"4":10,"5":10,"6":10,"7":10,"8":10,"9":10,"10":10,"11":10},"f":{"0":10},"b":{"0":[10,10]}}
,"/Users/pedrodini/project_okinawa-1/backend/src/common/enums/user-role.enum.ts": {"path":"/Users/pedrodini/project_okinawa-1/backend/src/common/enums/user-role.enum.ts","statementMap":{"0":{"start":{"line":1,"column":0},"end":{"line":1,"column":null}},"1":{"start":{"line":2,"column":2},"end":{"line":2,"column":null}},"2":{"start":{"line":3,"column":2},"end":{"line":3,"column":null}},"3":{"start":{"line":4,"column":2},"end":{"line":4,"column":null}},"4":{"start":{"line":5,"column":2},"end":{"line":5,"column":null}},"5":{"start":{"line":6,"column":2},"end":{"line":6,"column":null}},"6":{"start":{"line":7,"column":2},"end":{"line":7,"column":null}},"7":{"start":{"line":10,"column":13},"end":{"line":17,"column":2}},"8":{"start":{"line":19,"column":13},"end":{"line":42,"column":2}}},"fnMap":{"0":{"name":"(anonymous_0)","decl":{"start":{"line":1,"column":0},"end":{"line":1,"column":12}},"loc":{"start":{"line":1,"column":20},"end":{"line":8,"column":1}}}},"branchMap":{"0":{"loc":{"start":{"line":1,"column":12},"end":{"line":1,"column":null}},"type":"binary-expr","locations":[{"start":{"line":1,"column":12},"end":{"line":1,"column":20}},{"start":{"line":1,"column":20},"end":{"line":1,"column":null}}]}},"s":{"0":10,"1":10,"2":10,"3":10,"4":10,"5":10,"6":10,"7":10,"8":10},"f":{"0":10},"b":{"0":[10,10]}}
,"/Users/pedrodini/project_okinawa-1/backend/src/common/filters/sentry-exception.filter.ts": {"path":"/Users/pedrodini/project_okinawa-1/backend/src/common/filters/sentry-exception.filter.ts","statementMap":{"0":{"start":{"line":1,"column":0},"end":{"line":1,"column":69}},"1":{"start":{"line":2,"column":0},"end":{"line":2,"column":51}},"2":{"start":{"line":3,"column":0},"end":{"line":3,"column":39}},"3":{"start":{"line":6,"column":7},"end":{"line":54,"column":null}},"4":{"start":{"line":8,"column":16},"end":{"line":8,"column":35}},"5":{"start":{"line":9,"column":20},"end":{"line":9,"column":36}},"6":{"start":{"line":10,"column":21},"end":{"line":10,"column":38}},"7":{"start":{"line":13,"column":4},"end":{"line":20,"column":7}},"8":{"start":{"line":23,"column":4},"end":{"line":29,"column":5}},"9":{"start":{"line":24,"column":6},"end":{"line":28,"column":9}},"10":{"start":{"line":32,"column":4},"end":{"line":36,"column":7}},"11":{"start":{"line":39,"column":4},"end":{"line":49,"column":5}},"12":{"start":{"line":40,"column":21},"end":{"line":40,"column":42}},"13":{"start":{"line":43,"column":6},"end":{"line":45,"column":7}},"14":{"start":{"line":44,"column":8},"end":{"line":44,"column":43}},"15":{"start":{"line":48,"column":6},"end":{"line":48,"column":41}},"16":{"start":{"line":52,"column":4},"end":{"line":52,"column":33}},"17":{"start":{"line":6,"column":13},"end":{"line":6,"column":34}},"18":{"start":{"line":6,"column":13},"end":{"line":54,"column":null}}},"fnMap":{"0":{"name":"(anonymous_10)","decl":{"start":{"line":7,"column":2},"end":{"line":7,"column":7}},"loc":{"start":{"line":7,"column":47},"end":{"line":53,"column":3}}}},"branchMap":{"0":{"loc":{"start":{"line":23,"column":4},"end":{"line":29,"column":5}},"type":"if","locations":[{"start":{"line":23,"column":4},"end":{"line":29,"column":5}}]},"1":{"loc":{"start":{"line":33,"column":19},"end":{"line":33,"column":56}},"type":"binary-expr","locations":[{"start":{"line":33,"column":19},"end":{"line":33,"column":39}},{"start":{"line":33,"column":43},"end":{"line":33,"column":56}}]},"2":{"loc":{"start":{"line":39,"column":4},"end":{"line":49,"column":5}},"type":"if","locations":[{"start":{"line":39,"column":4},"end":{"line":49,"column":5}},{"start":{"line":46,"column":11},"end":{"line":49,"column":5}}]},"3":{"loc":{"start":{"line":43,"column":6},"end":{"line":45,"column":7}},"type":"if","locations":[{"start":{"line":43,"column":6},"end":{"line":45,"column":7}}]}},"s":{"0":0,"1":0,"2":0,"3":0,"4":0,"5":0,"6":0,"7":0,"8":0,"9":0,"10":0,"11":0,"12":0,"13":0,"14":0,"15":0,"16":0,"17":0,"18":0},"f":{"0":0},"b":{"0":[0],"1":[0,0],"2":[0,0],"3":[0]}}
,"/Users/pedrodini/project_okinawa-1/backend/src/common/guards/menu-item-owner.guard.ts": {"path":"/Users/pedrodini/project_okinawa-1/backend/src/common/guards/menu-item-owner.guard.ts","statementMap":{"0":{"start":{"line":1,"column":0},"end":{"line":1,"column":null}},"1":{"start":{"line":8,"column":0},"end":{"line":8,"column":51}},"2":{"start":{"line":9,"column":0},"end":{"line":9,"column":37}},"3":{"start":{"line":10,"column":0},"end":{"line":10,"column":74}},"4":{"start":{"line":11,"column":0},"end":{"line":11,"column":74}},"5":{"start":{"line":12,"column":0},"end":{"line":12,"column":58}},"6":{"start":{"line":19,"column":7},"end":{"line":80,"column":null}},"7":{"start":{"line":22,"column":12},"end":{"line":22,"column":32}},"8":{"start":{"line":24,"column":12},"end":{"line":24,"column":32}},"9":{"start":{"line":28,"column":20},"end":{"line":28,"column":55}},"10":{"start":{"line":29,"column":17},"end":{"line":29,"column":29}},"11":{"start":{"line":31,"column":4},"end":{"line":33,"column":5}},"12":{"start":{"line":32,"column":6},"end":{"line":32,"column":61}},"13":{"start":{"line":38,"column":4},"end":{"line":53,"column":5}},"14":{"start":{"line":39,"column":6},"end":{"line":39,"column":48}},"15":{"start":{"line":42,"column":9},"end":{"line":53,"column":5}},"16":{"start":{"line":43,"column":23},"end":{"line":46,"column":8}},"17":{"start":{"line":48,"column":6},"end":{"line":50,"column":7}},"18":{"start":{"line":49,"column":8},"end":{"line":49,"column":59}},"19":{"start":{"line":52,"column":6},"end":{"line":52,"column":44}},"20":{"start":{"line":55,"column":4},"end":{"line":57,"column":5}},"21":{"start":{"line":56,"column":6},"end":{"line":56,"column":65}},"22":{"start":{"line":60,"column":21},"end":{"line":66,"column":6}},"23":{"start":{"line":68,"column":4},"end":{"line":70,"column":5}},"24":{"start":{"line":69,"column":6},"end":{"line":69,"column":79}},"25":{"start":{"line":73,"column":25},"end":{"line":73,"column":86}},"26":{"start":{"line":74,"column":4},"end":{"line":76,"column":5}},"27":{"start":{"line":75,"column":6},"end":{"line":75,"column":86}},"28":{"start":{"line":78,"column":4},"end":{"line":78,"column":16}},"29":{"start":{"line":19,"column":13},"end":{"line":19,"column":31}},"30":{"start":{"line":19,"column":13},"end":{"line":80,"column":null}}},"fnMap":{"0":{"name":"(anonymous_4)","decl":{"start":{"line":20,"column":2},"end":{"line":20,"column":null}},"loc":{"start":{"line":24,"column":52},"end":{"line":25,"column":6}}},"1":{"name":"(anonymous_5)","decl":{"start":{"line":27,"column":2},"end":{"line":27,"column":7}},"loc":{"start":{"line":27,"column":45},"end":{"line":79,"column":3}}}},"branchMap":{"0":{"loc":{"start":{"line":31,"column":4},"end":{"line":33,"column":5}},"type":"if","locations":[{"start":{"line":31,"column":4},"end":{"line":33,"column":5}}]},"1":{"loc":{"start":{"line":31,"column":8},"end":{"line":31,"column":26}},"type":"binary-expr","locations":[{"start":{"line":31,"column":8},"end":{"line":31,"column":13}},{"start":{"line":31,"column":17},"end":{"line":31,"column":26}}]},"2":{"loc":{"start":{"line":38,"column":4},"end":{"line":53,"column":5}},"type":"if","locations":[{"start":{"line":38,"column":4},"end":{"line":53,"column":5}},{"start":{"line":42,"column":9},"end":{"line":53,"column":5}}]},"3":{"loc":{"start":{"line":42,"column":9},"end":{"line":53,"column":5}},"type":"if","locations":[{"start":{"line":42,"column":9},"end":{"line":53,"column":5}}]},"4":{"loc":{"start":{"line":48,"column":6},"end":{"line":50,"column":7}},"type":"if","locations":[{"start":{"line":48,"column":6},"end":{"line":50,"column":7}}]},"5":{"loc":{"start":{"line":55,"column":4},"end":{"line":57,"column":5}},"type":"if","locations":[{"start":{"line":55,"column":4},"end":{"line":57,"column":5}}]},"6":{"loc":{"start":{"line":68,"column":4},"end":{"line":70,"column":5}},"type":"if","locations":[{"start":{"line":68,"column":4},"end":{"line":70,"column":5}}]},"7":{"loc":{"start":{"line":74,"column":4},"end":{"line":76,"column":5}},"type":"if","locations":[{"start":{"line":74,"column":4},"end":{"line":76,"column":5}}]}},"s":{"0":0,"1":0,"2":0,"3":0,"4":0,"5":0,"6":0,"7":0,"8":0,"9":0,"10":0,"11":0,"12":0,"13":0,"14":0,"15":0,"16":0,"17":0,"18":0,"19":0,"20":0,"21":0,"22":0,"23":0,"24":0,"25":0,"26":0,"27":0,"28":0,"29":0,"30":0},"f":{"0":0,"1":0},"b":{"0":[0],"1":[0,0],"2":[0,0],"3":[0],"4":[0],"5":[0],"6":[0],"7":[0]}}
,"/Users/pedrodini/project_okinawa-1/backend/src/common/guards/restaurant-owner.guard.ts": {"path":"/Users/pedrodini/project_okinawa-1/backend/src/common/guards/restaurant-owner.guard.ts","statementMap":{"0":{"start":{"line":1,"column":0},"end":{"line":1,"column":null}},"1":{"start":{"line":8,"column":0},"end":{"line":8,"column":51}},"2":{"start":{"line":9,"column":0},"end":{"line":9,"column":37}},"3":{"start":{"line":10,"column":0},"end":{"line":10,"column":74}},"4":{"start":{"line":11,"column":0},"end":{"line":11,"column":58}},"5":{"start":{"line":18,"column":7},"end":{"line":63,"column":null}},"6":{"start":{"line":21,"column":12},"end":{"line":21,"column":32}},"7":{"start":{"line":25,"column":20},"end":{"line":25,"column":55}},"8":{"start":{"line":26,"column":17},"end":{"line":26,"column":29}},"9":{"start":{"line":28,"column":4},"end":{"line":30,"column":5}},"10":{"start":{"line":29,"column":6},"end":{"line":29,"column":61}},"11":{"start":{"line":33,"column":25},"end":{"line":33,"column":103}},"12":{"start":{"line":35,"column":4},"end":{"line":37,"column":5}},"13":{"start":{"line":36,"column":6},"end":{"line":36,"column":65}},"14":{"start":{"line":40,"column":21},"end":{"line":46,"column":6}},"15":{"start":{"line":48,"column":4},"end":{"line":50,"column":5}},"16":{"start":{"line":49,"column":6},"end":{"line":49,"column":79}},"17":{"start":{"line":53,"column":25},"end":{"line":53,"column":67}},"18":{"start":{"line":54,"column":4},"end":{"line":56,"column":5}},"19":{"start":{"line":55,"column":6},"end":{"line":55,"column":91}},"20":{"start":{"line":59,"column":4},"end":{"line":59,"column":40}},"21":{"start":{"line":61,"column":4},"end":{"line":61,"column":16}},"22":{"start":{"line":18,"column":13},"end":{"line":18,"column":33}},"23":{"start":{"line":18,"column":13},"end":{"line":63,"column":null}}},"fnMap":{"0":{"name":"(anonymous_4)","decl":{"start":{"line":19,"column":2},"end":{"line":19,"column":null}},"loc":{"start":{"line":21,"column":52},"end":{"line":22,"column":6}}},"1":{"name":"(anonymous_5)","decl":{"start":{"line":24,"column":2},"end":{"line":24,"column":7}},"loc":{"start":{"line":24,"column":45},"end":{"line":62,"column":3}}}},"branchMap":{"0":{"loc":{"start":{"line":28,"column":4},"end":{"line":30,"column":5}},"type":"if","locations":[{"start":{"line":28,"column":4},"end":{"line":30,"column":5}}]},"1":{"loc":{"start":{"line":28,"column":8},"end":{"line":28,"column":26}},"type":"binary-expr","locations":[{"start":{"line":28,"column":8},"end":{"line":28,"column":13}},{"start":{"line":28,"column":17},"end":{"line":28,"column":26}}]},"2":{"loc":{"start":{"line":33,"column":25},"end":{"line":33,"column":103}},"type":"binary-expr","locations":[{"start":{"line":33,"column":25},"end":{"line":33,"column":42}},{"start":{"line":33,"column":46},"end":{"line":33,"column":73}},{"start":{"line":33,"column":77},"end":{"line":33,"column":103}}]},"3":{"loc":{"start":{"line":35,"column":4},"end":{"line":37,"column":5}},"type":"if","locations":[{"start":{"line":35,"column":4},"end":{"line":37,"column":5}}]},"4":{"loc":{"start":{"line":48,"column":4},"end":{"line":50,"column":5}},"type":"if","locations":[{"start":{"line":48,"column":4},"end":{"line":50,"column":5}}]},"5":{"loc":{"start":{"line":54,"column":4},"end":{"line":56,"column":5}},"type":"if","locations":[{"start":{"line":54,"column":4},"end":{"line":56,"column":5}}]}},"s":{"0":0,"1":0,"2":0,"3":0,"4":0,"5":0,"6":0,"7":0,"8":0,"9":0,"10":0,"11":0,"12":0,"13":0,"14":0,"15":0,"16":0,"17":0,"18":0,"19":0,"20":0,"21":0,"22":0,"23":0},"f":{"0":0,"1":0},"b":{"0":[0],"1":[0,0],"2":[0,0,0],"3":[0],"4":[0],"5":[0]}}
,"/Users/pedrodini/project_okinawa-1/backend/src/common/services/email.service.ts": {"path":"/Users/pedrodini/project_okinawa-1/backend/src/common/services/email.service.ts","statementMap":{"0":{"start":{"line":1,"column":0},"end":{"line":1,"column":52}},"1":{"start":{"line":2,"column":0},"end":{"line":2,"column":47}},"2":{"start":{"line":3,"column":0},"end":{"line":3,"column":41}},"3":{"start":{"line":13,"column":25},"end":{"line":420,"column":null}},"4":{"start":{"line":17,"column":22},"end":{"line":17,"column":37}},"5":{"start":{"line":14,"column":19},"end":{"line":14,"column":58}},"6":{"start":{"line":18,"column":19},"end":{"line":18,"column":69}},"7":{"start":{"line":19,"column":4},"end":{"line":19,"column":68}},"8":{"start":{"line":21,"column":4},"end":{"line":28,"column":5}},"9":{"start":{"line":22,"column":6},"end":{"line":22,"column":31}},"10":{"start":{"line":23,"column":6},"end":{"line":23,"column":60}},"11":{"start":{"line":25,"column":6},"end":{"line":27,"column":8}},"12":{"start":{"line":35,"column":4},"end":{"line":42,"column":5}},"13":{"start":{"line":36,"column":6},"end":{"line":38,"column":8}},"14":{"start":{"line":39,"column":6},"end":{"line":39,"column":55}},"15":{"start":{"line":40,"column":6},"end":{"line":40,"column":49}},"16":{"start":{"line":41,"column":6},"end":{"line":41,"column":19}},"17":{"start":{"line":44,"column":4},"end":{"line":70,"column":5}},"18":{"start":{"line":45,"column":18},"end":{"line":58,"column":8}},"19":{"start":{"line":60,"column":6},"end":{"line":60,"column":29}},"20":{"start":{"line":61,"column":6},"end":{"line":61,"column":66}},"21":{"start":{"line":62,"column":6},"end":{"line":62,"column":18}},"22":{"start":{"line":64,"column":18},"end":{"line":64,"column":32}},"23":{"start":{"line":65,"column":6},"end":{"line":68,"column":8}},"24":{"start":{"line":69,"column":6},"end":{"line":69,"column":19}},"25":{"start":{"line":81,"column":24},"end":{"line":81,"column":97}},"26":{"start":{"line":82,"column":21},"end":{"line":82,"column":72}},"27":{"start":{"line":83,"column":30},"end":{"line":83,"column":32}},"28":{"start":{"line":85,"column":17},"end":{"line":223,"column":6}},"29":{"start":{"line":225,"column":17},"end":{"line":244,"column":6}},"30":{"start":{"line":246,"column":4},"end":{"line":251,"column":7}},"31":{"start":{"line":261,"column":24},"end":{"line":261,"column":97}},"32":{"start":{"line":263,"column":17},"end":{"line":387,"column":6}},"33":{"start":{"line":389,"column":17},"end":{"line":404,"column":6}},"34":{"start":{"line":406,"column":4},"end":{"line":411,"column":7}},"35":{"start":{"line":418,"column":4},"end":{"line":418,"column":68}},"36":{"start":{"line":13,"column":13},"end":{"line":13,"column":25}},"37":{"start":{"line":13,"column":13},"end":{"line":420,"column":null}}},"fnMap":{"0":{"name":"(anonymous_11)","decl":{"start":{"line":17,"column":2},"end":{"line":17,"column":22}},"loc":{"start":{"line":17,"column":50},"end":{"line":29,"column":3}}},"1":{"name":"(anonymous_12)","decl":{"start":{"line":34,"column":2},"end":{"line":34,"column":7}},"loc":{"start":{"line":34,"column":39},"end":{"line":71,"column":3}}},"2":{"name":"(anonymous_13)","decl":{"start":{"line":76,"column":2},"end":{"line":76,"column":7}},"loc":{"start":{"line":79,"column":21},"end":{"line":252,"column":3}}},"3":{"name":"(anonymous_14)","decl":{"start":{"line":257,"column":2},"end":{"line":257,"column":7}},"loc":{"start":{"line":259,"column":21},"end":{"line":412,"column":3}}},"4":{"name":"(anonymous_15)","decl":{"start":{"line":417,"column":10},"end":{"line":417,"column":19}},"loc":{"start":{"line":417,"column":32},"end":{"line":419,"column":3}}}},"branchMap":{"0":{"loc":{"start":{"line":19,"column":21},"end":{"line":19,"column":67}},"type":"binary-expr","locations":[{"start":{"line":19,"column":21},"end":{"line":19,"column":29}},{"start":{"line":19,"column":33},"end":{"line":19,"column":67}}]},"1":{"loc":{"start":{"line":21,"column":4},"end":{"line":28,"column":5}},"type":"if","locations":[{"start":{"line":21,"column":4},"end":{"line":28,"column":5}},{"start":{"line":24,"column":11},"end":{"line":28,"column":5}}]},"2":{"loc":{"start":{"line":21,"column":8},"end":{"line":21,"column":32}},"type":"binary-expr","locations":[{"start":{"line":21,"column":8},"end":{"line":21,"column":22}},{"start":{"line":21,"column":26},"end":{"line":21,"column":32}}]},"3":{"loc":{"start":{"line":35,"column":4},"end":{"line":42,"column":5}},"type":"if","locations":[{"start":{"line":35,"column":4},"end":{"line":42,"column":5}}]},"4":{"loc":{"start":{"line":49,"column":12},"end":{"line":50,"column":33}},"type":"binary-expr","locations":[{"start":{"line":49,"column":12},"end":{"line":49,"column":65}},{"start":{"line":50,"column":12},"end":{"line":50,"column":33}}]},"5":{"loc":{"start":{"line":52,"column":12},"end":{"line":53,"column":29}},"type":"binary-expr","locations":[{"start":{"line":52,"column":12},"end":{"line":52,"column":64}},{"start":{"line":53,"column":12},"end":{"line":53,"column":29}}]},"6":{"loc":{"start":{"line":57,"column":14},"end":{"line":57,"column":58}},"type":"binary-expr","locations":[{"start":{"line":57,"column":14},"end":{"line":57,"column":26}},{"start":{"line":57,"column":30},"end":{"line":57,"column":58}}]},"7":{"loc":{"start":{"line":81,"column":24},"end":{"line":81,"column":97}},"type":"binary-expr","locations":[{"start":{"line":81,"column":24},"end":{"line":81,"column":70}},{"start":{"line":81,"column":74},"end":{"line":81,"column":97}}]},"8":{"loc":{"start":{"line":193,"column":14},"end":{"line":193,"column":44}},"type":"cond-expr","locations":[{"start":{"line":193,"column":25},"end":{"line":193,"column":39}},{"start":{"line":193,"column":42},"end":{"line":193,"column":44}}]},"9":{"loc":{"start":{"line":228,"column":5},"end":{"line":228,"column":35}},"type":"cond-expr","locations":[{"start":{"line":228,"column":16},"end":{"line":228,"column":30}},{"start":{"line":228,"column":33},"end":{"line":228,"column":35}}]},"10":{"loc":{"start":{"line":261,"column":24},"end":{"line":261,"column":97}},"type":"binary-expr","locations":[{"start":{"line":261,"column":24},"end":{"line":261,"column":70}},{"start":{"line":261,"column":74},"end":{"line":261,"column":97}}]},"11":{"loc":{"start":{"line":360,"column":14},"end":{"line":360,"column":44}},"type":"cond-expr","locations":[{"start":{"line":360,"column":25},"end":{"line":360,"column":39}},{"start":{"line":360,"column":42},"end":{"line":360,"column":44}}]},"12":{"loc":{"start":{"line":392,"column":5},"end":{"line":392,"column":35}},"type":"cond-expr","locations":[{"start":{"line":392,"column":16},"end":{"line":392,"column":30}},{"start":{"line":392,"column":33},"end":{"line":392,"column":35}}]}},"s":{"0":1,"1":1,"2":1,"3":1,"4":0,"5":0,"6":0,"7":0,"8":0,"9":0,"10":0,"11":0,"12":0,"13":0,"14":0,"15":0,"16":0,"17":0,"18":0,"19":0,"20":0,"21":0,"22":0,"23":0,"24":0,"25":0,"26":0,"27":0,"28":0,"29":0,"30":0,"31":0,"32":0,"33":0,"34":0,"35":0,"36":1,"37":1},"f":{"0":0,"1":0,"2":0,"3":0,"4":0},"b":{"0":[0,0],"1":[0,0],"2":[0,0],"3":[0],"4":[0,0],"5":[0,0],"6":[0,0],"7":[0,0],"8":[0,0],"9":[0,0],"10":[0,0],"11":[0,0],"12":[0,0]}}
,"/Users/pedrodini/project_okinawa-1/backend/src/config/database.config.ts": {"path":"/Users/pedrodini/project_okinawa-1/backend/src/config/database.config.ts","statementMap":{"0":{"start":{"line":1,"column":0},"end":{"line":1,"column":37}},"1":{"start":{"line":2,"column":0},"end":{"line":2,"column":48}},"2":{"start":{"line":3,"column":0},"end":{"line":3,"column":28}},"3":{"start":{"line":5,"column":0},"end":{"line":5,"column":15}},"4":{"start":{"line":7,"column":0},"end":{"line":18,"column":3}}},"fnMap":{},"branchMap":{"0":{"loc":{"start":{"line":9,"column":8},"end":{"line":9,"column":48}},"type":"binary-expr","locations":[{"start":{"line":9,"column":8},"end":{"line":9,"column":33}},{"start":{"line":9,"column":37},"end":{"line":9,"column":48}}]},"1":{"loc":{"start":{"line":10,"column":17},"end":{"line":10,"column":52}},"type":"binary-expr","locations":[{"start":{"line":10,"column":17},"end":{"line":10,"column":42}},{"start":{"line":10,"column":46},"end":{"line":10,"column":52}}]},"2":{"loc":{"start":{"line":11,"column":12},"end":{"line":11,"column":55}},"type":"binary-expr","locations":[{"start":{"line":11,"column":12},"end":{"line":11,"column":37}},{"start":{"line":11,"column":41},"end":{"line":11,"column":55}}]},"3":{"loc":{"start":{"line":12,"column":12},"end":{"line":12,"column":67}},"type":"binary-expr","locations":[{"start":{"line":12,"column":12},"end":{"line":12,"column":41}},{"start":{"line":12,"column":45},"end":{"line":12,"column":67}}]},"4":{"loc":{"start":{"line":13,"column":12},"end":{"line":13,"column":53}},"type":"binary-expr","locations":[{"start":{"line":13,"column":12},"end":{"line":13,"column":37}},{"start":{"line":13,"column":41},"end":{"line":13,"column":53}}]}},"s":{"0":0,"1":0,"2":0,"3":0,"4":0},"f":{},"b":{"0":[0,0],"1":[0,0],"2":[0,0],"3":[0,0],"4":[0,0]}}
,"/Users/pedrodini/project_okinawa-1/backend/src/config/redis.config.ts": {"path":"/Users/pedrodini/project_okinawa-1/backend/src/config/redis.config.ts","statementMap":{"0":{"start":{"line":3,"column":27},"end":{"line":19,"column":2}},"1":{"start":{"line":3,"column":53},"end":{"line":19,"column":2}},"2":{"start":{"line":3,"column":13},"end":{"line":3,"column":27}}},"fnMap":{"0":{"name":"(anonymous_0)","decl":{"start":{"line":3,"column":27},"end":{"line":3,"column":49}},"loc":{"start":{"line":3,"column":53},"end":{"line":19,"column":2}}}},"branchMap":{"0":{"loc":{"start":{"line":5,"column":10},"end":{"line":5,"column":47}},"type":"binary-expr","locations":[{"start":{"line":5,"column":10},"end":{"line":5,"column":32}},{"start":{"line":5,"column":36},"end":{"line":5,"column":47}}]},"1":{"loc":{"start":{"line":6,"column":19},"end":{"line":6,"column":51}},"type":"binary-expr","locations":[{"start":{"line":6,"column":19},"end":{"line":6,"column":41}},{"start":{"line":6,"column":45},"end":{"line":6,"column":51}}]},"2":{"loc":{"start":{"line":8,"column":17},"end":{"line":8,"column":44}},"type":"binary-expr","locations":[{"start":{"line":8,"column":17},"end":{"line":8,"column":37}},{"start":{"line":8,"column":41},"end":{"line":8,"column":44}}]}},"s":{"0":0,"1":0,"2":0},"f":{"0":0},"b":{"0":[0,0],"1":[0,0],"2":[0,0]}}
,"/Users/pedrodini/project_okinawa-1/backend/src/config/swagger.config.ts": {"path":"/Users/pedrodini/project_okinawa-1/backend/src/config/swagger.config.ts","statementMap":{"0":{"start":{"line":1,"column":0},"end":{"line":1,"column":50}},"1":{"start":{"line":3,"column":13},"end":{"line":35,"column":11}}},"fnMap":{},"branchMap":{},"s":{"0":0,"1":0},"f":{},"b":{}}
,"/Users/pedrodini/project_okinawa-1/backend/src/config/throttler.config.ts": {"path":"/Users/pedrodini/project_okinawa-1/backend/src/config/throttler.config.ts","statementMap":{"0":{"start":{"line":3,"column":31},"end":{"line":10,"column":2}},"1":{"start":{"line":3,"column":62},"end":{"line":10,"column":2}},"2":{"start":{"line":3,"column":13},"end":{"line":3,"column":31}}},"fnMap":{"0":{"name":"(anonymous_0)","decl":{"start":{"line":3,"column":31},"end":{"line":3,"column":58}},"loc":{"start":{"line":3,"column":62},"end":{"line":10,"column":2}}}},"branchMap":{"0":{"loc":{"start":{"line":6,"column":20},"end":{"line":6,"column":55}},"type":"binary-expr","locations":[{"start":{"line":6,"column":20},"end":{"line":6,"column":44}},{"start":{"line":6,"column":48},"end":{"line":6,"column":55}}]},"1":{"loc":{"start":{"line":7,"column":22},"end":{"line":7,"column":57}},"type":"binary-expr","locations":[{"start":{"line":7,"column":22},"end":{"line":7,"column":48}},{"start":{"line":7,"column":52},"end":{"line":7,"column":57}}]}},"s":{"0":0,"1":0,"2":0},"f":{"0":0},"b":{"0":[0,0],"1":[0,0]}}
,"/Users/pedrodini/project_okinawa-1/backend/src/config/typeorm.config.ts": {"path":"/Users/pedrodini/project_okinawa-1/backend/src/config/typeorm.config.ts","statementMap":{"0":{"start":{"line":2,"column":0},"end":{"line":2,"column":56}},"1":{"start":{"line":4,"column":29},"end":{"line":16,"column":2}},"2":{"start":{"line":4,"column":58},"end":{"line":16,"column":2}},"3":{"start":{"line":4,"column":13},"end":{"line":4,"column":29}},"4":{"start":{"line":18,"column":45},"end":{"line":29,"column":2}},"5":{"start":{"line":31,"column":13},"end":{"line":31,"column":63}},"6":{"start":{"line":32,"column":0},"end":{"line":32,"column":29}}},"fnMap":{"0":{"name":"(anonymous_0)","decl":{"start":{"line":4,"column":29},"end":{"line":4,"column":54}},"loc":{"start":{"line":4,"column":58},"end":{"line":16,"column":2}}}},"branchMap":{"0":{"loc":{"start":{"line":6,"column":8},"end":{"line":6,"column":48}},"type":"binary-expr","locations":[{"start":{"line":6,"column":8},"end":{"line":6,"column":33}},{"start":{"line":6,"column":37},"end":{"line":6,"column":48}}]},"1":{"loc":{"start":{"line":7,"column":17},"end":{"line":7,"column":52}},"type":"binary-expr","locations":[{"start":{"line":7,"column":17},"end":{"line":7,"column":42}},{"start":{"line":7,"column":46},"end":{"line":7,"column":52}}]},"2":{"loc":{"start":{"line":8,"column":12},"end":{"line":8,"column":51}},"type":"binary-expr","locations":[{"start":{"line":8,"column":12},"end":{"line":8,"column":37}},{"start":{"line":8,"column":41},"end":{"line":8,"column":51}}]},"3":{"loc":{"start":{"line":9,"column":12},"end":{"line":9,"column":55}},"type":"binary-expr","locations":[{"start":{"line":9,"column":12},"end":{"line":9,"column":41}},{"start":{"line":9,"column":45},"end":{"line":9,"column":55}}]},"4":{"loc":{"start":{"line":10,"column":12},"end":{"line":10,"column":50}},"type":"binary-expr","locations":[{"start":{"line":10,"column":12},"end":{"line":10,"column":37}},{"start":{"line":10,"column":41},"end":{"line":10,"column":50}}]},"5":{"loc":{"start":{"line":15,"column":7},"end":{"line":15,"column":82}},"type":"cond-expr","locations":[{"start":{"line":15,"column":45},"end":{"line":15,"column":74}},{"start":{"line":15,"column":77},"end":{"line":15,"column":82}}]},"6":{"loc":{"start":{"line":20,"column":8},"end":{"line":20,"column":48}},"type":"binary-expr","locations":[{"start":{"line":20,"column":8},"end":{"line":20,"column":33}},{"start":{"line":20,"column":37},"end":{"line":20,"column":48}}]},"7":{"loc":{"start":{"line":21,"column":17},"end":{"line":21,"column":52}},"type":"binary-expr","locations":[{"start":{"line":21,"column":17},"end":{"line":21,"column":42}},{"start":{"line":21,"column":46},"end":{"line":21,"column":52}}]},"8":{"loc":{"start":{"line":22,"column":12},"end":{"line":22,"column":51}},"type":"binary-expr","locations":[{"start":{"line":22,"column":12},"end":{"line":22,"column":37}},{"start":{"line":22,"column":41},"end":{"line":22,"column":51}}]},"9":{"loc":{"start":{"line":23,"column":12},"end":{"line":23,"column":55}},"type":"binary-expr","locations":[{"start":{"line":23,"column":12},"end":{"line":23,"column":41}},{"start":{"line":23,"column":45},"end":{"line":23,"column":55}}]},"10":{"loc":{"start":{"line":24,"column":12},"end":{"line":24,"column":50}},"type":"binary-expr","locations":[{"start":{"line":24,"column":12},"end":{"line":24,"column":37}},{"start":{"line":24,"column":41},"end":{"line":24,"column":50}}]}},"s":{"0":0,"1":0,"2":0,"3":0,"4":0,"5":0,"6":0},"f":{"0":0},"b":{"0":[0,0],"1":[0,0],"2":[0,0],"3":[0,0],"4":[0,0],"5":[0,0],"6":[0,0],"7":[0,0],"8":[0,0],"9":[0,0],"10":[0,0]}}
,"/Users/pedrodini/project_okinawa-1/backend/src/database/migrations/1234567890123-AddNotesToTables.ts": {"path":"/Users/pedrodini/project_okinawa-1/backend/src/database/migrations/1234567890123-AddNotesToTables.ts","statementMap":{"0":{"start":{"line":1,"column":0},"end":{"line":1,"column":71}},"1":{"start":{"line":5,"column":4},"end":{"line":12,"column":6}},"2":{"start":{"line":16,"column":4},"end":{"line":16,"column":52}},"3":{"start":{"line":3,"column":0},"end":{"line":3,"column":13}}},"fnMap":{"0":{"name":"(anonymous_0)","decl":{"start":{"line":4,"column":9},"end":{"line":4,"column":14}},"loc":{"start":{"line":4,"column":42},"end":{"line":13,"column":3}}},"1":{"name":"(anonymous_1)","decl":{"start":{"line":15,"column":9},"end":{"line":15,"column":14}},"loc":{"start":{"line":15,"column":44},"end":{"line":17,"column":3}}}},"branchMap":{},"s":{"0":0,"1":0,"2":0,"3":0},"f":{"0":0,"1":0},"b":{}}
,"/Users/pedrodini/project_okinawa-1/backend/src/database/migrations/1701000000001-CreateInitialTables.ts": {"path":"/Users/pedrodini/project_okinawa-1/backend/src/database/migrations/1701000000001-CreateInitialTables.ts","statementMap":{"0":{"start":{"line":4,"column":2},"end":{"line":4,"column":44}},"1":{"start":{"line":11,"column":4},"end":{"line":23,"column":7}},"2":{"start":{"line":26,"column":4},"end":{"line":38,"column":7}},"3":{"start":{"line":41,"column":4},"end":{"line":58,"column":7}},"4":{"start":{"line":61,"column":4},"end":{"line":87,"column":7}},"5":{"start":{"line":95,"column":4},"end":{"line":106,"column":7}},"6":{"start":{"line":109,"column":4},"end":{"line":128,"column":7}},"7":{"start":{"line":131,"column":4},"end":{"line":145,"column":7}},"8":{"start":{"line":148,"column":4},"end":{"line":168,"column":7}},"9":{"start":{"line":171,"column":4},"end":{"line":186,"column":7}},"10":{"start":{"line":189,"column":4},"end":{"line":208,"column":7}},"11":{"start":{"line":211,"column":4},"end":{"line":220,"column":7}},"12":{"start":{"line":223,"column":4},"end":{"line":235,"column":7}},"13":{"start":{"line":238,"column":4},"end":{"line":253,"column":7}},"14":{"start":{"line":256,"column":4},"end":{"line":256,"column":96}},"15":{"start":{"line":257,"column":4},"end":{"line":257,"column":108}},"16":{"start":{"line":258,"column":4},"end":{"line":258,"column":94}},"17":{"start":{"line":259,"column":4},"end":{"line":259,"column":108}},"18":{"start":{"line":260,"column":4},"end":{"line":260,"column":88}},"19":{"start":{"line":261,"column":4},"end":{"line":261,"column":100}},"20":{"start":{"line":262,"column":4},"end":{"line":262,"column":86}},"21":{"start":{"line":263,"column":4},"end":{"line":263,"column":100}},"22":{"start":{"line":264,"column":4},"end":{"line":264,"column":112}},"23":{"start":{"line":265,"column":4},"end":{"line":265,"column":106}},"24":{"start":{"line":270,"column":4},"end":{"line":270,"column":71}},"25":{"start":{"line":271,"column":4},"end":{"line":271,"column":82}},"26":{"start":{"line":272,"column":4},"end":{"line":272,"column":70}},"27":{"start":{"line":273,"column":4},"end":{"line":273,"column":75}},"28":{"start":{"line":274,"column":4},"end":{"line":274,"column":74}},"29":{"start":{"line":275,"column":4},"end":{"line":275,"column":69}},"30":{"start":{"line":276,"column":4},"end":{"line":276,"column":69}},"31":{"start":{"line":277,"column":4},"end":{"line":277,"column":73}},"32":{"start":{"line":278,"column":4},"end":{"line":278,"column":78}},"33":{"start":{"line":279,"column":4},"end":{"line":279,"column":74}},"34":{"start":{"line":280,"column":4},"end":{"line":280,"column":72}},"35":{"start":{"line":281,"column":4},"end":{"line":281,"column":73}},"36":{"start":{"line":282,"column":4},"end":{"line":282,"column":71}},"37":{"start":{"line":3,"column":0},"end":{"line":3,"column":13}}},"fnMap":{"0":{"name":"(anonymous_0)","decl":{"start":{"line":3,"column":0},"end":{"line":3,"column":13}},"loc":{"start":{"line":3,"column":0},"end":{"line":284,"column":1}}},"1":{"name":"(anonymous_1)","decl":{"start":{"line":6,"column":9},"end":{"line":6,"column":14}},"loc":{"start":{"line":6,"column":42},"end":{"line":266,"column":3}}},"2":{"name":"(anonymous_2)","decl":{"start":{"line":268,"column":9},"end":{"line":268,"column":14}},"loc":{"start":{"line":268,"column":44},"end":{"line":283,"column":3}}}},"branchMap":{},"s":{"0":0,"1":0,"2":0,"3":0,"4":0,"5":0,"6":0,"7":0,"8":0,"9":0,"10":0,"11":0,"12":0,"13":0,"14":0,"15":0,"16":0,"17":0,"18":0,"19":0,"20":0,"21":0,"22":0,"23":0,"24":0,"25":0,"26":0,"27":0,"28":0,"29":0,"30":0,"31":0,"32":0,"33":0,"34":0,"35":0,"36":0,"37":0},"f":{"0":0,"1":0,"2":0},"b":{}}
,"/Users/pedrodini/project_okinawa-1/backend/src/database/migrations/1764695661021-AddMissingColumns.ts": {"path":"/Users/pedrodini/project_okinawa-1/backend/src/database/migrations/1764695661021-AddMissingColumns.ts","statementMap":{"0":{"start":{"line":7,"column":8},"end":{"line":14,"column":11}},"1":{"start":{"line":17,"column":8},"end":{"line":23,"column":11}},"2":{"start":{"line":26,"column":8},"end":{"line":32,"column":11}},"3":{"start":{"line":37,"column":8},"end":{"line":37,"column":107}},"4":{"start":{"line":40,"column":8},"end":{"line":46,"column":11}},"5":{"start":{"line":49,"column":8},"end":{"line":56,"column":11}},"6":{"start":{"line":3,"column":0},"end":{"line":3,"column":13}}},"fnMap":{"0":{"name":"(anonymous_0)","decl":{"start":{"line":5,"column":11},"end":{"line":5,"column":16}},"loc":{"start":{"line":5,"column":44},"end":{"line":33,"column":5}}},"1":{"name":"(anonymous_1)","decl":{"start":{"line":35,"column":11},"end":{"line":35,"column":16}},"loc":{"start":{"line":35,"column":46},"end":{"line":57,"column":5}}}},"branchMap":{},"s":{"0":0,"1":0,"2":0,"3":0,"4":0,"5":0,"6":0},"f":{"0":0,"1":0},"b":{}}
,"/Users/pedrodini/project_okinawa-1/backend/src/database/migrations/1764699174742-CreateMissingTables.ts": {"path":"/Users/pedrodini/project_okinawa-1/backend/src/database/migrations/1764699174742-CreateMissingTables.ts","statementMap":{"0":{"start":{"line":4,"column":4},"end":{"line":4,"column":null}},"1":{"start":{"line":7,"column":8},"end":{"line":7,"column":90}},"2":{"start":{"line":8,"column":8},"end":{"line":8,"column":95}},"3":{"start":{"line":9,"column":8},"end":{"line":9,"column":89}},"4":{"start":{"line":10,"column":8},"end":{"line":10,"column":104}},"5":{"start":{"line":11,"column":8},"end":{"line":11,"column":100}},"6":{"start":{"line":12,"column":8},"end":{"line":12,"column":103}},"7":{"start":{"line":13,"column":8},"end":{"line":13,"column":102}},"8":{"start":{"line":14,"column":8},"end":{"line":14,"column":107}},"9":{"start":{"line":15,"column":8},"end":{"line":15,"column":101}},"10":{"start":{"line":16,"column":8},"end":{"line":16,"column":100}},"11":{"start":{"line":17,"column":8},"end":{"line":17,"column":97}},"12":{"start":{"line":18,"column":8},"end":{"line":18,"column":95}},"13":{"start":{"line":19,"column":8},"end":{"line":19,"column":117}},"14":{"start":{"line":20,"column":8},"end":{"line":20,"column":97}},"15":{"start":{"line":21,"column":8},"end":{"line":21,"column":91}},"16":{"start":{"line":22,"column":8},"end":{"line":22,"column":76}},"17":{"start":{"line":23,"column":8},"end":{"line":23,"column":82}},"18":{"start":{"line":24,"column":8},"end":{"line":24,"column":75}},"19":{"start":{"line":25,"column":8},"end":{"line":25,"column":86}},"20":{"start":{"line":26,"column":8},"end":{"line":26,"column":82}},"21":{"start":{"line":27,"column":8},"end":{"line":27,"column":88}},"22":{"start":{"line":28,"column":8},"end":{"line":28,"column":79}},"23":{"start":{"line":29,"column":8},"end":{"line":29,"column":80}},"24":{"start":{"line":30,"column":8},"end":{"line":30,"column":86}},"25":{"start":{"line":31,"column":8},"end":{"line":31,"column":226}},"26":{"start":{"line":32,"column":8},"end":{"line":32,"column":1364}},"27":{"start":{"line":33,"column":8},"end":{"line":33,"column":573}},"28":{"start":{"line":34,"column":8},"end":{"line":34,"column":758}},"29":{"start":{"line":35,"column":8},"end":{"line":35,"column":164}},"30":{"start":{"line":36,"column":8},"end":{"line":36,"column":687}},"31":{"start":{"line":37,"column":8},"end":{"line":37,"column":491}},"32":{"start":{"line":38,"column":8},"end":{"line":38,"column":473}},"33":{"start":{"line":39,"column":8},"end":{"line":39,"column":629}},"34":{"start":{"line":40,"column":8},"end":{"line":40,"column":86}},"35":{"start":{"line":41,"column":8},"end":{"line":41,"column":93}},"36":{"start":{"line":42,"column":8},"end":{"line":42,"column":76}},"37":{"start":{"line":43,"column":8},"end":{"line":43,"column":86}},"38":{"start":{"line":44,"column":8},"end":{"line":44,"column":85}},"39":{"start":{"line":45,"column":8},"end":{"line":45,"column":84}},"40":{"start":{"line":46,"column":8},"end":{"line":46,"column":90}},"41":{"start":{"line":47,"column":8},"end":{"line":47,"column":91}},"42":{"start":{"line":48,"column":8},"end":{"line":48,"column":91}},"43":{"start":{"line":49,"column":8},"end":{"line":49,"column":86}},"44":{"start":{"line":50,"column":8},"end":{"line":50,"column":85}},"45":{"start":{"line":51,"column":8},"end":{"line":51,"column":88}},"46":{"start":{"line":52,"column":8},"end":{"line":52,"column":94}},"47":{"start":{"line":53,"column":8},"end":{"line":53,"column":84}},"48":{"start":{"line":54,"column":8},"end":{"line":54,"column":95}},"49":{"start":{"line":55,"column":8},"end":{"line":55,"column":91}},"50":{"start":{"line":56,"column":8},"end":{"line":56,"column":88}},"51":{"start":{"line":57,"column":8},"end":{"line":57,"column":85}},"52":{"start":{"line":58,"column":8},"end":{"line":58,"column":77}},"53":{"start":{"line":59,"column":8},"end":{"line":59,"column":102}},"54":{"start":{"line":60,"column":8},"end":{"line":60,"column":149}},"55":{"start":{"line":61,"column":8},"end":{"line":61,"column":136}},"56":{"start":{"line":62,"column":8},"end":{"line":62,"column":97}},"57":{"start":{"line":63,"column":8},"end":{"line":63,"column":89}},"58":{"start":{"line":64,"column":8},"end":{"line":64,"column":104}},"59":{"start":{"line":65,"column":8},"end":{"line":65,"column":105}},"60":{"start":{"line":66,"column":8},"end":{"line":66,"column":95}},"61":{"start":{"line":67,"column":8},"end":{"line":67,"column":94}},"62":{"start":{"line":68,"column":8},"end":{"line":68,"column":100}},"63":{"start":{"line":69,"column":8},"end":{"line":69,"column":100}},"64":{"start":{"line":70,"column":8},"end":{"line":70,"column":91}},"65":{"start":{"line":71,"column":8},"end":{"line":71,"column":88}},"66":{"start":{"line":72,"column":8},"end":{"line":72,"column":91}},"67":{"start":{"line":73,"column":8},"end":{"line":73,"column":91}},"68":{"start":{"line":74,"column":8},"end":{"line":74,"column":93}},"69":{"start":{"line":75,"column":8},"end":{"line":75,"column":83}},"70":{"start":{"line":76,"column":8},"end":{"line":76,"column":200}},"71":{"start":{"line":77,"column":8},"end":{"line":77,"column":154}},"72":{"start":{"line":78,"column":8},"end":{"line":78,"column":113}},"73":{"start":{"line":79,"column":8},"end":{"line":79,"column":89}},"74":{"start":{"line":80,"column":8},"end":{"line":80,"column":98}},"75":{"start":{"line":81,"column":8},"end":{"line":81,"column":117}},"76":{"start":{"line":82,"column":8},"end":{"line":82,"column":96}},"77":{"start":{"line":83,"column":8},"end":{"line":83,"column":97}},"78":{"start":{"line":84,"column":8},"end":{"line":84,"column":97}},"79":{"start":{"line":85,"column":8},"end":{"line":85,"column":77}},"80":{"start":{"line":86,"column":8},"end":{"line":86,"column":171}},"81":{"start":{"line":87,"column":8},"end":{"line":87,"column":126}},"82":{"start":{"line":88,"column":8},"end":{"line":88,"column":95}},"83":{"start":{"line":89,"column":8},"end":{"line":89,"column":95}},"84":{"start":{"line":90,"column":8},"end":{"line":90,"column":100}},"85":{"start":{"line":91,"column":8},"end":{"line":91,"column":95}},"86":{"start":{"line":92,"column":8},"end":{"line":92,"column":95}},"87":{"start":{"line":93,"column":8},"end":{"line":93,"column":100}},"88":{"start":{"line":94,"column":8},"end":{"line":94,"column":100}},"89":{"start":{"line":95,"column":8},"end":{"line":95,"column":101}},"90":{"start":{"line":96,"column":8},"end":{"line":96,"column":99}},"91":{"start":{"line":97,"column":8},"end":{"line":97,"column":99}},"92":{"start":{"line":98,"column":8},"end":{"line":98,"column":83}},"93":{"start":{"line":99,"column":8},"end":{"line":99,"column":162}},"94":{"start":{"line":100,"column":8},"end":{"line":100,"column":138}},"95":{"start":{"line":101,"column":8},"end":{"line":101,"column":93}},"96":{"start":{"line":102,"column":8},"end":{"line":102,"column":99}},"97":{"start":{"line":103,"column":8},"end":{"line":103,"column":101}},"98":{"start":{"line":104,"column":8},"end":{"line":104,"column":101}},"99":{"start":{"line":105,"column":8},"end":{"line":105,"column":96}},"100":{"start":{"line":106,"column":8},"end":{"line":106,"column":103}},"101":{"start":{"line":107,"column":8},"end":{"line":107,"column":99}},"102":{"start":{"line":108,"column":8},"end":{"line":108,"column":100}},"103":{"start":{"line":109,"column":8},"end":{"line":109,"column":100}},"104":{"start":{"line":110,"column":8},"end":{"line":110,"column":102}},"105":{"start":{"line":113,"column":8},"end":{"line":113,"column":145}},"106":{"start":{"line":114,"column":8},"end":{"line":114,"column":171}},"107":{"start":{"line":115,"column":8},"end":{"line":115,"column":93}},"108":{"start":{"line":117,"column":8},"end":{"line":117,"column":98}},"109":{"start":{"line":118,"column":8},"end":{"line":118,"column":99}},"110":{"start":{"line":119,"column":8},"end":{"line":119,"column":91}},"111":{"start":{"line":120,"column":8},"end":{"line":120,"column":95}},"112":{"start":{"line":121,"column":8},"end":{"line":121,"column":95}},"113":{"start":{"line":122,"column":8},"end":{"line":122,"column":95}},"114":{"start":{"line":123,"column":8},"end":{"line":123,"column":92}},"115":{"start":{"line":124,"column":8},"end":{"line":124,"column":108}},"116":{"start":{"line":125,"column":8},"end":{"line":125,"column":94}},"117":{"start":{"line":126,"column":8},"end":{"line":126,"column":95}},"118":{"start":{"line":129,"column":8},"end":{"line":129,"column":124}},"119":{"start":{"line":131,"column":8},"end":{"line":131,"column":114}},"120":{"start":{"line":133,"column":8},"end":{"line":133,"column":97}},"121":{"start":{"line":134,"column":8},"end":{"line":134,"column":287}},"122":{"start":{"line":135,"column":8},"end":{"line":135,"column":97}},"123":{"start":{"line":137,"column":8},"end":{"line":137,"column":93}},"124":{"start":{"line":138,"column":8},"end":{"line":138,"column":95}},"125":{"start":{"line":139,"column":8},"end":{"line":139,"column":96}},"126":{"start":{"line":140,"column":8},"end":{"line":140,"column":96}},"127":{"start":{"line":141,"column":8},"end":{"line":141,"column":225}},"128":{"start":{"line":142,"column":8},"end":{"line":142,"column":205}},"129":{"start":{"line":143,"column":8},"end":{"line":143,"column":196}},"130":{"start":{"line":144,"column":8},"end":{"line":144,"column":200}},"131":{"start":{"line":145,"column":8},"end":{"line":145,"column":208}},"132":{"start":{"line":146,"column":8},"end":{"line":146,"column":209}},"133":{"start":{"line":147,"column":8},"end":{"line":147,"column":211}},"134":{"start":{"line":148,"column":8},"end":{"line":148,"column":202}},"135":{"start":{"line":149,"column":8},"end":{"line":149,"column":202}},"136":{"start":{"line":150,"column":8},"end":{"line":150,"column":200}},"137":{"start":{"line":151,"column":8},"end":{"line":151,"column":209}},"138":{"start":{"line":152,"column":8},"end":{"line":152,"column":198}},"139":{"start":{"line":153,"column":8},"end":{"line":153,"column":203}},"140":{"start":{"line":154,"column":8},"end":{"line":154,"column":195}},"141":{"start":{"line":155,"column":8},"end":{"line":155,"column":197}},"142":{"start":{"line":156,"column":8},"end":{"line":156,"column":206}},"143":{"start":{"line":157,"column":8},"end":{"line":157,"column":205}},"144":{"start":{"line":158,"column":8},"end":{"line":158,"column":210}},"145":{"start":{"line":159,"column":8},"end":{"line":159,"column":197}},"146":{"start":{"line":160,"column":8},"end":{"line":160,"column":206}},"147":{"start":{"line":161,"column":8},"end":{"line":161,"column":205}},"148":{"start":{"line":162,"column":8},"end":{"line":162,"column":203}},"149":{"start":{"line":163,"column":8},"end":{"line":163,"column":214}},"150":{"start":{"line":164,"column":8},"end":{"line":164,"column":206}},"151":{"start":{"line":165,"column":8},"end":{"line":165,"column":215}},"152":{"start":{"line":169,"column":8},"end":{"line":169,"column":115}},"153":{"start":{"line":170,"column":8},"end":{"line":170,"column":115}},"154":{"start":{"line":171,"column":8},"end":{"line":171,"column":114}},"155":{"start":{"line":172,"column":8},"end":{"line":172,"column":112}},"156":{"start":{"line":173,"column":8},"end":{"line":173,"column":114}},"157":{"start":{"line":174,"column":8},"end":{"line":174,"column":106}},"158":{"start":{"line":175,"column":8},"end":{"line":175,"column":106}},"159":{"start":{"line":176,"column":8},"end":{"line":176,"column":118}},"160":{"start":{"line":177,"column":8},"end":{"line":177,"column":105}},"161":{"start":{"line":178,"column":8},"end":{"line":178,"column":106}},"162":{"start":{"line":179,"column":8},"end":{"line":179,"column":106}},"163":{"start":{"line":180,"column":8},"end":{"line":180,"column":103}},"164":{"start":{"line":181,"column":8},"end":{"line":181,"column":103}},"165":{"start":{"line":182,"column":8},"end":{"line":182,"column":103}},"166":{"start":{"line":183,"column":8},"end":{"line":183,"column":109}},"167":{"start":{"line":184,"column":8},"end":{"line":184,"column":109}},"168":{"start":{"line":185,"column":8},"end":{"line":185,"column":110}},"169":{"start":{"line":186,"column":8},"end":{"line":186,"column":111}},"170":{"start":{"line":187,"column":8},"end":{"line":187,"column":111}},"171":{"start":{"line":188,"column":8},"end":{"line":188,"column":109}},"172":{"start":{"line":189,"column":8},"end":{"line":189,"column":110}},"173":{"start":{"line":190,"column":8},"end":{"line":190,"column":110}},"174":{"start":{"line":191,"column":8},"end":{"line":191,"column":105}},"175":{"start":{"line":192,"column":8},"end":{"line":192,"column":105}},"176":{"start":{"line":193,"column":8},"end":{"line":193,"column":125}},"177":{"start":{"line":194,"column":8},"end":{"line":194,"column":97}},"178":{"start":{"line":195,"column":8},"end":{"line":195,"column":97}},"179":{"start":{"line":196,"column":8},"end":{"line":196,"column":96}},"180":{"start":{"line":197,"column":8},"end":{"line":197,"column":94}},"181":{"start":{"line":200,"column":8},"end":{"line":200,"column":98}},"182":{"start":{"line":201,"column":8},"end":{"line":201,"column":114}},"183":{"start":{"line":202,"column":8},"end":{"line":202,"column":135}},"184":{"start":{"line":203,"column":8},"end":{"line":203,"column":81}},"185":{"start":{"line":204,"column":8},"end":{"line":204,"column":107}},"186":{"start":{"line":206,"column":8},"end":{"line":206,"column":113}},"187":{"start":{"line":207,"column":8},"end":{"line":207,"column":93}},"188":{"start":{"line":208,"column":8},"end":{"line":208,"column":109}},"189":{"start":{"line":209,"column":8},"end":{"line":209,"column":95}},"190":{"start":{"line":210,"column":8},"end":{"line":210,"column":105}},"191":{"start":{"line":211,"column":8},"end":{"line":211,"column":96}},"192":{"start":{"line":212,"column":8},"end":{"line":212,"column":96}},"193":{"start":{"line":213,"column":8},"end":{"line":213,"column":92}},"194":{"start":{"line":214,"column":8},"end":{"line":214,"column":100}},"195":{"start":{"line":215,"column":8},"end":{"line":215,"column":99}},"196":{"start":{"line":218,"column":8},"end":{"line":218,"column":94}},"197":{"start":{"line":219,"column":8},"end":{"line":219,"column":124}},"198":{"start":{"line":220,"column":8},"end":{"line":220,"column":77}},"199":{"start":{"line":221,"column":8},"end":{"line":221,"column":93}},"200":{"start":{"line":222,"column":8},"end":{"line":222,"column":103}},"201":{"start":{"line":223,"column":8},"end":{"line":223,"column":101}},"202":{"start":{"line":224,"column":8},"end":{"line":224,"column":101}},"203":{"start":{"line":225,"column":8},"end":{"line":225,"column":100}},"204":{"start":{"line":226,"column":8},"end":{"line":226,"column":104}},"205":{"start":{"line":227,"column":8},"end":{"line":227,"column":97}},"206":{"start":{"line":228,"column":8},"end":{"line":228,"column":102}},"207":{"start":{"line":229,"column":8},"end":{"line":229,"column":102}},"208":{"start":{"line":230,"column":8},"end":{"line":230,"column":93}},"209":{"start":{"line":231,"column":8},"end":{"line":231,"column":104}},"210":{"start":{"line":232,"column":8},"end":{"line":232,"column":83}},"211":{"start":{"line":233,"column":8},"end":{"line":233,"column":81}},"212":{"start":{"line":234,"column":8},"end":{"line":234,"column":111}},"213":{"start":{"line":235,"column":8},"end":{"line":235,"column":100}},"214":{"start":{"line":236,"column":8},"end":{"line":236,"column":100}},"215":{"start":{"line":237,"column":8},"end":{"line":237,"column":102}},"216":{"start":{"line":238,"column":8},"end":{"line":238,"column":101}},"217":{"start":{"line":239,"column":8},"end":{"line":239,"column":101}},"218":{"start":{"line":240,"column":8},"end":{"line":240,"column":96}},"219":{"start":{"line":241,"column":8},"end":{"line":241,"column":96}},"220":{"start":{"line":242,"column":8},"end":{"line":242,"column":101}},"221":{"start":{"line":243,"column":8},"end":{"line":243,"column":96}},"222":{"start":{"line":244,"column":8},"end":{"line":244,"column":96}},"223":{"start":{"line":245,"column":8},"end":{"line":245,"column":77}},"224":{"start":{"line":246,"column":8},"end":{"line":246,"column":75}},"225":{"start":{"line":247,"column":8},"end":{"line":247,"column":105}},"226":{"start":{"line":248,"column":8},"end":{"line":248,"column":98}},"227":{"start":{"line":249,"column":8},"end":{"line":249,"column":98}},"228":{"start":{"line":250,"column":8},"end":{"line":250,"column":97}},"229":{"start":{"line":251,"column":8},"end":{"line":251,"column":107}},"230":{"start":{"line":252,"column":8},"end":{"line":252,"column":101}},"231":{"start":{"line":253,"column":8},"end":{"line":253,"column":92}},"232":{"start":{"line":254,"column":8},"end":{"line":254,"column":98}},"233":{"start":{"line":255,"column":8},"end":{"line":255,"column":100}},"234":{"start":{"line":256,"column":8},"end":{"line":256,"column":98}},"235":{"start":{"line":257,"column":8},"end":{"line":257,"column":85}},"236":{"start":{"line":258,"column":8},"end":{"line":258,"column":96}},"237":{"start":{"line":259,"column":8},"end":{"line":259,"column":89}},"238":{"start":{"line":260,"column":8},"end":{"line":260,"column":89}},"239":{"start":{"line":261,"column":8},"end":{"line":261,"column":86}},"240":{"start":{"line":262,"column":8},"end":{"line":262,"column":89}},"241":{"start":{"line":263,"column":8},"end":{"line":263,"column":90}},"242":{"start":{"line":264,"column":8},"end":{"line":264,"column":90}},"243":{"start":{"line":265,"column":8},"end":{"line":265,"column":97}},"244":{"start":{"line":266,"column":8},"end":{"line":266,"column":85}},"245":{"start":{"line":267,"column":8},"end":{"line":267,"column":95}},"246":{"start":{"line":268,"column":8},"end":{"line":268,"column":93}},"247":{"start":{"line":269,"column":8},"end":{"line":269,"column":87}},"248":{"start":{"line":270,"column":8},"end":{"line":270,"column":87}},"249":{"start":{"line":271,"column":8},"end":{"line":271,"column":82}},"250":{"start":{"line":272,"column":8},"end":{"line":272,"column":80}},"251":{"start":{"line":273,"column":8},"end":{"line":273,"column":87}},"252":{"start":{"line":274,"column":8},"end":{"line":274,"column":79}},"253":{"start":{"line":275,"column":8},"end":{"line":275,"column":83}},"254":{"start":{"line":276,"column":8},"end":{"line":276,"column":86}},"255":{"start":{"line":277,"column":8},"end":{"line":277,"column":89}},"256":{"start":{"line":278,"column":8},"end":{"line":278,"column":85}},"257":{"start":{"line":279,"column":8},"end":{"line":279,"column":87}},"258":{"start":{"line":280,"column":8},"end":{"line":280,"column":79}},"259":{"start":{"line":281,"column":8},"end":{"line":281,"column":107}},"260":{"start":{"line":282,"column":8},"end":{"line":282,"column":101}},"261":{"start":{"line":283,"column":8},"end":{"line":283,"column":84}},"262":{"start":{"line":284,"column":8},"end":{"line":284,"column":101}},"263":{"start":{"line":285,"column":8},"end":{"line":285,"column":110}},"264":{"start":{"line":286,"column":8},"end":{"line":286,"column":109}},"265":{"start":{"line":287,"column":8},"end":{"line":287,"column":99}},"266":{"start":{"line":288,"column":8},"end":{"line":288,"column":85}},"267":{"start":{"line":289,"column":8},"end":{"line":289,"column":101}},"268":{"start":{"line":290,"column":8},"end":{"line":290,"column":86}},"269":{"start":{"line":291,"column":8},"end":{"line":291,"column":107}},"270":{"start":{"line":292,"column":8},"end":{"line":292,"column":83}},"271":{"start":{"line":293,"column":8},"end":{"line":293,"column":65}},"272":{"start":{"line":294,"column":8},"end":{"line":294,"column":64}},"273":{"start":{"line":295,"column":8},"end":{"line":295,"column":62}},"274":{"start":{"line":296,"column":8},"end":{"line":296,"column":64}},"275":{"start":{"line":297,"column":8},"end":{"line":297,"column":89}},"276":{"start":{"line":298,"column":8},"end":{"line":298,"column":56}},"277":{"start":{"line":299,"column":8},"end":{"line":299,"column":53}},"278":{"start":{"line":300,"column":8},"end":{"line":300,"column":75}},"279":{"start":{"line":301,"column":8},"end":{"line":301,"column":101}},"280":{"start":{"line":302,"column":8},"end":{"line":302,"column":114}},"281":{"start":{"line":303,"column":8},"end":{"line":303,"column":102}},"282":{"start":{"line":304,"column":8},"end":{"line":304,"column":112}},"283":{"start":{"line":305,"column":8},"end":{"line":305,"column":118}},"284":{"start":{"line":306,"column":8},"end":{"line":306,"column":106}},"285":{"start":{"line":307,"column":8},"end":{"line":307,"column":114}},"286":{"start":{"line":308,"column":8},"end":{"line":308,"column":92}},"287":{"start":{"line":309,"column":8},"end":{"line":309,"column":106}},"288":{"start":{"line":310,"column":8},"end":{"line":310,"column":94}},"289":{"start":{"line":311,"column":8},"end":{"line":311,"column":180}},"290":{"start":{"line":312,"column":8},"end":{"line":312,"column":195}},"291":{"start":{"line":313,"column":8},"end":{"line":313,"column":207}},"292":{"start":{"line":314,"column":8},"end":{"line":314,"column":193}},"293":{"start":{"line":315,"column":8},"end":{"line":315,"column":186}},"294":{"start":{"line":316,"column":8},"end":{"line":316,"column":192}},"295":{"start":{"line":317,"column":8},"end":{"line":317,"column":192}},"296":{"start":{"line":318,"column":8},"end":{"line":318,"column":207}},"297":{"start":{"line":319,"column":8},"end":{"line":319,"column":192}},"298":{"start":{"line":320,"column":8},"end":{"line":320,"column":201}},"299":{"start":{"line":321,"column":8},"end":{"line":321,"column":188}},"300":{"start":{"line":322,"column":8},"end":{"line":322,"column":202}},"301":{"start":{"line":323,"column":8},"end":{"line":323,"column":180}},"302":{"start":{"line":324,"column":8},"end":{"line":324,"column":195}},"303":{"start":{"line":325,"column":8},"end":{"line":325,"column":180}},"304":{"start":{"line":3,"column":0},"end":{"line":3,"column":13}}},"fnMap":{"0":{"name":"(anonymous_0)","decl":{"start":{"line":3,"column":0},"end":{"line":3,"column":13}},"loc":{"start":{"line":3,"column":0},"end":{"line":328,"column":1}}},"1":{"name":"(anonymous_1)","decl":{"start":{"line":6,"column":11},"end":{"line":6,"column":16}},"loc":{"start":{"line":6,"column":44},"end":{"line":166,"column":5}}},"2":{"name":"(anonymous_2)","decl":{"start":{"line":168,"column":11},"end":{"line":168,"column":16}},"loc":{"start":{"line":168,"column":46},"end":{"line":326,"column":5}}}},"branchMap":{},"s":{"0":0,"1":0,"2":0,"3":0,"4":0,"5":0,"6":0,"7":0,"8":0,"9":0,"10":0,"11":0,"12":0,"13":0,"14":0,"15":0,"16":0,"17":0,"18":0,"19":0,"20":0,"21":0,"22":0,"23":0,"24":0,"25":0,"26":0,"27":0,"28":0,"29":0,"30":0,"31":0,"32":0,"33":0,"34":0,"35":0,"36":0,"37":0,"38":0,"39":0,"40":0,"41":0,"42":0,"43":0,"44":0,"45":0,"46":0,"47":0,"48":0,"49":0,"50":0,"51":0,"52":0,"53":0,"54":0,"55":0,"56":0,"57":0,"58":0,"59":0,"60":0,"61":0,"62":0,"63":0,"64":0,"65":0,"66":0,"67":0,"68":0,"69":0,"70":0,"71":0,"72":0,"73":0,"74":0,"75":0,"76":0,"77":0,"78":0,"79":0,"80":0,"81":0,"82":0,"83":0,"84":0,"85":0,"86":0,"87":0,"88":0,"89":0,"90":0,"91":0,"92":0,"93":0,"94":0,"95":0,"96":0,"97":0,"98":0,"99":0,"100":0,"101":0,"102":0,"103":0,"104":0,"105":0,"106":0,"107":0,"108":0,"109":0,"110":0,"111":0,"112":0,"113":0,"114":0,"115":0,"116":0,"117":0,"118":0,"119":0,"120":0,"121":0,"122":0,"123":0,"124":0,"125":0,"126":0,"127":0,"128":0,"129":0,"130":0,"131":0,"132":0,"133":0,"134":0,"135":0,"136":0,"137":0,"138":0,"139":0,"140":0,"141":0,"142":0,"143":0,"144":0,"145":0,"146":0,"147":0,"148":0,"149":0,"150":0,"151":0,"152":0,"153":0,"154":0,"155":0,"156":0,"157":0,"158":0,"159":0,"160":0,"161":0,"162":0,"163":0,"164":0,"165":0,"166":0,"167":0,"168":0,"169":0,"170":0,"171":0,"172":0,"173":0,"174":0,"175":0,"176":0,"177":0,"178":0,"179":0,"180":0,"181":0,"182":0,"183":0,"184":0,"185":0,"186":0,"187":0,"188":0,"189":0,"190":0,"191":0,"192":0,"193":0,"194":0,"195":0,"196":0,"197":0,"198":0,"199":0,"200":0,"201":0,"202":0,"203":0,"204":0,"205":0,"206":0,"207":0,"208":0,"209":0,"210":0,"211":0,"212":0,"213":0,"214":0,"215":0,"216":0,"217":0,"218":0,"219":0,"220":0,"221":0,"222":0,"223":0,"224":0,"225":0,"226":0,"227":0,"228":0,"229":0,"230":0,"231":0,"232":0,"233":0,"234":0,"235":0,"236":0,"237":0,"238":0,"239":0,"240":0,"241":0,"242":0,"243":0,"244":0,"245":0,"246":0,"247":0,"248":0,"249":0,"250":0,"251":0,"252":0,"253":0,"254":0,"255":0,"256":0,"257":0,"258":0,"259":0,"260":0,"261":0,"262":0,"263":0,"264":0,"265":0,"266":0,"267":0,"268":0,"269":0,"270":0,"271":0,"272":0,"273":0,"274":0,"275":0,"276":0,"277":0,"278":0,"279":0,"280":0,"281":0,"282":0,"283":0,"284":0,"285":0,"286":0,"287":0,"288":0,"289":0,"290":0,"291":0,"292":0,"293":0,"294":0,"295":0,"296":0,"297":0,"298":0,"299":0,"300":0,"301":0,"302":0,"303":0,"304":0},"f":{"0":0,"1":0,"2":0},"b":{}}
,"/Users/pedrodini/project_okinawa-1/backend/src/database/migrations/1764722642842-CreateFinancialTransactionsTable.ts": {"path":"/Users/pedrodini/project_okinawa-1/backend/src/database/migrations/1764722642842-CreateFinancialTransactionsTable.ts","statementMap":{"0":{"start":{"line":4,"column":4},"end":{"line":4,"column":null}},"1":{"start":{"line":7,"column":8},"end":{"line":7,"column":149}},"2":{"start":{"line":8,"column":8},"end":{"line":8,"column":234}},"3":{"start":{"line":9,"column":8},"end":{"line":9,"column":527}},"4":{"start":{"line":10,"column":8},"end":{"line":10,"column":221}},"5":{"start":{"line":14,"column":8},"end":{"line":14,"column":121}},"6":{"start":{"line":15,"column":8},"end":{"line":15,"column":71}},"7":{"start":{"line":16,"column":8},"end":{"line":16,"column":93}},"8":{"start":{"line":17,"column":8},"end":{"line":17,"column":89}},"9":{"start":{"line":3,"column":0},"end":{"line":3,"column":13}}},"fnMap":{"0":{"name":"(anonymous_0)","decl":{"start":{"line":3,"column":0},"end":{"line":3,"column":13}},"loc":{"start":{"line":3,"column":0},"end":{"line":20,"column":1}}},"1":{"name":"(anonymous_1)","decl":{"start":{"line":6,"column":11},"end":{"line":6,"column":16}},"loc":{"start":{"line":6,"column":44},"end":{"line":11,"column":5}}},"2":{"name":"(anonymous_2)","decl":{"start":{"line":13,"column":11},"end":{"line":13,"column":16}},"loc":{"start":{"line":13,"column":46},"end":{"line":18,"column":5}}}},"branchMap":{},"s":{"0":0,"1":0,"2":0,"3":0,"4":0,"5":0,"6":0,"7":0,"8":0,"9":0},"f":{"0":0,"1":0,"2":0},"b":{}}
[...]
n":6},"end":{"line":181,"column":13}},"52":{"start":{"line":184,"column":4},"end":{"line":224,"column":5}},"53":{"start":{"line":186,"column":24},"end":{"line":188,"column":null}},"54":{"start":{"line":192,"column":22},"end":{"line":199,"column":8}},"55":{"start":{"line":202,"column":23},"end":{"line":205,"column":8}},"56":{"start":{"line":208,"column":6},"end":{"line":208,"column":47}},"57":{"start":{"line":209,"column":6},"end":{"line":209,"column":47}},"58":{"start":{"line":210,"column":6},"end":{"line":210,"column":80}},"59":{"start":{"line":211,"column":6},"end":{"line":211,"column":41}},"60":{"start":{"line":214,"column":6},"end":{"line":214,"column":50}},"61":{"start":{"line":215,"column":6},"end":{"line":215,"column":48}},"62":{"start":{"line":216,"column":6},"end":{"line":216,"column":37}},"63":{"start":{"line":218,"column":6},"end":{"line":218,"column":51}},"64":{"start":{"line":219,"column":6},"end":{"line":219,"column":59}},"65":{"start":{"line":221,"column":6},"end":{"line":221,"column":71}},"66":{"start":{"line":223,"column":6},"end":{"line":223,"column":70}},"67":{"start":{"line":235,"column":4},"end":{"line":235,"column":27}},"68":{"start":{"line":236,"column":4},"end":{"line":236,"column":43}},"69":{"start":{"line":238,"column":4},"end":{"line":245,"column":5}},"70":{"start":{"line":239,"column":6},"end":{"line":241,"column":7}},"71":{"start":{"line":240,"column":8},"end":{"line":240,"column":55}},"72":{"start":{"line":242,"column":6},"end":{"line":244,"column":7}},"73":{"start":{"line":243,"column":8},"end":{"line":243,"column":88}},"74":{"start":{"line":248,"column":4},"end":{"line":277,"column":5}},"75":{"start":{"line":249,"column":6},"end":{"line":249,"column":48}},"76":{"start":{"line":252,"column":21},"end":{"line":252,"column":44}},"77":{"start":{"line":253,"column":20},"end":{"line":253,"column":62}},"78":{"start":{"line":254,"column":6},"end":{"line":254,"column":60}},"79":{"start":{"line":256,"column":6},"end":{"line":258,"column":8}},"80":{"start":{"line":260,"column":6},"end":{"line":260,"column":46}},"81":{"start":{"line":263,"column":6},"end":{"line":263,"column":35}},"82":{"start":{"line":264,"column":6},"end":{"line":264,"column":48}},"83":{"start":{"line":267,"column":6},"end":{"line":272,"column":7}},"84":{"start":{"line":268,"column":8},"end":{"line":268,"column":39}},"85":{"start":{"line":269,"column":8},"end":{"line":271,"column":10}},"86":{"start":{"line":274,"column":6},"end":{"line":276,"column":8}},"87":{"start":{"line":279,"column":4},"end":{"line":279,"column":48}},"88":{"start":{"line":281,"column":4},"end":{"line":281,"column":49}},"89":{"start":{"line":282,"column":4},"end":{"line":282,"column":57}},"90":{"start":{"line":293,"column":32},"end":{"line":298,"column":6}},"91":{"start":{"line":300,"column":4},"end":{"line":305,"column":6}},"92":{"start":{"line":312,"column":21},"end":{"line":314,"column":6}},"93":{"start":{"line":316,"column":4},"end":{"line":318,"column":5}},"94":{"start":{"line":317,"column":6},"end":{"line":317,"column":56}},"95":{"start":{"line":320,"column":4},"end":{"line":322,"column":5}},"96":{"start":{"line":321,"column":6},"end":{"line":321,"column":58}},"97":{"start":{"line":325,"column":4},"end":{"line":325,"column":45}},"98":{"start":{"line":326,"column":4},"end":{"line":326,"column":34}},"99":{"start":{"line":327,"column":4},"end":{"line":327,"column":49}},"100":{"start":{"line":330,"column":4},"end":{"line":330,"column":42}},"101":{"start":{"line":332,"column":4},"end":{"line":332,"column":20}},"102":{"start":{"line":339,"column":25},"end":{"line":339,"column":67}},"103":{"start":{"line":341,"column":40},"end":{"line":349,"column":6}},"104":{"start":{"line":351,"column":21},"end":{"line":358,"column":6}},"105":{"start":{"line":360,"column":26},"end":{"line":360,"column":70}},"106":{"start":{"line":363,"column":4},"end":{"line":363,"column":48}},"107":{"start":{"line":366,"column":4},"end":{"line":366,"column":80}},"108":{"start":{"line":374,"column":16},"end":{"line":374,"column":26}},"109":{"start":{"line":376,"column":32},"end":{"line":383,"column":6}},"110":{"start":{"line":385,"column":4},"end":{"line":387,"column":5}},"111":{"start":{"line":386,"column":6},"end":{"line":386,"column":82}},"112":{"start":{"line":389,"column":4},"end":{"line":393,"column":5}},"113":{"start":{"line":390,"column":6},"end":{"line":392,"column":7}},"114":{"start":{"line":391,"column":8},"end":{"line":391,"column":47}},"115":{"start":{"line":402,"column":26},"end":{"line":402,"column":49}},"116":{"start":{"line":403,"column":4},"end":{"line":406,"column":21}},"117":{"start":{"line":28,"column":13},"end":{"line":28,"column":28}},"118":{"start":{"line":373,"column":8},"end":{"line":394,"column":null}},"119":{"start":{"line":28,"column":13},"end":{"line":408,"column":null}}},"fnMap":{"0":{"name":"(anonymous_13)","decl":{"start":{"line":31,"column":2},"end":{"line":31,"column":null}},"loc":{"start":{"line":35,"column":59},"end":{"line":36,"column":6}}},"1":{"name":"(anonymous_14)","decl":{"start":{"line":41,"column":2},"end":{"line":41,"column":7}},"loc":{"start":{"line":41,"column":66},"end":{"line":53,"column":3}}},"2":{"name":"(anonymous_15)","decl":{"start":{"line":58,"column":2},"end":{"line":58,"column":7}},"loc":{"start":{"line":58,"column":45},"end":{"line":63,"column":3}}},"3":{"name":"(anonymous_16)","decl":{"start":{"line":68,"column":2},"end":{"line":68,"column":7}},"loc":{"start":{"line":68,"column":34},"end":{"line":78,"column":3}}},"4":{"name":"(anonymous_17)","decl":{"start":{"line":83,"column":2},"end":{"line":83,"column":7}},"loc":{"start":{"line":83,"column":78},"end":{"line":94,"column":3}}},"5":{"name":"(anonymous_18)","decl":{"start":{"line":99,"column":2},"end":{"line":99,"column":7}},"loc":{"start":{"line":99,"column":37},"end":{"line":103,"column":3}}},"6":{"name":"(anonymous_19)","decl":{"start":{"line":108,"column":2},"end":{"line":108,"column":7}},"loc":{"start":{"line":111,"column":13},"end":{"line":156,"column":3}}},"7":{"name":"(anonymous_20)","decl":{"start":{"line":152,"column":45},"end":{"line":152,"column":46}},"loc":{"start":{"line":152,"column":55},"end":{"line":154,"column":7}}},"8":{"name":"(anonymous_21)","decl":{"start":{"line":161,"column":2},"end":{"line":161,"column":7}},"loc":{"start":{"line":161,"column":41},"end":{"line":225,"column":3}}},"9":{"name":"(anonymous_22)","decl":{"start":{"line":230,"column":10},"end":{"line":230,"column":15}},"loc":{"start":{"line":233,"column":14},"end":{"line":283,"column":3}}},"10":{"name":"(anonymous_23)","decl":{"start":{"line":288,"column":2},"end":{"line":288,"column":7}},"loc":{"start":{"line":291,"column":22},"end":{"line":306,"column":3}}},"11":{"name":"(anonymous_24)","decl":{"start":{"line":311,"column":2},"end":{"line":311,"column":7}},"loc":{"start":{"line":311,"column":40},"end":{"line":333,"column":3}}},"12":{"name":"(anonymous_25)","decl":{"start":{"line":338,"column":2},"end":{"line":338,"column":7}},"loc":{"start":{"line":338,"column":42},"end":{"line":367,"column":3}}},"13":{"name":"(anonymous_26)","decl":{"start":{"line":373,"column":2},"end":{"line":373,"column":7}},"loc":{"start":{"line":373,"column":22},"end":{"line":394,"column":3}}},"14":{"name":"(anonymous_27)","decl":{"start":{"line":401,"column":10},"end":{"line":401,"column":27}},"loc":{"start":{"line":401,"column":56},"end":{"line":407,"column":3}}}},"branchMap":{"0":{"loc":{"start":{"line":73,"column":4},"end":{"line":75,"column":5}},"type":"if","locations":[{"start":{"line":73,"column":4},"end":{"line":75,"column":5}}]},"1":{"loc":{"start":{"line":89,"column":4},"end":{"line":91,"column":5}},"type":"if","locations":[{"start":{"line":89,"column":4},"end":{"line":91,"column":5}}]},"2":{"loc":{"start":{"line":89,"column":8},"end":{"line":89,"column":63}},"type":"binary-expr","locations":[{"start":{"line":89,"column":8},"end":{"line":89,"column":36}},{"start":{"line":89,"column":40},"end":{"line":89,"column":63}}]},"3":{"loc":{"start":{"line":121,"column":4},"end":{"line":124,"column":5}},"type":"if","locations":[{"start":{"line":121,"column":4},"end":{"line":124,"column":5}}]},"4":{"loc":{"start":{"line":167,"column":4},"end":{"line":170,"column":5}},"type":"if","locations":[{"start":{"line":167,"column":4},"end":{"line":170,"column":5}}]},"5":{"loc":{"start":{"line":172,"column":4},"end":{"line":175,"column":5}},"type":"if","locations":[{"start":{"line":172,"column":4},"end":{"line":175,"column":5}}]},"6":{"loc":{"start":{"line":179,"column":4},"end":{"line":182,"column":5}},"type":"if","locations":[{"start":{"line":179,"column":4},"end":{"line":182,"column":5}}]},"7":{"loc":{"start":{"line":188,"column":8},"end":{"line":188,"column":33}},"type":"binary-expr","locations":[{"start":{"line":188,"column":8},"end":{"line":188,"column":27}},{"start":{"line":188,"column":31},"end":{"line":188,"column":33}}]},"8":{"loc":{"start":{"line":238,"column":4},"end":{"line":245,"column":5}},"type":"if","locations":[{"start":{"line":238,"column":4},"end":{"line":245,"column":5}}]},"9":{"loc":{"start":{"line":239,"column":6},"end":{"line":241,"column":7}},"type":"if","locations":[{"start":{"line":239,"column":6},"end":{"line":241,"column":7}}]},"10":{"loc":{"start":{"line":242,"column":6},"end":{"line":244,"column":7}},"type":"if","locations":[{"start":{"line":242,"column":6},"end":{"line":244,"column":7}}]},"11":{"loc":{"start":{"line":248,"column":4},"end":{"line":277,"column":5}},"type":"if","locations":[{"start":{"line":248,"column":4},"end":{"line":277,"column":5}},{"start":{"line":259,"column":11},"end":{"line":277,"column":5}}]},"12":{"loc":{"start":{"line":253,"column":20},"end":{"line":253,"column":62}},"type":"binary-expr","locations":[{"start":{"line":253,"column":20},"end":{"line":253,"column":52}},{"start":{"line":253,"column":56},"end":{"line":253,"column":62}}]},"13":{"loc":{"start":{"line":267,"column":6},"end":{"line":272,"column":7}},"type":"if","locations":[{"start":{"line":267,"column":6},"end":{"line":272,"column":7}}]},"14":{"loc":{"start":{"line":290,"column":4},"end":{"line":290,"column":22}},"type":"default-arg","locations":[{"start":{"line":290,"column":20},"end":{"line":290,"column":22}}]},"15":{"loc":{"start":{"line":291,"column":4},"end":{"line":291,"column":22}},"type":"default-arg","locations":[{"start":{"line":291,"column":21},"end":{"line":291,"column":22}}]},"16":{"loc":{"start":{"line":316,"column":4},"end":{"line":318,"column":5}},"type":"if","locations":[{"start":{"line":316,"column":4},"end":{"line":318,"column":5}}]},"17":{"loc":{"start":{"line":320,"column":4},"end":{"line":322,"column":5}},"type":"if","locations":[{"start":{"line":320,"column":4},"end":{"line":322,"column":5}}]},"18":{"loc":{"start":{"line":385,"column":4},"end":{"line":387,"column":5}},"type":"if","locations":[{"start":{"line":385,"column":4},"end":{"line":387,"column":5}}]},"19":{"loc":{"start":{"line":390,"column":6},"end":{"line":392,"column":7}},"type":"if","locations":[{"start":{"line":390,"column":6},"end":{"line":392,"column":7}}]}},"s":{"0":0,"1":0,"2":0,"3":0,"4":0,"5":0,"6":0,"7":0,"8":0,"9":0,"10":0,"11":0,"12":0,"13":0,"14":0,"15":0,"16":0,"17":0,"18":0,"19":0,"20":0,"21":0,"22":0,"23":0,"24":0,"25":0,"26":0,"27":0,"28":0,"29":0,"30":0,"31":0,"32":0,"33":0,"34":0,"35":0,"36":0,"37":0,"38":0,"39":0,"40":0,"41":0,"42":0,"43":0,"44":0,"45":0,"46":0,"47":0,"48":0,"49":0,"50":0,"51":0,"52":0,"53":0,"54":0,"55":0,"56":0,"57":0,"58":0,"59":0,"60":0,"61":0,"62":0,"63":0,"64":0,"65":0,"66":0,"67":0,"68":0,"69":0,"70":0,"71":0,"72":0,"73":0,"74":0,"75":0,"76":0,"77":0,"78":0,"79":0,"80":0,"81":0,"82":0,"83":0,"84":0,"85":0,"86":0,"87":0,"88":0,"89":0,"90":0,"91":0,"92":0,"93":0,"94":0,"95":0,"96":0,"97":0,"98":0,"99":0,"100":0,"101":0,"102":0,"103":0,"104":0,"105":0,"106":0,"107":0,"108":0,"109":0,"110":0,"111":0,"112":0,"113":0,"114":0,"115":0,"116":0,"117":0,"118":0,"119":0},"f":{"0":0,"1":0,"2":0,"3":0,"4":0,"5":0,"6":0,"7":0,"8":0,"9":0,"10":0,"11":0,"12":0,"13":0,"14":0},"b":{"0":[0],"1":[0],"2":[0,0],"3":[0],"4":[0],"5":[0],"6":[0],"7":[0,0],"8":[0],"9":[0],"10":[0],"11":[0,0],"12":[0,0],"13":[0],"14":[0],"15":[0],"16":[0],"17":[0],"18":[0],"19":[0]}}
,"/Users/pedrodini/project_okinawa-1/backend/src/modules/webhooks/dto/create-webhook-subscription.dto.ts": {"path":"/Users/pedrodini/project_okinawa-1/backend/src/modules/webhooks/dto/create-webhook-subscription.dto.ts","statementMap":{"0":{"start":{"line":1,"column":0},"end":{"line":1,"column":94}},"1":{"start":{"line":2,"column":0},"end":{"line":2,"column":46}},"2":{"start":{"line":3,"column":0},"end":{"line":3,"column":71}},"3":{"start":{"line":5,"column":0},"end":{"line":5,"column":13}},"4":{"start":{"line":9,"column":2},"end":{"line":9,"column":null}},"5":{"start":{"line":14,"column":2},"end":{"line":14,"column":null}},"6":{"start":{"line":19,"column":2},"end":{"line":19,"column":null}},"7":{"start":{"line":24,"column":2},"end":{"line":24,"column":null}},"8":{"start":{"line":28,"column":2},"end":{"line":28,"column":null}},"9":{"start":{"line":31,"column":0},"end":{"line":31,"column":13}},"10":{"start":{"line":35,"column":2},"end":{"line":35,"column":null}},"11":{"start":{"line":40,"column":2},"end":{"line":40,"column":null}},"12":{"start":{"line":45,"column":2},"end":{"line":45,"column":null}},"13":{"start":{"line":50,"column":2},"end":{"line":50,"column":null}},"14":{"start":{"line":54,"column":2},"end":{"line":54,"column":null}}},"fnMap":{},"branchMap":{},"s":{"0":0,"1":0,"2":0,"3":0,"4":0,"5":0,"6":0,"7":0,"8":0,"9":0,"10":0,"11":0,"12":0,"13":0,"14":0},"f":{},"b":{}}
,"/Users/pedrodini/project_okinawa-1/backend/src/modules/webhooks/entities/webhook-delivery.entity.ts": {"path":"/Users/pedrodini/project_okinawa-1/backend/src/modules/webhooks/entities/webhook-delivery.entity.ts","statementMap":{"0":{"start":{"line":1,"column":0},"end":{"line":1,"column":null}},"1":{"start":{"line":9,"column":0},"end":{"line":9,"column":68}},"2":{"start":{"line":11,"column":0},"end":{"line":11,"column":null}},"3":{"start":{"line":12,"column":2},"end":{"line":12,"column":null}},"4":{"start":{"line":13,"column":2},"end":{"line":13,"column":null}},"5":{"start":{"line":14,"column":2},"end":{"line":14,"column":null}},"6":{"start":{"line":15,"column":2},"end":{"line":15,"column":null}},"7":{"start":{"line":19,"column":7},"end":{"line":62,"column":null}},"8":{"start":{"line":19,"column":13},"end":{"line":19,"column":28}},"9":{"start":{"line":21,"column":2},"end":{"line":21,"column":null}},"10":{"start":{"line":24,"column":2},"end":{"line":24,"column":null}},"11":{"start":{"line":27,"column":2},"end":{"line":27,"column":null}},"12":{"start":{"line":30,"column":2},"end":{"line":30,"column":null}},"13":{"start":{"line":33,"column":2},"end":{"line":33,"column":null}},"14":{"start":{"line":36,"column":2},"end":{"line":36,"column":null}},"15":{"start":{"line":39,"column":2},"end":{"line":39,"column":null}},"16":{"start":{"line":42,"column":2},"end":{"line":42,"column":null}},"17":{"start":{"line":45,"column":2},"end":{"line":45,"column":null}},"18":{"start":{"line":48,"column":2},"end":{"line":48,"column":null}},"19":{"start":{"line":51,"column":2},"end":{"line":51,"column":null}},"20":{"start":{"line":54,"column":2},"end":{"line":54,"column":null}},"21":{"start":{"line":57,"column":2},"end":{"line":57,"column":null}},"22":{"start":{"line":61,"column":2},"end":{"line":61,"column":null}},"23":{"start":{"line":59,"column":19},"end":{"line":59,"column":38}},"24":{"start":{"line":19,"column":13},"end":{"line":62,"column":null}}},"fnMap":{"0":{"name":"(anonymous_2)","decl":{"start":{"line":11,"column":0},"end":{"line":11,"column":12}},"loc":{"start":{"line":11,"column":26},"end":{"line":16,"column":1}}},"1":{"name":"(anonymous_3)","decl":{"start":{"line":59,"column":13},"end":{"line":59,"column":16}},"loc":{"start":{"line":59,"column":19},"end":{"line":59,"column":38}}}},"branchMap":{"0":{"loc":{"start":{"line":11,"column":12},"end":{"line":11,"column":null}},"type":"binary-expr","locations":[{"start":{"line":11,"column":12},"end":{"line":11,"column":26}},{"start":{"line":11,"column":26},"end":{"line":11,"column":null}}]}},"s":{"0":0,"1":0,"2":0,"3":0,"4":0,"5":0,"6":0,"7":0,"8":0,"9":0,"10":0,"11":0,"12":0,"13":0,"14":0,"15":0,"16":0,"17":0,"18":0,"19":0,"20":0,"21":0,"22":0,"23":0,"24":0},"f":{"0":0,"1":0},"b":{"0":[0,0]}}
,"/Users/pedrodini/project_okinawa-1/backend/src/modules/webhooks/entities/webhook-subscription.entity.ts": {"path":"/Users/pedrodini/project_okinawa-1/backend/src/modules/webhooks/entities/webhook-subscription.entity.ts","statementMap":{"0":{"start":{"line":1,"column":0},"end":{"line":1,"column":null}},"1":{"start":{"line":10,"column":0},"end":{"line":10,"column":74}},"2":{"start":{"line":12,"column":0},"end":{"line":12,"column":null}},"3":{"start":{"line":13,"column":2},"end":{"line":13,"column":null}},"4":{"start":{"line":14,"column":2},"end":{"line":14,"column":null}},"5":{"start":{"line":15,"column":2},"end":{"line":15,"column":null}},"6":{"start":{"line":16,"column":2},"end":{"line":16,"column":null}},"7":{"start":{"line":17,"column":2},"end":{"line":17,"column":null}},"8":{"start":{"line":18,"column":2},"end":{"line":18,"column":null}},"9":{"start":{"line":19,"column":2},"end":{"line":19,"column":null}},"10":{"start":{"line":20,"column":2},"end":{"line":20,"column":null}},"11":{"start":{"line":21,"column":2},"end":{"line":21,"column":null}},"12":{"start":{"line":22,"column":2},"end":{"line":22,"column":null}},"13":{"start":{"line":23,"column":2},"end":{"line":23,"column":null}},"14":{"start":{"line":24,"column":2},"end":{"line":24,"column":null}},"15":{"start":{"line":25,"column":2},"end":{"line":25,"column":null}},"16":{"start":{"line":26,"column":2},"end":{"line":26,"column":null}},"17":{"start":{"line":30,"column":7},"end":{"line":76,"column":null}},"18":{"start":{"line":30,"column":13},"end":{"line":30,"column":32}},"19":{"start":{"line":32,"column":2},"end":{"line":32,"column":null}},"20":{"start":{"line":35,"column":2},"end":{"line":35,"column":null}},"21":{"start":{"line":38,"column":2},"end":{"line":38,"column":null}},"22":{"start":{"line":41,"column":2},"end":{"line":41,"column":null}},"23":{"start":{"line":44,"column":2},"end":{"line":44,"column":null}},"24":{"start":{"line":47,"column":2},"end":{"line":47,"column":null}},"25":{"start":{"line":50,"column":2},"end":{"line":50,"column":null}},"26":{"start":{"line":53,"column":2},"end":{"line":53,"column":null}},"27":{"start":{"line":56,"column":2},"end":{"line":56,"column":null}},"28":{"start":{"line":59,"column":2},"end":{"line":59,"column":null}},"29":{"start":{"line":62,"column":2},"end":{"line":62,"column":null}},"30":{"start":{"line":65,"column":2},"end":{"line":65,"column":null}},"31":{"start":{"line":68,"column":2},"end":{"line":68,"column":null}},"32":{"start":{"line":71,"column":2},"end":{"line":71,"column":null}},"33":{"start":{"line":75,"column":2},"end":{"line":75,"column":null}},"34":{"start":{"line":73,"column":19},"end":{"line":73,"column":29}},"35":{"start":{"line":30,"column":13},"end":{"line":76,"column":null}}},"fnMap":{"0":{"name":"(anonymous_2)","decl":{"start":{"line":12,"column":0},"end":{"line":12,"column":12}},"loc":{"start":{"line":12,"column":24},"end":{"line":27,"column":1}}},"1":{"name":"(anonymous_3)","decl":{"start":{"line":73,"column":13},"end":{"line":73,"column":16}},"loc":{"start":{"line":73,"column":19},"end":{"line":73,"column":29}}}},"branchMap":{"0":{"loc":{"start":{"line":12,"column":12},"end":{"line":12,"column":null}},"type":"binary-expr","locations":[{"start":{"line":12,"column":12},"end":{"line":12,"column":24}},{"start":{"line":12,"column":24},"end":{"line":12,"column":null}}]}},"s":{"0":0,"1":0,"2":0,"3":0,"4":0,"5":0,"6":0,"7":0,"8":0,"9":0,"10":0,"11":0,"12":0,"13":0,"14":0,"15":0,"16":0,"17":0,"18":0,"19":0,"20":0,"21":0,"22":0,"23":0,"24":0,"25":0,"26":0,"27":0,"28":0,"29":0,"30":0,"31":0,"32":0,"33":0,"34":0,"35":0},"f":{"0":0,"1":0},"b":{"0":[0,0]}}
}
