TN:
SF:src/app.module.ts
FNF:0
FNH:0
DA:1,0
DA:2,0
DA:3,0
DA:4,0
DA:5,0
DA:6,0
DA:7,0
DA:8,0
DA:11,0
DA:12,0
DA:13,0
DA:14,0
DA:15,0
DA:16,0
DA:17,0
DA:18,0
DA:19,0
DA:20,0
DA:21,0
DA:22,0
DA:23,0
DA:24,0
DA:25,0
DA:26,0
DA:27,0
DA:28,0
DA:29,0
DA:30,0
DA:31,0
DA:81,0
LF:30
LH:0
BRF:0
BRH:0
end_of_record
TN:
SF:src/main.ts
FN:11,bootstrap
FNF:1
FNH:0
FNDA:0,bootstrap
DA:1,0
DA:2,0
DA:3,0
DA:4,0
DA:5,0
DA:6,0
DA:7,0
DA:8,0
DA:9,0
DA:13,0
DA:15,0
DA:19,0
DA:20,0
DA:21,0
DA:22,0
DA:23,0
DA:26,0
DA:27,0
DA:30,0
DA:38,0
DA:41,0
DA:47,0
DA:50,0
DA:62,0
DA:63,0
DA:83,0
DA:84,0
DA:85,0
DA:91,0
DA:95,0
DA:97,0
DA:99,0
DA:100,0
DA:103,0
LF:34
LH:0
BRDA:20,0,0,0
BRDA:20,0,1,0
BRDA:21,1,0,0
BRDA:21,1,1,0
BRDA:31,2,0,0
BRDA:31,2,1,0
BRDA:32,3,0,0
BRDA:32,3,1,0
BRDA:62,4,0,0
BRDA:64,5,0,0
BRDA:64,5,1,0
BRDA:66,6,0,0
BRDA:66,6,1,0
BRDA:69,7,0,0
BRDA:69,7,1,0
BRDA:84,8,0,0
BRDA:84,8,1,0
BRF:17
BRH:0
end_of_record
TN:
SF:src/common/decorators/current-user.decorator.ts
FN:4,(anonymous_0)
FNF:1
FNH:0
FNDA:0,(anonymous_0)
DA:1,0
DA:3,0
DA:5,0
DA:6,0
LF:4
LH:0
BRF:0
BRH:0
end_of_record
TN:
SF:src/common/decorators/public.decorator.ts
FN:3,(anonymous_0)
FNF:1
FNH:0
FNDA:0,(anonymous_0)
DA:1,0
DA:3,0
LF:2
LH:0
BRF:0
BRH:0
end_of_record
TN:
SF:src/common/decorators/roles.decorator.ts
FN:4,(anonymous_0)
FNF:1
FNH:0
FNDA:0,(anonymous_0)
DA:1,0
DA:4,0
LF:2
LH:0
BRF:0
BRH:0
end_of_record
TN:
SF:src/common/enums/index.ts
FNF:0
FNH:0
DA:1,10
DA:2,10
DA:3,10
DA:4,10
DA:5,10
DA:6,10
LF:6
LH:6
BRF:0
BRH:0
end_of_record
TN:
SF:src/common/enums/order-status.enum.ts
FN:1,(anonymous_0)
FN:11,(anonymous_1)
FNF:2
FNH:2
FNDA:10,(anonymous_0)
FNDA:10,(anonymous_1)
DA:1,10
DA:2,10
DA:3,10
DA:4,10
DA:5,10
DA:6,10
DA:7,10
DA:8,10
DA:11,10
DA:12,10
DA:13,10
DA:14,10
DA:15,10
DA:16,10
DA:19,10
LF:15
LH:15
BRDA:1,0,0,10
BRDA:1,0,1,10
BRDA:11,1,0,10
BRDA:11,1,1,10
BRF:4
BRH:4
end_of_record
TN:
SF:src/common/enums/order-type.enum.ts
FN:1,(anonymous_0)
FNF:1
FNH:1
FNDA:10,(anonymous_0)
DA:1,10
DA:2,10
DA:3,10
DA:4,10
LF:4
LH:4
BRDA:1,0,0,10
BRDA:1,0,1,10
BRF:2
BRH:2
end_of_record
TN:
SF:src/common/enums/payment-method.enum.ts
FN:1,(anonymous_0)
FN:10,(anonymous_1)
FN:16,(anonymous_2)
FNF:3
FNH:3
FNDA:10,(anonymous_0)
FNDA:10,(anonymous_1)
FNDA:10,(anonymous_2)
DA:1,10
DA:2,10
DA:3,10
DA:4,10
DA:5,10
DA:6,10
DA:7,10
DA:10,10
DA:11,10
DA:12,10
DA:13,10
DA:16,10
DA:17,10
DA:18,10
DA:19,10
DA:20,10
DA:21,10
DA:22,10
DA:23,10
DA:26,10
LF:20
LH:20
BRDA:1,0,0,10
BRDA:1,0,1,10
BRDA:10,1,0,10
BRDA:10,1,1,10
BRDA:16,2,0,10
BRDA:16,2,1,10
BRF:6
BRH:6
end_of_record
TN:
SF:src/common/enums/reservation-status.enum.ts
FN:1,(anonymous_0)
FNF:1
FNH:1
FNDA:10,(anonymous_0)
DA:1,10
DA:2,10
DA:3,10
DA:4,10
DA:5,10
DA:6,10
DA:7,10
DA:10,10
LF:8
LH:8
BRDA:1,0,0,10
BRDA:1,0,1,10
BRF:2
BRH:2
end_of_record
TN:
SF:src/common/enums/service-type.enum.ts
FN:1,(anonymous_0)
FNF:1
FNH:1
FNDA:10,(anonymous_0)
DA:1,10
DA:2,10
DA:3,10
DA:4,10
DA:5,10
DA:6,10
DA:7,10
DA:8,10
DA:9,10
DA:12,10
DA:23,10
DA:39,10
LF:12
LH:12
BRDA:1,0,0,10
BRDA:1,0,1,10
BRF:2
BRH:2
end_of_record
TN:
SF:src/common/enums/user-role.enum.ts
FN:1,(anonymous_0)
FNF:1
FNH:1
FNDA:10,(anonymous_0)
DA:1,10
DA:2,10
DA:3,10
DA:4,10
DA:5,10
DA:6,10
DA:7,10
DA:10,10
DA:19,10
LF:9
LH:9
BRDA:1,0,0,10
BRDA:1,0,1,10
BRF:2
BRH:2
end_of_record
TN:
SF:src/common/filters/sentry-exception.filter.ts
FN:7,(anonymous_10)
FNF:1
FNH:0
FNDA:0,(anonymous_10)
DA:1,0
DA:2,0
DA:3,0
DA:6,0
DA:8,0
DA:9,0
DA:10,0
DA:13,0
DA:23,0
DA:24,0
DA:32,0
DA:39,0
DA:40,0
DA:43,0
DA:44,0
DA:48,0
DA:52,0
LF:17
LH:0
BRDA:23,0,0,0
BRDA:33,1,0,0
BRDA:33,1,1,0
BRDA:39,2,0,0
BRDA:39,2,1,0
BRDA:43,3,0,0
BRF:6
BRH:0
end_of_record
TN:
SF:src/common/guards/menu-item-owner.guard.ts
FN:20,(anonymous_4)
FN:27,(anonymous_5)
FNF:2
FNH:0
FNDA:0,(anonymous_4)
FNDA:0,(anonymous_5)
DA:1,0
DA:8,0
DA:9,0
DA:10,0
DA:11,0
DA:12,0
DA:19,0
DA:22,0
DA:24,0
DA:28,0
DA:29,0
DA:31,0
DA:32,0
DA:38,0
DA:39,0
DA:42,0
DA:43,0
DA:48,0
DA:49,0
DA:52,0
DA:55,0
DA:56,0
DA:60,0
DA:68,0
DA:69,0
DA:73,0
DA:74,0
DA:75,0
DA:78,0
LF:29
LH:0
BRDA:31,0,0,0
BRDA:31,1,0,0
BRDA:31,1,1,0
BRDA:38,2,0,0
BRDA:38,2,1,0
BRDA:42,3,0,0
BRDA:48,4,0,0
BRDA:55,5,0,0
BRDA:68,6,0,0
BRDA:74,7,0,0
BRF:10
BRH:0
end_of_record
TN:
SF:src/common/guards/restaurant-owner.guard.ts
FN:19,(anonymous_4)
FN:24,(anonymous_5)
FNF:2
FNH:0
FNDA:0,(anonymous_4)
FNDA:0,(anonymous_5)
DA:1,0
DA:8,0
DA:9,0
DA:10,0
DA:11,0
DA:18,0
DA:21,0
DA:25,0
DA:26,0
DA:28,0
DA:29,0
DA:33,0
DA:35,0
DA:36,0
DA:40,0
DA:48,0
DA:49,0
DA:53,0
DA:54,0
DA:55,0
DA:59,0
DA:61,0
LF:22
LH:0
BRDA:28,0,0,0
BRDA:28,1,0,0
BRDA:28,1,1,0
BRDA:33,2,0,0
BRDA:33,2,1,0
BRDA:33,2,2,0
BRDA:35,3,0,0
BRDA:48,4,0,0
BRDA:54,5,0,0
BRF:9
BRH:0
end_of_record
TN:
SF:src/common/services/email.service.ts
FN:17,(anonymous_11)
FN:34,(anonymous_12)
FN:76,(anonymous_13)
FN:257,(anonymous_14)
FN:417,(anonymous_15)
FNF:5
FNH:0
FNDA:0,(anonymous_11)
FNDA:0,(anonymous_12)
FNDA:0,(anonymous_13)
FNDA:0,(anonymous_14)
FNDA:0,(anonymous_15)
DA:1,1
DA:2,1
DA:3,1
DA:13,1
DA:14,0
DA:17,0
DA:18,0
DA:19,0
DA:21,0
DA:22,0
DA:23,0
DA:25,0
DA:35,0
DA:36,0
DA:39,0
DA:40,0
DA:41,0
DA:44,0
DA:45,0
DA:60,0
DA:61,0
DA:62,0
DA:64,0
DA:65,0
DA:69,0
DA:81,0
DA:82,0
DA:83,0
DA:85,0
DA:225,0
DA:246,0
DA:261,0
DA:263,0
DA:389,0
DA:406,0
DA:418,0
LF:36
LH:4
BRDA:19,0,0,0
BRDA:19,0,1,0
BRDA:21,1,0,0
BRDA:21,1,1,0
BRDA:21,2,0,0
BRDA:21,2,1,0
BRDA:35,3,0,0
BRDA:49,4,0,0
BRDA:49,4,1,0
BRDA:52,5,0,0
BRDA:52,5,1,0
BRDA:57,6,0,0
BRDA:57,6,1,0
BRDA:81,7,0,0
BRDA:81,7,1,0
BRDA:193,8,0,0
BRDA:193,8,1,0
BRDA:228,9,0,0
BRDA:228,9,1,0
BRDA:261,10,0,0
BRDA:261,10,1,0
BRDA:360,11,0,0
BRDA:360,11,1,0
BRDA:392,12,0,0
BRDA:392,12,1,0
BRF:25
BRH:0
end_of_record
TN:
SF:src/config/database.config.ts
FNF:0
FNH:0
DA:1,0
DA:2,0
DA:3,0
DA:5,0
DA:7,0
LF:5
LH:0
BRDA:9,0,0,0
BRDA:9,0,1,0
BRDA:10,1,0,0
BRDA:10,1,1,0
BRDA:11,2,0,0
BRDA:11,2,1,0
BRDA:12,3,0,0
BRDA:12,3,1,0
BRDA:13,4,0,0
BRDA:13,4,1,0
BRF:10
BRH:0
end_of_record
TN:
SF:src/config/redis.config.ts
FN:3,(anonymous_0)
FNF:1
FNH:0
FNDA:0,(anonymous_0)
DA:3,0
LF:1
LH:0
BRDA:5,0,0,0
BRDA:5,0,1,0
BRDA:6,1,0,0
BRDA:6,1,1,0
BRDA:8,2,0,0
BRDA:8,2,1,0
BRF:6
BRH:0
end_of_record
TN:
SF:src/config/swagger.config.ts
FNF:0
FNH:0
DA:1,0
DA:3,0
LF:2
LH:0
BRF:0
BRH:0
end_of_record
TN:
SF:src/config/throttler.config.ts
FN:3,(anonymous_0)
FNF:1
FNH:0
FNDA:0,(anonymous_0)
DA:3,0
LF:1
LH:0
BRDA:6,0,0,0
BRDA:6,0,1,0
BRDA:7,1,0,0
BRDA:7,1,1,0
BRF:4
BRH:0
end_of_record
TN:
SF:src/config/typeorm.config.ts
FN:4,(anonymous_0)
FNF:1
FNH:0
FNDA:0,(anonymous_0)
DA:2,0
DA:4,0
DA:18,0
DA:31,0
DA:32,0
LF:5
LH:0
BRDA:6,0,0,0
BRDA:6,0,1,0
BRDA:7,1,0,0
BRDA:7,1,1,0
BRDA:8,2,0,0
BRDA:8,2,1,0
BRDA:9,3,0,0
BRDA:9,3,1,0
BRDA:10,4,0,0
BRDA:10,4,1,0
BRDA:15,5,0,0
BRDA:15,5,1,0
BRDA:20,6,0,0
BRDA:20,6,1,0
BRDA:21,7,0,0
BRDA:21,7,1,0
BRDA:22,8,0,0
BRDA:22,8,1,0
BRDA:23,9,0,0
BRDA:23,9,1,0
BRDA:24,10,0,0
BRDA:24,10,1,0
BRF:22
BRH:0
end_of_record
TN:
SF:src/database/migrations/1234567890123-AddNotesToTables.ts
FN:4,(anonymous_0)
FN:15,(anonymous_1)
FNF:2
FNH:0
FNDA:0,(anonymous_0)
FNDA:0,(anonymous_1)
DA:1,0
DA:3,0
DA:5,0
DA:16,0
LF:4
LH:0
BRF:0
BRH:0
end_of_record
TN:
SF:src/database/migrations/1701000000001-CreateInitialTables.ts
FN:3,(anonymous_0)
FN:6,(anonymous_1)
FN:268,(anonymous_2)
FNF:3
FNH:0
FNDA:0,(anonymous_0)
FNDA:0,(anonymous_1)
FNDA:0,(anonymous_2)
DA:3,0
DA:4,0
DA:11,0
DA:26,0
DA:41,0
DA:61,0
DA:95,0
DA:109,0
DA:131,0
DA:148,0
DA:171,0
DA:189,0
DA:211,0
DA:223,0
DA:238,0
DA:256,0
DA:257,0
DA:258,0
DA:259,0
DA:260,0
DA:261,0
DA:262,0
DA:263,0
DA:264,0
DA:265,0
DA:270,0
DA:271,0
DA:272,0
DA:273,0
DA:274,0
DA:275,0
DA:276,0
DA:277,0
DA:278,0
DA:279,0
DA:280,0
DA:281,0
DA:282,0
LF:38
LH:0
BRF:0
BRH:0
end_of_record
TN:
SF:src/database/migrations/1764695661021-AddMissingColumns.ts
FN:5,(anonymous_0)
FN:35,(anonymous_1)
FNF:2
FNH:0
FNDA:0,(anonymous_0)
FNDA:0,(anonymous_1)
DA:3,0
DA:7,0
DA:17,0
DA:26,0
DA:37,0
DA:40,0
DA:49,0
LF:7
LH:0
BRF:0
BRH:0
end_of_record
TN:
SF:src/database/migrations/1764699174742-CreateMissingTables.ts
FN:3,(anonymous_0)
FN:6,(anonymous_1)
FN:168,(anonymous_2)
FNF:3
FNH:0
FNDA:0,(anonymous_0)
FNDA:0,(anonymous_1)
FNDA:0,(anonymous_2)
DA:3,0
DA:4,0
DA:7,0
DA:8,0
DA:9,0
DA:10,0
DA:11,0
DA:12,0
DA:13,0
DA:14,0
DA:15,0
DA:16,0
DA:17,0
DA:18,0
DA:19,0
DA:20,0
DA:21,0
DA:22,0
DA:23,0
DA:24,0
DA:25,0
DA:26,0
DA:27,0
DA:28,0
DA:29,0
DA:30,0
DA:31,0
DA:32,0
DA:33,0
DA:34,0
DA:35,0
DA:36,0
DA:37,0
DA:38,0
DA:39,0
DA:40,0
DA:41,0
DA:42,0
DA:43,0
DA:44,0
DA:45,0
DA:46,0
DA:47,0
DA:48,0
DA:49,0
DA:50,0
DA:51,0
DA:52,0
DA:53,0
DA:54,0
DA:55,0
DA:56,0
DA:57,0
DA:58,0
DA:59,0
DA:60,0
DA:61,0
DA:62,0
DA:63,0
DA:64,0
DA:65,0
DA:66,0
DA:67,0
DA:68,0
DA:69,0
DA:70,0
DA:71,0
DA:72,0
DA:73,0
DA:74,0
DA:75,0
DA:76,0
DA:77,0
DA:78,0
DA:79,0
DA:80,0
DA:81,0
DA:82,0
DA:83,0
DA:84,0
DA:85,0
DA:86,0
DA:87,0
DA:88,0
DA:89,0
DA:90,0
DA:91,0
DA:92,0
DA:93,0
DA:94,0
DA:95,0
DA:96,0
DA:97,0
DA:98,0
DA:99,0
DA:100,0
DA:101,0
DA:102,0
DA:103,0
DA:104,0
DA:105,0
DA:106,0
DA:107,0
DA:108,0
DA:109,0
DA:110,0
DA:113,0
DA:114,0
DA:115,0
DA:117,0
DA:118,0
DA:119,0
DA:120,0
DA:121,0
DA:122,0
DA:123,0
DA:124,0
DA:125,0
DA:126,0
DA:129,0
DA:131,0
DA:133,0
DA:134,0
DA:135,0
DA:137,0
DA:138,0
DA:139,0
DA:140,0
DA:141,0
DA:142,0
DA:143,0
DA:144,0
DA:145,0
DA:146,0
DA:147,0
DA:148,0
DA:149,0
DA:150,0
DA:151,0
DA:152,0
DA:153,0
DA:154,0
DA:155,0
DA:156,0
DA:157,0
DA:158,0
DA:159,0
DA:160,0
DA:161,0
DA:162,0
DA:163,0
DA:164,0
DA:165,0
DA:169,0
DA:170,0
DA:171,0
DA:172,0
DA:173,0
DA:174,0
DA:175,0
DA:176,0
DA:177,0
DA:178,0
DA:179,0
DA:180,0
DA:181,0
DA:182,0
DA:183,0
DA:184,0
DA:185,0
DA:186,0
DA:187,0
DA:188,0
DA:189,0
DA:190,0
DA:191,0
DA:192,0
DA:193,0
DA:194,0
DA:195,0
DA:196,0
DA:197,0
DA:200,0
DA:201,0
DA:202,0
DA:203,0
DA:204,0
DA:206,0
DA:207,0
DA:208,0
DA:209,0
DA:210,0
DA:211,0
DA:212,0
DA:213,0
DA:214,0
DA:215,0
DA:218,0
DA:219,0
DA:220,0
DA:221,0
DA:222,0
DA:223,0
DA:224,0
DA:225,0
DA:226,0
DA:227,0
DA:228,0
DA:229,0
DA:230,0
DA:231,0
DA:232,0
DA:233,0
DA:234,0
DA:235,0
DA:236,0
DA:237,0
DA:238,0
DA:239,0
DA:240,0
DA:241,0
DA:242,0
DA:243,0
DA:244,0
DA:245,0
DA:246,0
DA:247,0
DA:248,0
DA:249,0
DA:250,0
DA:251,0
DA:252,0
DA:253,0
DA:254,0
DA:255,0
DA:256,0
DA:257,0
DA:258,0
DA:259,0
DA:260,0
DA:261,0
DA:262,0
DA:263,0
DA:264,0
DA:265,0
DA:266,0
DA:267,0
DA:268,0
DA:269,0
DA:270,0
DA:271,0
DA:272,0
DA:273,0
DA:274,0
DA:275,0
DA:276,0
DA:277,0
DA:278,0
DA:279,0
DA:280,0
DA:281,0
DA:282,0
DA:283,0
DA:284,0
DA:285,0
DA:286,0
DA:287,0
DA:288,0
DA:289,0
DA:290,0
DA:291,0
DA:292,0
DA:293,0
DA:294,0
DA:295,0
DA:296,0
DA:297,0
DA:298,0
DA:299,0
DA:300,0
DA:301,0
DA:302,0
DA:303,0
DA:304,0
DA:305,0
DA:306,0
DA:307,0
DA:308,0
DA:309,0
DA:310,0
DA:311,0
DA:312,0
DA:313,0
DA:314,0
DA:315,0
DA:316,0
DA:317,0
DA:318,0
DA:319,0
DA:320,0
DA:321,0
DA:322,0
DA:323,0
DA:324,0
DA:325,0
LF:305
LH:0
BRF:0
BRH:0
end_of_record
TN:
SF:src/database/migrations/1764722642842-CreateFinancialTransactionsTable.ts
FN:3,(anonymous_0)
FN:6,(anonymous_1)
FN:13,(anonymous_2)
FNF:3
FNH:0
FNDA:0,(anonymous_0)
FNDA:0,(anonymous_1)
FNDA:0,(anonymous_2)
DA:3,0
DA:4,0
DA:7,0
DA:8,0
DA:9,0
DA:10,0
DA:14,0
DA:15,0
DA:16,0
DA:17,0
LF:10
LH:0
BRF:0
BRH:0
end_of_record
TN:
SF:src/database/migrations/1764723106487-CreateHrTables.ts
FN:3,(anonymous_0)
FN:6,(anonymous_1)
FN:24,(anonymous_2)
FNF:3
FNH:0
FNDA:0,(anonymous_0)
FNDA:0,(anonymous_1)
FNDA:0,(anonymous_2)
DA:3,0
DA:4,0
DA:7,0
DA:8,0
DA:9,0
DA:10,0
DA:11,0
DA:12,0
DA:13,0
DA:14,0
DA:15,0
DA:16,0
DA:17,0
DA:18,0
DA:19,0
DA:20,0
DA:21,0
DA:25,0
DA:26,0
DA:27,0
DA:28,0
DA:29,0
DA:30,0
DA:31,0
DA:32,0
DA:33,0
DA:34,0
DA:35,0
DA:36,0
DA:37,0
DA:38,0
DA:39,0
LF:32
LH:0
BRF:0
BRH:0
end_of_record
TN:
SF:src/database/migrations/1764734502648-CreateWebhookTables.ts
FN:3,(anonymous_0)
FN:6,(anonymous_1)
FN:14,(anonymous_2)
FNF:3
FNH:0
FNDA:0,(anonymous_0)
FNDA:0,(anonymous_1)
FNDA:0,(anonymous_2)
DA:3,0
DA:4,0
DA:7,0
DA:8,0
DA:9,0
DA:10,0
DA:11,0
DA:15,0
DA:16,0
DA:17,0
DA:18,0
DA:19,0
LF:12
LH:0
BRF:0
BRH:0
end_of_record
TN:
SF:src/database/migrations/1764735634555-AddCategoryIdToMenuItems.ts
FN:3,(anonymous_0)
FN:6,(anonymous_1)
FN:13,(anonymous_2)
FNF:3
FNH:0
FNDA:0,(anonymous_0)
FNDA:0,(anonymous_1)
FNDA:0,(anonymous_2)
DA:3,0
DA:4,0
DA:7,0
DA:8,0
DA:9,0
DA:10,0
DA:14,0
DA:15,0
DA:16,0
DA:17,0
LF:10
LH:0
BRF:0
BRH:0
end_of_record
TN:
SF:src/database/migrations/1764735918819-CreatePasswordResetToken.ts
FN:3,(anonymous_0)
FN:6,(anonymous_1)
FN:12,(anonymous_2)
FNF:3
FNH:0
FNDA:0,(anonymous_0)
FNDA:0,(anonymous_1)
FNDA:0,(anonymous_2)
DA:3,0
DA:4,0
DA:7,0
DA:8,0
DA:9,0
DA:13,0
DA:14,0
DA:15,0
LF:8
LH:0
BRF:0
BRH:0
end_of_record
TN:
SF:src/database/migrations/1764800000000-AddOrderTypeAndIndexes.ts
FN:3,(anonymous_0)
FN:6,(anonymous_1)
FN:117,(anonymous_2)
FNF:3
FNH:0
FNDA:0,(anonymous_0)
FNDA:0,(anonymous_1)
FNDA:0,(anonymous_2)
DA:3,0
DA:4,0
DA:8,0
DA:13,0
DA:19,0
DA:22,0
DA:25,0
DA:28,0
DA:33,0
DA:36,0
DA:41,0
DA:44,0
DA:47,0
DA:50,0
DA:55,0
DA:58,0
DA:61,0
DA:66,0
DA:69,0
DA:74,0
DA:77,0
DA:80,0
DA:85,0
DA:88,0
DA:93,0
DA:96,0
DA:101,0
DA:104,0
DA:109,0
DA:112,0
DA:119,0
DA:120,0
DA:121,0
DA:122,0
DA:123,0
DA:124,0
DA:125,0
DA:126,0
DA:127,0
DA:128,0
DA:129,0
DA:130,0
DA:131,0
DA:132,0
DA:133,0
DA:134,0
DA:135,0
DA:136,0
DA:137,0
DA:138,0
DA:139,0
DA:140,0
DA:141,0
DA:142,0
DA:143,0
DA:144,0
DA:147,0
DA:150,0
LF:58
LH:0
BRF:0
BRH:0
end_of_record
TN:
SF:src/database/migrations/1764800100000-FixCascadePolicies.ts
FN:3,(anonymous_0)
FN:6,(anonymous_1)
FN:241,(anonymous_2)
FNF:3
FNH:0
FNDA:0,(anonymous_0)
FNDA:0,(anonymous_1)
FNDA:0,(anonymous_2)
DA:3,0
DA:4,0
DA:8,0
DA:18,0
DA:28,0
DA:39,0
DA:49,0
DA:60,0
DA:70,0
DA:83,0
DA:90,0
DA:97,0
DA:105,0
DA:112,0
DA:120,0
DA:127,0
DA:135,0
DA:145,0
DA:155,0
DA:162,0
DA:170,0
DA:180,0
DA:188,0
DA:198,0
DA:208,0
DA:215,0
DA:223,0
DA:233,0
LF:28
LH:0
BRF:0
BRH:0
end_of_record
TN:
SF:src/database/seeds/run-seed.ts
FN:5,bootstrap
FNF:1
FNH:0
FNDA:0,bootstrap
DA:2,0
DA:3,0
DA:7,0
DA:8,0
DA:9,0
DA:10,0
DA:12,0
DA:14,0
DA:16,0
DA:17,0
DA:19,0
DA:23,0
LF:12
LH:0
BRF:0
BRH:0
end_of_record
TN:
SF:src/database/seeds/seed.ts
FN:4,runSeeds
FNF:1
FNH:0
FNDA:0,runSeeds
DA:2,0
DA:4,0
DA:5,0
DA:7,0
DA:8,0
DA:9,0
DA:10,0
DA:11,0
DA:12,0
DA:15,0
DA:16,0
DA:18,0
DA:25,0
DA:32,0
DA:39,0
DA:46,0
DA:54,0
DA:55,0
DA:61,0
DA:62,0
DA:96,0
DA:97,0
DA:119,0
DA:120,0
DA:121,0
DA:122,0
DA:131,0
DA:134,0
DA:135,0
DA:311,0
DA:313,0
DA:314,0
DA:315,0
DA:316,0
DA:317,0
DA:318,0
DA:319,0
DA:320,0
DA:321,0
DA:322,0
DA:323,0
DA:324,0
LF:42
LH:0
BRDA:125,0,0,0
BRDA:125,0,1,0
BRDA:125,1,0,0
BRDA:125,1,1,0
BRF:4
BRH:0
end_of_record
TN:
SF:src/modules/ai/ai.controller.ts
FN:28,(anonymous_4)
FN:32,(anonymous_5)
FN:40,(anonymous_6)
FN:47,(anonymous_7)
FN:59,(anonymous_8)
FN:72,(anonymous_9)
FN:83,(anonymous_10)
FN:93,(anonymous_11)
FNF:8
FNH:0
FNDA:0,(anonymous_4)
FNDA:0,(anonymous_5)
FNDA:0,(anonymous_6)
FNDA:0,(anonymous_7)
FNDA:0,(anonymous_8)
FNDA:0,(anonymous_9)
FNDA:0,(anonymous_10)
FNDA:0,(anonymous_11)
DA:1,0
DA:10,0
DA:16,0
DA:17,0
DA:18,0
DA:19,0
DA:20,0
DA:21,0
DA:27,0
DA:28,0
DA:32,0
DA:33,0
DA:40,0
DA:41,0
DA:47,0
DA:51,0
DA:59,0
DA:63,0
DA:72,0
DA:76,0
DA:83,0
DA:84,0
DA:93,0
DA:94,0
LF:24
LH:0
BRF:0
BRH:0
end_of_record
TN:
SF:src/modules/ai/ai.module.ts
FNF:0
FNH:0
DA:1,0
DA:2,0
DA:3,0
DA:4,0
DA:5,0
DA:6,0
DA:7,0
DA:8,0
DA:18,0
LF:9
LH:0
BRF:0
BRH:0
end_of_record
TN:
SF:src/modules/ai/ai.service.ts
FN:48,(anonymous_4)
FN:63,(anonymous_5)
FN:101,(anonymous_6)
FN:129,(anonymous_7)
FN:146,(anonymous_8)
FN:149,(anonymous_9)
FN:150,(anonymous_10)
FN:151,(anonymous_11)
FN:154,(anonymous_12)
FN:162,(anonymous_13)
FN:164,(anonymous_14)
FN:172,(anonymous_15)
FN:174,(anonymous_16)
FN:189,(anonymous_17)
FN:223,(anonymous_18)
FN:224,(anonymous_19)
FN:232,(anonymous_20)
FN:233,(anonymous_21)
FN:240,(anonymous_22)
FN:242,(anonymous_23)
FN:245,(anonymous_24)
FN:259,(anonymous_25)
FN:263,(anonymous_26)
FN:264,(anonymous_27)
FN:280,(anonymous_28)
FN:297,(anonymous_29)
FN:399,(anonymous_30)
FN:414,(anonymous_31)
FN:420,(anonymous_32)
FN:429,(anonymous_33)
FN:436,(anonymous_34)
FN:438,(anonymous_35)
FN:474,(anonymous_36)
FN:511,(anonymous_37)
FN:512,(anonymous_38)
FN:514,(anonymous_39)
FN:529,(anonymous_40)
FN:534,(anonymous_41)
FN:543,(anonymous_42)
FN:566,(anonymous_43)
FN:583,(anonymous_44)
FN:602,(anonymous_45)
FNF:42
FNH:0
FNDA:0,(anonymous_4)
FNDA:0,(anonymous_5)
FNDA:0,(anonymous_6)
FNDA:0,(anonymous_7)
FNDA:0,(anonymous_8)
FNDA:0,(anonymous_9)
FNDA:0,(anonymous_10)
FNDA:0,(anonymous_11)
FNDA:0,(anonymous_12)
FNDA:0,(anonymous_13)
FNDA:0,(anonymous_14)
FNDA:0,(anonymous_15)
FNDA:0,(anonymous_16)
FNDA:0,(anonymous_17)
FNDA:0,(anonymous_18)
FNDA:0,(anonymous_19)
FNDA:0,(anonymous_20)
FNDA:0,(anonymous_21)
FNDA:0,(anonymous_22)
FNDA:0,(anonymous_23)
FNDA:0,(anonymous_24)
FNDA:0,(anonymous_25)
FNDA:0,(anonymous_26)
FNDA:0,(anonymous_27)
FNDA:0,(anonymous_28)
FNDA:0,(anonymous_29)
FNDA:0,(anonymous_30)
FNDA:0,(anonymous_31)
FNDA:0,(anonymous_32)
FNDA:0,(anonymous_33)
FNDA:0,(anonymous_34)
FNDA:0,(anonymous_35)
FNDA:0,(anonymous_36)
FNDA:0,(anonymous_37)
FNDA:0,(anonymous_38)
FNDA:0,(anonymous_39)
FNDA:0,(anonymous_40)
FNDA:0,(anonymous_41)
FNDA:0,(anonymous_42)
FNDA:0,(anonymous_43)
FNDA:0,(anonymous_44)
FNDA:0,(anonymous_45)
DA:1,0
DA:2,0
DA:3,0
DA:4,0
DA:5,0
DA:6,0
DA:7,0
DA:47,0
DA:50,0
DA:52,0
DA:54,0
DA:56,0
DA:64,0
DA:68,0
DA:69,0
DA:73,0
DA:77,0
DA:78,0
DA:79,0
DA:80,0
DA:81,0
DA:82,0
DA:84,0
DA:85,0
DA:89,0
DA:90,0
DA:91,0
DA:92,0
DA:99,0
DA:101,0
DA:102,0
DA:103,0
DA:108,0
DA:139,0
DA:145,0
DA:146,0
DA:149,0
DA:150,0
DA:151,0
DA:154,0
DA:157,0
DA:158,0
DA:159,0
DA:162,0
DA:163,0
DA:165,0
DA:166,0
DA:171,0
DA:172,0
DA:174,0
DA:176,0
DA:194,0
DA:205,0
DA:210,0
DA:213,0
DA:214,0
DA:222,0
DA:223,0
DA:224,0
DA:225,0
DA:231,0
DA:232,0
DA:233,0
DA:234,0
DA:239,0
DA:240,0
DA:242,0
DA:244,0
DA:245,0
DA:246,0
DA:247,0
DA:258,0
DA:259,0
DA:262,0
DA:263,0
DA:264,0
DA:265,0
DA:266,0
DA:278,0
DA:279,0
DA:280,0
DA:281,0
DA:291,0
DA:301,0
DA:305,0
DA:306,0
DA:316,0
DA:322,0
DA:323,0
DA:326,0
DA:327,0
DA:328,0
DA:332,0
DA:333,0
DA:334,0
DA:335,0
DA:336,0
DA:337,0
DA:340,0
DA:341,0
DA:345,0
DA:346,0
DA:347,0
DA:349,0
DA:350,0
DA:351,0
DA:356,0
DA:357,0
DA:358,0
DA:362,0
DA:363,0
DA:364,0
DA:369,0
DA:370,0
DA:371,0
DA:374,0
DA:375,0
DA:376,0
DA:377,0
DA:379,0
DA:380,0
DA:382,0
DA:383,0
DA:384,0
DA:387,0
DA:404,0
DA:405,0
DA:413,0
DA:414,0
DA:415,0
DA:416,0
DA:420,0
DA:424,0
DA:425,0
DA:426,0
DA:429,0
DA:430,0
DA:431,0
DA:435,0
DA:436,0
DA:438,0
DA:441,0
DA:442,0
DA:443,0
DA:444,0
DA:447,0
DA:448,0
DA:450,0
DA:451,0
DA:453,0
DA:457,0
DA:459,0
DA:468,0
DA:489,0
DA:492,0
DA:501,0
DA:509,0
DA:511,0
DA:512,0
DA:513,0
DA:514,0
DA:515,0
DA:521,0
DA:522,0
DA:528,0
DA:529,0
DA:532,0
DA:534,0
DA:541,0
DA:543,0
DA:551,0
DA:553,0
DA:554,0
DA:559,0
DA:560,0
DA:566,0
DA:569,0
DA:573,0
DA:588,0
DA:589,0
DA:590,0
DA:593,0
DA:594,0
DA:601,0
DA:602,0
DA:606,0
DA:608,0
DA:611,0
DA:614,0
DA:615,0
DA:616,0
DA:617,0
DA:621,0
DA:622,0
DA:623,0
DA:627,0
DA:628,0
DA:632,0
DA:633,0
DA:636,0
DA:637,0
DA:640,0
LF:202
LH:0
BRDA:68,0,0,0
BRDA:77,1,0,0
BRDA:77,1,1,0
BRDA:80,2,0,0
BRDA:80,2,1,0
BRDA:90,3,0,0
BRDA:102,4,0,0
BRDA:102,5,0,0
BRDA:102,5,1,0
BRDA:114,6,0,0
BRDA:114,6,1,0
BRDA:115,7,0,0
BRDA:115,7,1,0
BRDA:118,8,0,0
BRDA:118,8,1,0
BRDA:121,9,0,0
BRDA:121,9,1,0
BRDA:157,10,0,0
BRDA:157,10,1,0
BRDA:158,11,0,0
BRDA:158,11,1,0
BRDA:165,12,0,0
BRDA:165,12,1,0
BRDA:226,13,0,0
BRDA:226,13,1,0
BRDA:246,14,0,0
BRDA:263,15,0,0
BRDA:265,16,0,0
BRDA:265,17,0,0
BRDA:265,17,1,0
BRDA:278,18,0,0
BRDA:278,18,1,0
BRDA:280,19,0,0
BRDA:305,20,0,0
BRDA:326,21,0,0
BRDA:326,21,1,0
BRDA:332,22,0,0
BRDA:332,22,1,0
BRDA:335,23,0,0
BRDA:345,24,0,0
BRDA:349,25,0,0
BRDA:356,26,0,0
BRDA:362,27,0,0
BRDA:362,28,0,0
BRDA:362,28,1,0
BRDA:369,29,0,0
BRDA:369,29,1,0
BRDA:370,30,0,0
BRDA:370,30,1,0
BRDA:375,31,0,0
BRDA:379,32,0,0
BRDA:382,33,0,0
BRDA:382,34,0,0
BRDA:382,34,1,0
BRDA:401,35,0,0
BRDA:416,36,0,0
BRDA:416,36,1,0
BRDA:448,37,0,0
BRDA:448,37,1,0
BRDA:448,38,0,0
BRDA:448,38,1,0
BRDA:451,39,0,0
BRDA:513,40,0,0
BRDA:518,41,0,0
BRDA:518,41,1,0
BRDA:553,42,0,0
BRDA:553,43,0,0
BRDA:553,43,1,0
BRDA:559,44,0,0
BRDA:559,45,0,0
BRDA:559,45,1,0
BRDA:606,46,0,0
BRDA:606,46,1,0
BRDA:614,47,0,0
BRDA:621,48,0,0
BRDA:632,49,0,0
BRF:76
BRH:0
end_of_record
TN:
SF:src/modules/ai/dto/analyze-sentiment.dto.ts
FNF:0
FNH:0
DA:1,0
DA:2,0
DA:4,0
DA:8,0
DA:11,0
DA:15,0
DA:18,0
DA:20,0
DA:23,0
DA:26,0
DA:29,0
LF:11
LH:0
BRF:0
BRH:0
end_of_record
TN:
SF:src/modules/ai/dto/forecast-demand.dto.ts
FNF:0
FNH:0
DA:1,0
DA:2,0
DA:4,0
DA:7,0
DA:14,0
DA:17,0
DA:19,0
DA:22,0
DA:25,0
DA:31,0
LF:10
LH:0
BRF:0
BRH:0
end_of_record
TN:
SF:src/modules/ai/dto/menu-recommendations.dto.ts
FNF:0
FNH:0
DA:1,0
DA:2,0
DA:4,0
DA:7,0
DA:12,0
DA:19,0
DA:22,0
DA:24,0
DA:27,0
DA:30,0
DA:33,0
LF:11
LH:0
BRF:0
BRH:0
end_of_record
TN:
SF:src/modules/analytics/analytics.controller.ts
FN:26,(anonymous_4)
FN:33,(anonymous_5)
FN:42,(anonymous_6)
FN:61,(anonymous_7)
FN:79,(anonymous_8)
FN:87,(anonymous_9)
FN:100,(anonymous_10)
FNF:7
FNH:0
FNDA:0,(anonymous_4)
FNDA:0,(anonymous_5)
FNDA:0,(anonymous_6)
FNDA:0,(anonymous_7)
FNDA:0,(anonymous_8)
FNDA:0,(anonymous_9)
FNDA:0,(anonymous_10)
DA:1,0
DA:8,0
DA:14,0
DA:15,0
DA:16,0
DA:17,0
DA:18,0
DA:25,0
DA:26,0
DA:33,0
DA:34,0
DA:42,0
DA:47,0
DA:61,0
DA:66,0
DA:79,0
DA:80,0
DA:87,0
DA:91,0
DA:100,0
DA:101,0
LF:21
LH:0
BRF:0
BRH:0
end_of_record
TN:
SF:src/modules/analytics/analytics.module.ts
FNF:0
FNH:0
DA:1,0
DA:2,0
DA:3,0
DA:4,0
DA:5,0
DA:6,0
DA:7,0
DA:8,0
DA:9,0
DA:10,0
DA:11,0
DA:12,0
DA:31,0
LF:13
LH:0
BRF:0
BRH:0
end_of_record
TN:
SF:src/modules/analytics/analytics.service.ts
FN:106,(anonymous_4)
FN:128,(anonymous_5)
FN:242,(anonymous_6)
FN:256,(anonymous_7)
FN:266,(anonymous_8)
FN:267,(anonymous_9)
FN:282,(anonymous_10)
FN:284,(anonymous_11)
FN:292,(anonymous_12)
FN:307,(anonymous_13)
FN:315,(anonymous_14)
FN:316,(anonymous_15)
FN:325,(anonymous_16)
FN:330,(anonymous_17)
FN:342,(anonymous_18)
FN:356,(anonymous_19)
FN:372,(anonymous_20)
FN:377,(anonymous_21)
FN:393,(anonymous_22)
FN:403,(anonymous_23)
FN:409,(anonymous_24)
FN:411,(anonymous_25)
FN:412,(anonymous_26)
FN:424,(anonymous_27)
FN:445,(anonymous_28)
FN:456,(anonymous_29)
FN:460,(anonymous_30)
FN:461,(anonymous_31)
FN:462,(anonymous_32)
FN:463,(anonymous_33)
FN:464,(anonymous_34)
FN:470,(anonymous_35)
FN:480,(anonymous_36)
FN:493,(anonymous_37)
FN:502,(anonymous_38)
FN:512,(anonymous_39)
FN:538,(anonymous_40)
FN:558,(anonymous_41)
FN:570,(anonymous_42)
FN:587,(anonymous_43)
FN:604,(anonymous_44)
FN:659,(anonymous_45)
FNF:42
FNH:0
FNDA:0,(anonymous_4)
FNDA:0,(anonymous_5)
FNDA:0,(anonymous_6)
FNDA:0,(anonymous_7)
FNDA:0,(anonymous_8)
FNDA:0,(anonymous_9)
FNDA:0,(anonymous_10)
FNDA:0,(anonymous_11)
FNDA:0,(anonymous_12)
FNDA:0,(anonymous_13)
FNDA:0,(anonymous_14)
FNDA:0,(anonymous_15)
FNDA:0,(anonymous_16)
FNDA:0,(anonymous_17)
FNDA:0,(anonymous_18)
FNDA:0,(anonymous_19)
FNDA:0,(anonymous_20)
FNDA:0,(anonymous_21)
FNDA:0,(anonymous_22)
FNDA:0,(anonymous_23)
FNDA:0,(anonymous_24)
FNDA:0,(anonymous_25)
FNDA:0,(anonymous_26)
FNDA:0,(anonymous_27)
FNDA:0,(anonymous_28)
FNDA:0,(anonymous_29)
FNDA:0,(anonymous_30)
FNDA:0,(anonymous_31)
FNDA:0,(anonymous_32)
FNDA:0,(anonymous_33)
FNDA:0,(anonymous_34)
FNDA:0,(anonymous_35)
FNDA:0,(anonymous_36)
FNDA:0,(anonymous_37)
FNDA:0,(anonymous_38)
FNDA:0,(anonymous_39)
FNDA:0,(anonymous_40)
FNDA:0,(anonymous_41)
FNDA:0,(anonymous_42)
FNDA:0,(anonymous_43)
FNDA:0,(anonymous_44)
FNDA:0,(anonymous_45)
DA:1,0
DA:2,0
DA:3,0
DA:4,0
DA:5,0
DA:6,0
DA:7,0
DA:8,0
DA:9,0
DA:10,0
DA:11,0
DA:105,0
DA:108,0
DA:110,0
DA:112,0
DA:114,0
DA:116,0
DA:118,0
DA:120,0
DA:122,0
DA:129,0
DA:130,0
DA:131,0
DA:132,0
DA:133,0
DA:138,0
DA:145,0
DA:175,0
DA:186,0
DA:187,0
DA:188,0
DA:189,0
DA:190,0
DA:191,0
DA:192,0
DA:193,0
DA:194,0
DA:195,0
DA:196,0
DA:247,0
DA:255,0
DA:256,0
DA:264,0
DA:266,0
DA:267,0
DA:268,0
DA:269,0
DA:275,0
DA:276,0
DA:281,0
DA:282,0
DA:284,0
DA:291,0
DA:292,0
DA:293,0
DA:294,0
DA:295,0
DA:297,0
DA:298,0
DA:302,0
DA:303,0
DA:304,0
DA:307,0
DA:308,0
DA:309,0
DA:310,0
DA:314,0
DA:315,0
DA:316,0
DA:319,0
DA:325,0
DA:330,0
DA:348,0
DA:356,0
DA:357,0
DA:360,0
DA:365,0
DA:372,0
DA:373,0
DA:376,0
DA:377,0
DA:391,0
DA:393,0
DA:394,0
DA:395,0
DA:397,0
DA:398,0
DA:402,0
DA:403,0
DA:405,0
DA:408,0
DA:409,0
DA:412,0
DA:413,0
DA:422,0
DA:423,0
DA:424,0
DA:428,0
DA:449,0
DA:453,0
DA:455,0
DA:456,0
DA:459,0
DA:460,0
DA:461,0
DA:462,0
DA:463,0
DA:464,0
DA:469,0
DA:470,0
DA:475,0
DA:479,0
DA:480,0
DA:483,0
DA:488,0
DA:492,0
DA:493,0
DA:494,0
DA:495,0
DA:497,0
DA:501,0
DA:502,0
DA:507,0
DA:511,0
DA:512,0
DA:515,0
DA:519,0
DA:546,0
DA:547,0
DA:549,0
DA:557,0
DA:558,0
DA:559,0
DA:560,0
DA:561,0
DA:563,0
DA:567,0
DA:569,0
DA:570,0
DA:574,0
DA:575,0
DA:576,0
DA:577,0
DA:585,0
DA:587,0
DA:591,0
DA:593,0
DA:595,0
DA:611,0
DA:614,0
DA:622,0
DA:623,0
DA:624,0
DA:633,0
DA:641,0
DA:651,0
DA:658,0
DA:659,0
DA:663,0
LF:159
LH:0
BRDA:186,0,0,0
BRDA:186,0,1,0
BRDA:187,1,0,0
BRDA:187,1,1,0
BRDA:188,2,0,0
BRDA:188,2,1,0
BRDA:189,3,0,0
BRDA:189,3,1,0
BRDA:190,4,0,0
BRDA:190,4,1,0
BRDA:191,5,0,0
BRDA:191,5,1,0
BRDA:192,6,0,0
BRDA:192,6,1,0
BRDA:193,7,0,0
BRDA:193,7,1,0
BRDA:194,8,0,0
BRDA:194,8,1,0
BRDA:195,9,0,0
BRDA:195,9,1,0
BRDA:200,10,0,0
BRDA:200,10,1,0
BRDA:202,11,0,0
BRDA:202,11,1,0
BRDA:207,12,0,0
BRDA:207,12,1,0
BRDA:209,13,0,0
BRDA:209,13,1,0
BRDA:214,14,0,0
BRDA:214,14,1,0
BRDA:216,15,0,0
BRDA:216,15,1,0
BRDA:220,16,0,0
BRDA:220,16,1,0
BRDA:224,17,0,0
BRDA:224,17,1,0
BRDA:228,18,0,0
BRDA:228,18,1,0
BRDA:232,19,0,0
BRDA:232,19,1,0
BRDA:268,20,0,0
BRDA:294,21,0,0
BRDA:323,22,0,0
BRDA:323,22,1,0
BRDA:373,23,0,0
BRDA:373,23,1,0
BRDA:381,24,0,0
BRDA:381,24,1,0
BRDA:394,25,0,0
BRDA:417,26,0,0
BRDA:417,26,1,0
BRDA:435,27,0,0
BRDA:435,27,1,0
BRDA:437,28,0,0
BRDA:437,28,1,0
BRDA:455,29,0,0
BRDA:455,29,1,0
BRDA:469,30,0,0
BRDA:469,30,1,0
BRDA:483,31,0,0
BRDA:483,31,1,0
BRDA:494,32,0,0
BRDA:501,33,0,0
BRDA:501,33,1,0
BRDA:512,34,0,0
BRDA:512,34,1,0
BRDA:515,35,0,0
BRDA:515,35,1,0
BRDA:540,36,0,0
BRDA:560,37,0,0
BRDA:569,38,0,0
BRDA:569,38,1,0
BRDA:585,39,0,0
BRDA:585,39,1,0
BRDA:593,40,0,0
BRDA:593,40,1,0
BRF:76
BRH:0
end_of_record
TN:
SF:src/modules/analytics/dto/analytics-query.dto.ts
FNF:0
FNH:0
DA:1,0
DA:2,0
DA:4,0
DA:7,0
DA:12,0
DA:17,0
DA:20,0
DA:23,0
LF:8
LH:0
BRF:0
BRH:0
end_of_record
TN:
SF:src/modules/auth/auth.controller.ts
FN:16,(anonymous_4)
FN:21,(anonymous_5)
FN:28,(anonymous_6)
FN:35,(anonymous_7)
FN:42,(anonymous_8)
FN:50,(anonymous_9)
FN:60,(anonymous_10)
FN:80,(anonymous_11)
FN:89,(anonymous_12)
FNF:9
FNH:0
FNDA:0,(anonymous_4)
FNDA:0,(anonymous_5)
FNDA:0,(anonymous_6)
FNDA:0,(anonymous_7)
FNDA:0,(anonymous_8)
FNDA:0,(anonymous_9)
FNDA:0,(anonymous_10)
FNDA:0,(anonymous_11)
FNDA:0,(anonymous_12)
DA:1,0
DA:2,0
DA:3,0
DA:4,0
DA:5,0
DA:6,0
DA:7,0
DA:8,0
DA:9,0
DA:10,0
DA:11,0
DA:15,0
DA:16,0
DA:21,0
DA:22,0
DA:28,0
DA:29,0
DA:35,0
DA:36,0
DA:42,0
DA:43,0
DA:50,0
DA:51,0
DA:60,0
DA:64,0
DA:80,0
DA:81,0
DA:89,0
DA:92,0
LF:29
LH:0
BRF:0
BRH:0
end_of_record
TN:
SF:src/modules/auth/auth.module.ts
FN:19,(anonymous_1)
FNF:1
FNH:0
FNDA:0,(anonymous_1)
DA:1,0
DA:2,0
DA:3,0
DA:4,0
DA:5,0
DA:6,0
DA:7,0
DA:8,0
DA:9,0
DA:10,0
DA:11,0
DA:19,0
DA:31,0
LF:13
LH:0
BRDA:22,0,0,0
BRDA:22,0,1,0
BRF:2
BRH:0
end_of_record
TN:
SF:src/modules/auth/auth.service.ts
FN:20,(anonymous_13)
FN:29,(anonymous_14)
FN:64,(anonymous_15)
FN:104,(anonymous_16)
FN:156,(anonymous_17)
FN:208,(anonymous_18)
FN:228,(anonymous_19)
FN:242,(anonymous_20)
FN:252,(anonymous_21)
FN:270,(anonymous_22)
FN:310,(anonymous_23)
FN:379,(anonymous_24)
FNF:12
FNH:10
FNDA:27,(anonymous_13)
FNDA:2,(anonymous_14)
FNDA:5,(anonymous_15)
FNDA:2,(anonymous_16)
FNDA:4,(anonymous_17)
FNDA:2,(anonymous_18)
FNDA:3,(anonymous_19)
FNDA:0,(anonymous_20)
FNDA:0,(anonymous_21)
FNDA:4,(anonymous_22)
FNDA:8,(anonymous_23)
FNDA:1,(anonymous_24)
DA:1,1
DA:2,1
DA:3,1
DA:4,1
DA:5,1
DA:6,1
DA:7,1
DA:8,1
DA:14,1
DA:17,1
DA:18,27
DA:22,27
DA:24,27
DA:25,27
DA:26,27
DA:30,2
DA:34,2
DA:35,1
DA:38,1
DA:40,1
DA:50,1
DA:52,1
DA:54,1
DA:65,5
DA:70,5
DA:71,1
DA:75,4
DA:76,4
DA:77,1
DA:80,3
DA:82,3
DA:83,1
DA:86,2
DA:87,1
DA:90,1
DA:92,1
DA:105,2
DA:109,2
DA:111,1
DA:115,1
DA:127,1
DA:128,1
DA:129,1
DA:132,1
DA:139,1
DA:142,1
DA:149,1
DA:153,1
DA:158,4
DA:165,4
DA:166,1
DA:170,3
DA:171,1
DA:175,2
DA:179,2
DA:180,1
DA:184,1
DA:187,1
DA:192,1
DA:195,1
DA:196,1
DA:197,1
DA:200,1
DA:202,1
DA:209,2
DA:214,2
DA:215,1
DA:218,1
DA:230,3
DA:231,3
DA:232,0
DA:236,0
DA:237,0
DA:242,3
DA:248,3
DA:252,0
DA:258,3
DA:259,3
DA:263,3
DA:271,4
DA:273,4
DA:276,3
DA:281,3
DA:282,1
DA:285,2
DA:286,1
DA:290,1
DA:292,1
DA:303,3
DA:311,8
DA:315,8
DA:316,1
DA:320,7
DA:321,4
DA:322,1
DA:326,3
DA:327,3
DA:328,1
DA:332,2
DA:337,2
DA:338,1
DA:342,1
DA:343,1
DA:349,1
DA:353,4
DA:355,2
DA:359,2
DA:360,1
DA:363,1
DA:366,3
DA:368,3
DA:380,1
LF:112
LH:108
BRDA:34,0,0,1
BRDA:70,1,0,1
BRDA:76,2,0,1
BRDA:82,3,0,1
BRDA:86,4,0,1
BRDA:109,5,0,1
BRDA:165,6,0,1
BRDA:170,7,0,1
BRDA:179,8,0,1
BRDA:214,9,0,1
BRDA:231,10,0,0
BRDA:236,11,0,0
BRDA:242,12,0,3
BRDA:242,12,1,0
BRDA:252,13,0,3
BRDA:252,13,1,0
BRDA:255,14,0,0
BRDA:255,14,1,3
BRDA:281,15,0,1
BRDA:285,16,0,1
BRDA:315,17,0,1
BRDA:320,18,0,4
BRDA:321,19,0,1
BRDA:327,20,0,1
BRDA:337,21,0,1
BRDA:353,22,0,2
BRDA:353,23,0,4
BRDA:353,23,1,3
BRDA:359,24,0,1
BRDA:359,25,0,2
BRDA:359,25,1,1
BRF:31
BRH:26
end_of_record
TN:
SF:src/modules/auth/dto/confirm-reset-password.dto.ts
FNF:0
FNH:0
DA:1,0
DA:2,0
DA:4,0
DA:11,0
DA:20,0
LF:5
LH:0
BRF:0
BRH:0
end_of_record
TN:
SF:src/modules/auth/dto/login.dto.ts
FNF:0
FNH:0
DA:1,0
DA:2,0
DA:4,0
DA:8,0
DA:13,0
LF:5
LH:0
BRF:0
BRH:0
end_of_record
TN:
SF:src/modules/auth/dto/register.dto.ts
FNF:0
FNH:0
DA:1,0
DA:2,0
DA:4,0
DA:8,0
DA:14,0
DA:19,0
LF:6
LH:0
BRF:0
BRH:0
end_of_record
TN:
SF:src/modules/auth/dto/reset-password.dto.ts
FNF:0
FNH:0
DA:1,0
DA:2,0
DA:4,0
DA:8,0
LF:4
LH:0
BRF:0
BRH:0
end_of_record
TN:
SF:src/modules/auth/dto/update-auth.dto.ts
FNF:0
FNH:0
DA:1,0
DA:2,0
DA:4,0
DA:8,0
DA:14,0
DA:19,0
LF:6
LH:0
BRF:0
BRH:0
end_of_record
TN:
SF:src/modules/auth/entities/password-reset-token.entity.ts
FNF:0
FNH:0
DA:1,1
DA:10,1
DA:12,1
DA:16,1
DA:20,1
DA:23,1
DA:26,1
DA:29,1
DA:32,1
DA:35,1
DA:38,1
LF:11
LH:11
BRF:0
BRH:0
end_of_record
TN:
SF:src/modules/auth/guards/jwt-auth.guard.ts
FN:7,(anonymous_2)
FN:11,(anonymous_3)
FNF:2
FNH:0
FNDA:0,(anonymous_2)
FNDA:0,(anonymous_3)
DA:1,0
DA:2,0
DA:3,0
DA:6,0
DA:7,0
DA:8,0
DA:12,0
DA:17,0
DA:18,0
DA:21,0
LF:10
LH:0
BRDA:17,0,0,0
BRF:1
BRH:0
end_of_record
TN:
SF:src/modules/auth/guards/roles.guard.ts
FN:7,(anonymous_2)
FN:9,(anonymous_3)
FN:25,(anonymous_4)
FNF:3
FNH:0
FNDA:0,(anonymous_2)
FNDA:0,(anonymous_3)
FNDA:0,(anonymous_4)
DA:1,0
DA:2,0
DA:6,0
DA:7,0
DA:10,0
DA:15,0
DA:16,0
DA:19,0
DA:21,0
DA:22,0
DA:25,0
LF:11
LH:0
BRDA:15,0,0,0
BRDA:21,1,0,0
BRDA:21,2,0,0
BRDA:21,2,1,0
BRF:4
BRH:0
end_of_record
TN:
SF:src/modules/auth/strategies/jwt.strategy.ts
FN:11,(anonymous_4)
FN:23,(anonymous_5)
FNF:2
FNH:0
FNDA:0,(anonymous_4)
FNDA:0,(anonymous_5)
DA:1,0
DA:2,0
DA:3,0
DA:4,0
DA:5,0
DA:6,0
DA:7,0
DA:10,0
DA:12,0
DA:14,0
DA:16,0
DA:24,0
DA:29,0
DA:30,0
DA:33,0
LF:15
LH:0
BRDA:29,0,0,0
BRDA:29,1,0,0
BRDA:29,1,1,0
BRF:3
BRH:0
end_of_record
TN:
SF:src/modules/events/events.gateway.ts
FN:36,(anonymous_4)
FN:38,(anonymous_5)
FN:83,(anonymous_6)
FN:111,(anonymous_7)
FN:120,(anonymous_8)
FN:128,(anonymous_9)
FN:143,(anonymous_10)
FN:156,(anonymous_11)
FN:165,(anonymous_12)
FN:174,(anonymous_13)
FN:191,(anonymous_14)
FN:195,(anonymous_15)
FN:199,(anonymous_16)
FN:210,(anonymous_17)
FN:216,(anonymous_18)
FN:219,(anonymous_19)
FN:225,(anonymous_20)
FN:228,(anonymous_21)
FN:234,(anonymous_22)
FNF:19
FNH:0
FNDA:0,(anonymous_4)
FNDA:0,(anonymous_5)
FNDA:0,(anonymous_6)
FNDA:0,(anonymous_7)
FNDA:0,(anonymous_8)
FNDA:0,(anonymous_9)
FNDA:0,(anonymous_10)
FNDA:0,(anonymous_11)
FNDA:0,(anonymous_12)
FNDA:0,(anonymous_13)
FNDA:0,(anonymous_14)
FNDA:0,(anonymous_15)
FNDA:0,(anonymous_16)
FNDA:0,(anonymous_17)
FNDA:0,(anonymous_18)
FNDA:0,(anonymous_19)
FNDA:0,(anonymous_20)
FNDA:0,(anonymous_21)
FNDA:0,(anonymous_22)
DA:1,4
DA:10,4
DA:11,4
DA:12,4
DA:29,4
DA:31,4
DA:33,0
DA:34,0
DA:36,0
DA:39,0
DA:40,0
DA:42,0
DA:43,0
DA:46,0
DA:48,0
DA:56,0
DA:57,0
DA:59,0
DA:62,0
DA:63,0
DA:64,0
DA:66,0
DA:67,0
DA:69,0
DA:71,0
DA:76,0
DA:78,0
DA:79,0
DA:84,0
DA:85,0
DA:86,0
DA:87,0
DA:88,0
DA:89,0
DA:93,0
DA:94,0
DA:97,0
DA:98,0
DA:99,0
DA:100,0
DA:105,0
DA:111,4
DA:115,0
DA:116,0
DA:120,4
DA:124,0
DA:128,4
DA:134,0
DA:143,4
DA:147,0
DA:156,4
DA:160,0
DA:161,0
DA:165,4
DA:169,0
DA:174,4
DA:178,0
DA:179,0
DA:192,0
DA:196,0
DA:201,0
DA:203,0
DA:211,0
DA:217,0
DA:218,0
DA:219,0
DA:220,0
DA:226,0
DA:227,0
DA:228,0
DA:229,0
DA:235,0
LF:72
LH:13
BRDA:42,0,0,0
BRDA:51,1,0,0
BRDA:51,1,1,0
BRDA:56,2,0,0
BRDA:62,3,0,0
BRDA:66,4,0,0
BRDA:84,5,0,0
BRDA:86,6,0,0
BRDA:88,7,0,0
BRDA:93,8,0,0
BRDA:97,9,0,0
BRDA:99,10,0,0
BRDA:178,11,0,0
BRDA:218,12,0,0
BRDA:227,13,0,0
BRF:15
BRH:0
end_of_record
TN:
SF:src/modules/events/events.module.ts
FN:10,(anonymous_1)
FNF:1
FNH:0
FNDA:0,(anonymous_1)
DA:1,0
DA:2,0
DA:3,0
DA:4,0
DA:10,0
DA:21,0
LF:6
LH:0
BRDA:13,0,0,0
BRDA:13,0,1,0
BRF:2
BRH:0
end_of_record
TN:
SF:src/modules/favorites/favorites.controller.ts
FN:23,(anonymous_4)
FN:27,(anonymous_5)
FN:33,(anonymous_6)
FN:39,(anonymous_7)
FN:49,(anonymous_8)
FN:61,(anonymous_9)
FN:71,(anonymous_10)
FNF:7
FNH:0
FNDA:0,(anonymous_4)
FNDA:0,(anonymous_5)
FNDA:0,(anonymous_6)
FNDA:0,(anonymous_7)
FNDA:0,(anonymous_8)
FNDA:0,(anonymous_9)
FNDA:0,(anonymous_10)
DA:1,0
DA:11,0
DA:12,0
DA:13,0
DA:14,0
DA:15,0
DA:16,0
DA:22,0
DA:23,0
DA:27,0
DA:28,0
DA:33,0
DA:34,0
DA:39,0
DA:43,0
DA:44,0
DA:49,0
DA:54,0
DA:61,0
DA:66,0
DA:71,0
DA:75,0
LF:22
LH:0
BRDA:66,0,0,0
BRDA:66,0,1,0
BRF:2
BRH:0
end_of_record
TN:
SF:src/modules/favorites/favorites.module.ts
FNF:0
FNH:0
DA:1,0
DA:2,0
DA:3,0
DA:4,0
DA:5,0
DA:13,0
LF:6
LH:0
BRF:0
BRH:0
end_of_record
TN:
SF:src/modules/favorites/favorites.service.ts
FN:10,(anonymous_4)
FN:15,(anonymous_5)
FN:37,(anonymous_6)
FN:45,(anonymous_7)
FN:61,(anonymous_8)
FN:72,(anonymous_9)
FN:88,(anonymous_10)
FNF:7
FNH:0
FNDA:0,(anonymous_4)
FNDA:0,(anonymous_5)
FNDA:0,(anonymous_6)
FNDA:0,(anonymous_7)
FNDA:0,(anonymous_8)
FNDA:0,(anonymous_9)
FNDA:0,(anonymous_10)
DA:1,0
DA:2,0
DA:3,0
DA:4,0
DA:9,0
DA:12,0
DA:17,0
DA:24,0
DA:25,0
DA:28,0
DA:34,0
DA:38,0
DA:46,0
DA:53,0
DA:54,0
DA:57,0
DA:58,0
DA:62,0
DA:69,0
DA:73,0
DA:80,0
DA:81,0
DA:84,0
DA:85,0
DA:89,0
DA:96,0
DA:97,0
DA:100,0
DA:101,0
LF:29
LH:0
BRDA:24,0,0,0
BRDA:53,1,0,0
BRDA:80,2,0,0
BRDA:96,3,0,0
BRF:4
BRH:0
end_of_record
TN:
SF:src/modules/favorites/dto/add-favorite.dto.ts
FNF:0
FNH:0
DA:1,0
DA:2,0
DA:4,0
DA:8,0
DA:13,0
LF:5
LH:0
BRF:0
BRH:0
end_of_record
TN:
SF:src/modules/favorites/dto/update-favorite.dto.ts
FNF:0
FNH:0
DA:1,0
DA:2,0
DA:4,0
DA:8,0
LF:4
LH:0
BRF:0
BRH:0
end_of_record
TN:
SF:src/modules/favorites/entities/favorite.entity.ts
FN:31,(anonymous_2)
FN:35,(anonymous_3)
FNF:2
FNH:0
FNDA:0,(anonymous_2)
FNDA:0,(anonymous_3)
DA:1,0
DA:10,0
DA:11,0
DA:15,0
DA:17,0
DA:20,0
DA:23,0
DA:26,0
DA:29,0
DA:31,0
DA:33,0
DA:35,0
DA:37,0
LF:13
LH:0
BRF:0
BRH:0
end_of_record
TN:
SF:src/modules/financial/financial.controller.ts
FN:34,(anonymous_4)
FN:38,(anonymous_5)
FN:46,(anonymous_6)
FN:55,(anonymous_7)
FN:66,(anonymous_8)
FN:84,(anonymous_9)
FN:100,(anonymous_10)
FN:116,(anonymous_11)
FN:132,(anonymous_12)
FN:148,(anonymous_13)
FNF:10
FNH:0
FNDA:0,(anonymous_4)
FNDA:0,(anonymous_5)
FNDA:0,(anonymous_6)
FNDA:0,(anonymous_7)
FNDA:0,(anonymous_8)
FNDA:0,(anonymous_9)
FNDA:0,(anonymous_10)
FNDA:0,(anonymous_11)
FNDA:0,(anonymous_12)
FNDA:0,(anonymous_13)
DA:1,0
DA:12,0
DA:19,0
DA:20,0
DA:21,0
DA:22,0
DA:23,0
DA:24,0
DA:25,0
DA:26,0
DA:33,0
DA:34,0
DA:38,0
DA:39,0
DA:46,0
DA:50,0
DA:55,0
DA:59,0
DA:66,0
DA:72,0
DA:84,0
DA:89,0
DA:100,0
DA:105,0
DA:116,0
DA:121,0
DA:132,0
DA:137,0
DA:148,0
DA:153,0
LF:30
LH:0
BRF:0
BRH:0
end_of_record
TN:
SF:src/modules/financial/financial.module.ts
FNF:0
FNH:0
DA:1,0
DA:2,0
DA:3,0
DA:4,0
DA:5,0
DA:6,0
DA:14,0
LF:7
LH:0
BRF:0
BRH:0
end_of_record
TN:
SF:src/modules/financial/financial.service.ts
FN:31,(anonymous_4)
FN:40,(anonymous_5)
FN:63,(anonymous_6)
FN:84,(anonymous_7)
FN:100,(anonymous_8)
FN:120,(anonymous_9)
FN:149,(anonymous_10)
FN:150,(anonymous_11)
FN:153,(anonymous_12)
FN:154,(anonymous_13)
FN:157,(anonymous_14)
FN:158,(anonymous_15)
FN:161,(anonymous_16)
FN:162,(anonymous_17)
FN:196,(anonymous_18)
FN:240,(anonymous_19)
FN:295,(anonymous_20)
FN:309,(anonymous_21)
FN:331,(anonymous_22)
FN:345,(anonymous_23)
FN:367,(anonymous_24)
FN:383,(anonymous_25)
FN:384,(anonymous_26)
FN:408,(anonymous_27)
FN:418,(anonymous_28)
FN:439,(anonymous_29)
FN:442,(anonymous_30)
FN:446,(anonymous_31)
FN:450,(anonymous_32)
FN:473,(anonymous_33)
FN:507,(anonymous_34)
FN:511,(anonymous_35)
FN:516,(anonymous_36)
FN:534,(anonymous_37)
FN:538,(anonymous_38)
FNF:35
FNH:0
FNDA:0,(anonymous_4)
FNDA:0,(anonymous_5)
FNDA:0,(anonymous_6)
FNDA:0,(anonymous_7)
FNDA:0,(anonymous_8)
FNDA:0,(anonymous_9)
FNDA:0,(anonymous_10)
FNDA:0,(anonymous_11)
FNDA:0,(anonymous_12)
FNDA:0,(anonymous_13)
FNDA:0,(anonymous_14)
FNDA:0,(anonymous_15)
FNDA:0,(anonymous_16)
FNDA:0,(anonymous_17)
FNDA:0,(anonymous_18)
FNDA:0,(anonymous_19)
FNDA:0,(anonymous_20)
FNDA:0,(anonymous_21)
FNDA:0,(anonymous_22)
FNDA:0,(anonymous_23)
FNDA:0,(anonymous_24)
FNDA:0,(anonymous_25)
FNDA:0,(anonymous_26)
FNDA:0,(anonymous_27)
FNDA:0,(anonymous_28)
FNDA:0,(anonymous_29)
FNDA:0,(anonymous_30)
FNDA:0,(anonymous_31)
FNDA:0,(anonymous_32)
FNDA:0,(anonymous_33)
FNDA:0,(anonymous_34)
FNDA:0,(anonymous_35)
FNDA:0,(anonymous_36)
FNDA:0,(anonymous_37)
FNDA:0,(anonymous_38)
DA:1,0
DA:2,0
DA:3,0
DA:4,0
DA:12,0
DA:30,0
DA:33,0
DA:34,0
DA:41,0
DA:43,0
DA:46,0
DA:57,0
DA:69,0
DA:85,0
DA:107,0
DA:124,0
DA:125,0
DA:127,0
DA:135,0
DA:136,0
DA:139,0
DA:140,0
DA:145,0
DA:148,0
DA:149,0
DA:150,0
DA:152,0
DA:153,0
DA:154,0
DA:156,0
DA:157,0
DA:158,0
DA:160,0
DA:161,0
DA:162,0
DA:165,0
DA:166,0
DA:167,0
DA:170,0
DA:172,0
DA:202,0
DA:203,0
DA:205,0
DA:213,0
DA:214,0
DA:217,0
DA:218,0
DA:223,0
DA:229,0
DA:245,0
DA:254,0
DA:256,0
DA:257,0
DA:259,0
DA:260,0
DA:269,0
DA:270,0
DA:272,0
DA:274,0
DA:278,0
DA:279,0
DA:280,0
DA:284,0
DA:285,0
DA:289,0
DA:300,0
DA:308,0
DA:310,0
DA:311,0
DA:312,0
DA:318,0
DA:319,0
DA:320,0
DA:325,0
DA:336,0
DA:344,0
DA:346,0
DA:347,0
DA:348,0
DA:354,0
DA:355,0
DA:356,0
DA:361,0
DA:372,0
DA:377,0
DA:383,0
DA:384,0
DA:385,0
DA:387,0
DA:409,0
DA:417,0
DA:418,0
DA:419,0
DA:421,0
DA:424,0
DA:426,0
DA:437,0
DA:440,0
DA:442,0
DA:444,0
DA:447,0
DA:450,0
DA:452,0
DA:474,0
DA:478,0
DA:479,0
DA:482,0
DA:483,0
DA:486,0
DA:487,0
DA:491,0
DA:492,0
DA:499,0
DA:510,0
DA:511,0
DA:515,0
DA:517,0
DA:518,0
DA:519,0
DA:526,0
DA:527,0
DA:528,0
DA:534,0
DA:535,0
DA:538,0
LF:125
LH:0
BRDA:67,0,0,0
BRDA:135,1,0,0
BRDA:139,2,0,0
BRDA:186,3,0,0
BRDA:186,3,1,0
BRDA:199,4,0,0
BRDA:200,5,0,0
BRDA:213,6,0,0
BRDA:217,7,0,0
BRDA:259,8,0,0
BRDA:274,9,0,0
BRDA:274,9,1,0
BRDA:275,10,0,0
BRDA:275,10,1,0
BRDA:280,11,0,0
BRDA:281,12,0,0
BRDA:281,12,1,0
BRDA:311,13,0,0
BRDA:347,14,0,0
BRDA:401,15,0,0
BRDA:401,15,1,0
BRDA:421,16,0,0
BRDA:421,16,1,0
BRDA:424,17,0,0
BRDA:424,17,1,0
BRDA:440,18,0,0
BRDA:440,18,1,0
BRDA:447,19,0,0
BRDA:447,19,1,0
BRDA:478,20,0,0
BRDA:482,21,0,0
BRDA:486,22,0,0
BRDA:491,23,0,0
BRDA:491,24,0,0
BRDA:491,24,1,0
BRDA:494,25,0,0
BRDA:494,25,1,0
BRDA:495,26,0,0
BRDA:495,26,1,0
BRDA:518,27,0,0
BRDA:535,28,0,0
BRDA:535,28,1,0
BRF:42
BRH:0
end_of_record
TN:
SF:src/modules/financial/dto/create-transaction.dto.ts
FNF:0
FNH:0
DA:1,0
DA:2,0
DA:3,0
DA:5,0
DA:9,0
DA:14,0
DA:19,0
DA:25,0
DA:30,0
DA:35,0
DA:40,0
DA:44,0
LF:12
LH:0
BRF:0
BRH:0
end_of_record
TN:
SF:src/modules/financial/dto/financial-report-query.dto.ts
FNF:0
FNH:0
DA:1,0
DA:2,0
DA:3,0
DA:5,0
DA:9,0
DA:14,0
DA:19,0
DA:24,0
LF:8
LH:0
BRF:0
BRH:0
end_of_record
TN:
SF:src/modules/financial/dto/update-transaction.dto.ts
FN:4,(anonymous_2)
FNF:1
FNH:0
FNDA:0,(anonymous_2)
DA:1,0
DA:2,0
DA:4,0
DA:5,0
DA:6,0
DA:7,0
DA:8,0
DA:11,0
DA:15,0
DA:20,0
DA:25,0
DA:30,0
LF:12
LH:0
BRDA:4,0,0,0
BRDA:4,0,1,0
BRF:2
BRH:0
end_of_record
TN:
SF:src/modules/financial/entities/financial-transaction.entity.ts
FN:11,(anonymous_2)
FN:19,(anonymous_3)
FN:64,(anonymous_4)
FNF:3
FNH:0
FNDA:0,(anonymous_2)
FNDA:0,(anonymous_3)
FNDA:0,(anonymous_4)
DA:1,0
DA:9,0
DA:11,0
DA:12,0
DA:13,0
DA:14,0
DA:15,0
DA:16,0
DA:19,0
DA:20,0
DA:21,0
DA:22,0
DA:23,0
DA:24,0
DA:25,0
DA:26,0
DA:27,0
DA:28,0
DA:29,0
DA:33,0
DA:35,0
DA:38,0
DA:41,0
DA:44,0
DA:47,0
DA:50,0
DA:53,0
DA:56,0
DA:59,0
DA:62,0
DA:64,0
DA:66,0
LF:32
LH:0
BRDA:11,0,0,0
BRDA:11,0,1,0
BRDA:19,1,0,0
BRDA:19,1,1,0
BRF:4
BRH:0
end_of_record
TN:
SF:src/modules/hr/hr.controller.ts
FN:17,(anonymous_4)
FN:25,(anonymous_5)
FN:38,(anonymous_6)
FN:48,(anonymous_7)
FN:58,(anonymous_8)
FN:70,(anonymous_9)
FN:79,(anonymous_10)
FN:89,(anonymous_11)
FN:103,(anonymous_12)
FN:115,(anonymous_13)
FN:124,(anonymous_14)
FN:136,(anonymous_15)
FNF:12
FNH:0
FNDA:0,(anonymous_4)
FNDA:0,(anonymous_5)
FNDA:0,(anonymous_6)
FNDA:0,(anonymous_7)
FNDA:0,(anonymous_8)
FNDA:0,(anonymous_9)
FNDA:0,(anonymous_10)
FNDA:0,(anonymous_11)
FNDA:0,(anonymous_12)
FNDA:0,(anonymous_13)
FNDA:0,(anonymous_14)
FNDA:0,(anonymous_15)
DA:1,0
DA:2,0
DA:3,0
DA:4,0
DA:5,0
DA:6,0
DA:7,0
DA:8,0
DA:9,0
DA:10,0
DA:16,0
DA:17,0
DA:25,0
DA:30,0
DA:38,0
DA:42,0
DA:48,0
DA:52,0
DA:58,0
DA:62,0
DA:70,0
DA:74,0
DA:79,0
DA:83,0
DA:89,0
DA:94,0
DA:103,0
DA:108,0
DA:115,0
DA:116,0
DA:124,0
DA:128,0
DA:136,0
DA:137,0
LF:34
LH:0
BRF:0
BRH:0
end_of_record
TN:
SF:src/modules/hr/hr.module.ts
FNF:0
FNH:0
DA:1,0
DA:2,0
DA:3,0
DA:4,0
DA:5,0
DA:6,0
DA:7,0
DA:15,0
LF:8
LH:0
BRF:0
BRH:0
end_of_record
TN:
SF:src/modules/hr/hr.service.ts
FN:14,(anonymous_4)
FN:23,(anonymous_5)
FN:37,(anonymous_6)
FN:63,(anonymous_7)
FN:95,(anonymous_8)
FN:131,(anonymous_9)
FN:144,(anonymous_10)
FN:161,(anonymous_11)
FN:192,(anonymous_12)
FN:223,(anonymous_13)
FN:251,(anonymous_14)
FN:259,(anonymous_15)
FN:264,(anonymous_16)
FNF:13
FNH:0
FNDA:0,(anonymous_4)
FNDA:0,(anonymous_5)
FNDA:0,(anonymous_6)
FNDA:0,(anonymous_7)
FNDA:0,(anonymous_8)
FNDA:0,(anonymous_9)
FNDA:0,(anonymous_10)
FNDA:0,(anonymous_11)
FNDA:0,(anonymous_12)
FNDA:0,(anonymous_13)
FNDA:0,(anonymous_14)
FNDA:0,(anonymous_15)
FNDA:0,(anonymous_16)
DA:1,0
DA:2,0
DA:3,0
DA:4,0
DA:5,0
DA:6,0
DA:11,0
DA:12,0
DA:16,0
DA:18,0
DA:20,0
DA:24,0
DA:26,0
DA:27,0
DA:30,0
DA:37,0
DA:38,0
DA:39,0
DA:40,0
DA:51,0
DA:52,0
DA:53,0
DA:54,0
DA:55,0
DA:57,0
DA:60,0
DA:64,0
DA:66,0
DA:74,0
DA:75,0
DA:78,0
DA:79,0
DA:81,0
DA:89,0
DA:90,0
DA:92,0
DA:96,0
DA:98,0
DA:106,0
DA:107,0
DA:110,0
DA:111,0
DA:114,0
DA:115,0
DA:118,0
DA:119,0
DA:120,0
DA:122,0
DA:123,0
DA:125,0
DA:126,0
DA:128,0
DA:132,0
DA:133,0
DA:134,0
DA:137,0
DA:145,0
DA:155,0
DA:156,0
DA:158,0
DA:167,0
DA:171,0
DA:172,0
DA:175,0
DA:176,0
DA:177,0
DA:179,0
DA:180,0
DA:183,0
DA:184,0
DA:186,0
DA:193,0
DA:197,0
DA:198,0
DA:201,0
DA:202,0
DA:205,0
DA:206,0
DA:207,0
DA:208,0
DA:209,0
DA:213,0
DA:214,0
DA:217,0
DA:224,0
DA:228,0
DA:229,0
DA:232,0
DA:233,0
DA:236,0
DA:237,0
DA:240,0
DA:241,0
DA:244,0
DA:245,0
DA:248,0
DA:252,0
DA:260,0
DA:261,0
DA:265,0
DA:266,0
DA:267,0
DA:269,0
DA:270,0
LF:104
LH:0
BRDA:26,0,0,0
BRDA:26,1,0,0
BRDA:26,1,1,0
BRDA:39,2,0,0
BRDA:42,3,0,0
BRDA:42,3,1,0
BRDA:51,4,0,0
BRDA:51,4,1,0
BRDA:52,5,0,0
BRDA:52,5,1,0
BRDA:53,6,0,0
BRDA:53,6,1,0
BRDA:54,7,0,0
BRDA:54,7,1,0
BRDA:74,8,0,0
BRDA:74,9,0,0
BRDA:74,9,1,0
BRDA:106,10,0,0
BRDA:110,11,0,0
BRDA:133,12,0,0
BRDA:171,13,0,0
BRDA:179,14,0,0
BRDA:179,15,0,0
BRDA:179,15,1,0
BRDA:197,16,0,0
BRDA:201,17,0,0
BRDA:205,18,0,0
BRDA:205,19,0,0
BRDA:205,19,1,0
BRDA:213,20,0,0
BRDA:228,21,0,0
BRDA:232,22,0,0
BRDA:236,23,0,0
BRDA:240,24,0,0
BRDA:244,25,0,0
BRDA:266,26,0,0
BRF:36
BRH:0
end_of_record
TN:
SF:src/modules/hr/dto/check-in.dto.ts
FNF:0
FNH:0
DA:1,0
DA:2,0
DA:4,0
DA:8,0
DA:12,0
DA:19,0
DA:23,0
DA:27,0
LF:8
LH:0
BRF:0
BRH:0
end_of_record
TN:
SF:src/modules/hr/dto/create-leave-request.dto.ts
FNF:0
FNH:0
DA:1,0
DA:2,0
DA:4,0
DA:8,0
DA:13,0
DA:18,0
DA:23,0
DA:28,0
DA:33,0
DA:39,0
LF:10
LH:0
BRF:0
BRH:0
end_of_record
TN:
SF:src/modules/hr/dto/create-shift.dto.ts
FNF:0
FNH:0
DA:1,0
DA:2,0
DA:4,0
DA:8,0
DA:13,0
DA:18,0
DA:23,0
DA:28,0
DA:33,0
DA:38,0
DA:43,0
DA:48,0
DA:51,0
DA:55,0
DA:60,0
DA:65,0
DA:70,0
DA:75,0
DA:80,0
LF:19
LH:0
BRF:0
BRH:0
end_of_record
TN:
SF:src/modules/hr/dto/review-leave-request.dto.ts
FNF:0
FNH:0
DA:1,0
DA:2,0
DA:4,0
DA:8,0
DA:13,0
LF:5
LH:0
BRF:0
BRH:0
end_of_record
TN:
SF:src/modules/hr/dto/update-attendance.dto.ts
FNF:0
FNH:0
DA:1,0
DA:2,0
DA:4,0
DA:8,0
DA:13,0
LF:5
LH:0
BRF:0
BRH:0
end_of_record
TN:
SF:src/modules/hr/dto/update-shift.dto.ts
FNF:0
FNH:0
DA:1,0
DA:2,0
DA:4,0
DA:8,0
DA:13,0
DA:18,0
DA:23,0
LF:7
LH:0
BRF:0
BRH:0
end_of_record
TN:
SF:src/modules/hr/entities/attendance.entity.ts
FN:48,(anonymous_2)
FN:52,(anonymous_3)
FNF:2
FNH:0
FNDA:0,(anonymous_2)
FNDA:0,(anonymous_3)
DA:1,0
DA:10,0
DA:11,0
DA:14,0
DA:16,0
DA:19,0
DA:22,0
DA:25,0
DA:28,0
DA:31,0
DA:34,0
DA:37,0
DA:40,0
DA:43,0
DA:46,0
DA:48,0
DA:50,0
DA:52,0
DA:54,0
LF:19
LH:0
BRF:0
BRH:0
end_of_record
TN:
SF:src/modules/hr/entities/leave-request.entity.ts
FN:54,(anonymous_2)
FN:58,(anonymous_3)
FN:62,(anonymous_4)
FNF:3
FNH:0
FNDA:0,(anonymous_2)
FNDA:0,(anonymous_3)
FNDA:0,(anonymous_4)
DA:1,0
DA:10,0
DA:11,0
DA:14,0
DA:16,0
DA:19,0
DA:22,0
DA:25,0
DA:28,0
DA:31,0
DA:34,0
DA:37,0
DA:40,0
DA:43,0
DA:46,0
DA:49,0
DA:52,0
DA:54,0
DA:56,0
DA:58,0
DA:60,0
DA:62,0
DA:64,0
LF:23
LH:0
BRF:0
BRH:0
end_of_record
TN:
SF:src/modules/hr/entities/shift.entity.ts
FN:13,(anonymous_2)
FN:75,(anonymous_3)
FN:79,(anonymous_4)
FNF:3
FNH:0
FNDA:0,(anonymous_2)
FNDA:0,(anonymous_3)
FNDA:0,(anonymous_4)
DA:1,0
DA:10,0
DA:11,0
DA:13,0
DA:14,0
DA:15,0
DA:16,0
DA:17,0
DA:18,0
DA:19,0
DA:23,0
DA:25,0
DA:28,0
DA:31,0
DA:34,0
DA:37,0
DA:40,0
DA:43,0
DA:46,0
DA:49,0
DA:52,0
DA:55,0
DA:58,0
DA:61,0
DA:64,0
DA:67,0
DA:70,0
DA:73,0
DA:75,0
DA:77,0
DA:79,0
DA:81,0
LF:32
LH:0
BRDA:13,0,0,0
BRDA:13,0,1,0
BRF:2
BRH:0
end_of_record
TN:
SF:src/modules/loyalty/loyalty.controller.ts
FN:33,(anonymous_4)
FN:37,(anonymous_5)
FN:44,(anonymous_6)
FN:59,(anonymous_7)
FN:73,(anonymous_8)
FN:84,(anonymous_9)
FN:94,(anonymous_10)
FN:104,(anonymous_11)
FN:114,(anonymous_12)
FN:122,(anonymous_13)
FN:134,(anonymous_14)
FNF:11
FNH:0
FNDA:0,(anonymous_4)
FNDA:0,(anonymous_5)
FNDA:0,(anonymous_6)
FNDA:0,(anonymous_7)
FNDA:0,(anonymous_8)
FNDA:0,(anonymous_9)
FNDA:0,(anonymous_10)
FNDA:0,(anonymous_11)
FNDA:0,(anonymous_12)
FNDA:0,(anonymous_13)
FNDA:0,(anonymous_14)
DA:1,0
DA:11,0
DA:18,0
DA:19,0
DA:20,0
DA:21,0
DA:22,0
DA:23,0
DA:24,0
DA:25,0
DA:26,0
DA:32,0
DA:33,0
DA:37,0
DA:38,0
DA:44,0
DA:48,0
DA:59,0
DA:64,0
DA:73,0
DA:78,0
DA:84,0
DA:88,0
DA:94,0
DA:98,0
DA:104,0
DA:109,0
DA:114,0
DA:115,0
DA:122,0
DA:126,0
DA:134,0
DA:135,0
LF:33
LH:0
BRF:0
BRH:0
end_of_record
TN:
SF:src/modules/loyalty/loyalty.module.ts
FNF:0
FNH:0
DA:1,0
DA:2,0
DA:3,0
DA:4,0
DA:5,0
DA:6,0
DA:14,0
LF:7
LH:0
BRF:0
BRH:0
end_of_record
TN:
SF:src/modules/loyalty/loyalty.service.ts
FN:143,(anonymous_4)
FN:152,(anonymous_5)
FN:160,(anonymous_6)
FN:179,(anonymous_7)
FN:215,(anonymous_8)
FN:234,(anonymous_9)
FN:284,(anonymous_10)
FN:346,(anonymous_11)
FN:371,(anonymous_12)
FN:376,(anonymous_13)
FN:380,(anonymous_14)
FN:394,(anonymous_15)
FN:403,(anonymous_16)
FN:469,(anonymous_17)
FN:476,(anonymous_18)
FN:484,(anonymous_19)
FN:496,(anonymous_20)
FN:503,(anonymous_21)
FN:506,(anonymous_22)
FN:508,(anonymous_23)
FN:514,(anonymous_24)
FN:543,(anonymous_25)
FN:566,(anonymous_26)
FN:591,(anonymous_27)
FN:607,(anonymous_28)
FN:608,(anonymous_29)
FN:618,(anonymous_30)
FN:632,(anonymous_31)
FNF:28
FNH:19
FNDA:10,(anonymous_4)
FNDA:1,(anonymous_5)
FNDA:1,(anonymous_6)
FNDA:8,(anonymous_7)
FNDA:1,(anonymous_8)
FNDA:1,(anonymous_9)
FNDA:0,(anonymous_10)
FNDA:2,(anonymous_11)
FNDA:1,(anonymous_12)
FNDA:7,(anonymous_13)
FNDA:7,(anonymous_14)
FNDA:2,(anonymous_15)
FNDA:8,(anonymous_16)
FNDA:0,(anonymous_17)
FNDA:1,(anonymous_18)
FNDA:1,(anonymous_19)
FNDA:0,(anonymous_20)
FNDA:0,(anonymous_21)
FNDA:0,(anonymous_22)
FNDA:0,(anonymous_23)
FNDA:0,(anonymous_24)
FNDA:0,(anonymous_25)
FNDA:0,(anonymous_26)
FNDA:20,(anonymous_27)
FNDA:16,(anonymous_28)
FNDA:30,(anonymous_29)
FNDA:8,(anonymous_30)
FNDA:1,(anonymous_31)
DA:1,2
DA:6,2
DA:7,2
DA:8,2
DA:12,2
DA:34,2
DA:35,10
DA:84,10
DA:145,10
DA:146,10
DA:153,1
DA:160,1
DA:161,1
DA:162,1
DA:180,8
DA:185,8
DA:186,1
DA:190,8
DA:191,8
DA:192,1
DA:193,1
DA:196,1
DA:204,8
DA:216,1
DA:228,1
DA:239,1
DA:241,1
DA:242,1
DA:244,1
DA:247,1
DA:248,1
DA:250,1
DA:253,1
DA:262,1
DA:263,0
DA:272,1
DA:291,0
DA:293,0
DA:294,0
DA:296,0
DA:297,0
DA:298,0
DA:299,0
DA:302,0
DA:303,0
DA:304,0
DA:306,0
DA:309,0
DA:318,0
DA:319,0
DA:327,0
DA:335,0
DA:347,2
DA:351,2
DA:372,1
DA:375,1
DA:376,7
DA:379,1
DA:380,7
DA:383,1
DA:399,2
DA:402,2
DA:403,8
DA:406,2
DA:407,0
DA:411,2
DA:412,1
DA:418,1
DA:421,1
DA:428,1
DA:429,0
DA:431,1
DA:434,1
DA:435,1
DA:437,1
DA:440,1
DA:450,1
DA:458,1
DA:470,0
DA:477,1
DA:484,1
DA:497,0
DA:501,0
DA:502,0
DA:503,0
DA:506,0
DA:507,0
DA:508,0
DA:513,0
DA:515,0
DA:516,0
DA:522,0
DA:523,0
DA:524,0
DA:526,0
DA:544,0
DA:548,0
DA:549,0
DA:552,0
DA:555,0
DA:556,0
DA:557,0
DA:560,0
DA:567,0
DA:571,0
DA:572,0
DA:575,0
DA:578,0
DA:579,0
DA:580,0
DA:583,0
DA:592,20
DA:593,63
DA:594,63
DA:598,20
DA:601,0
DA:608,30
DA:609,16
DA:610,16
DA:612,0
DA:619,8
DA:620,8
DA:622,8
DA:623,8
DA:626,0
DA:633,1
DA:634,1
DA:635,1
DA:636,8
DA:638,1
LF:130
LH:77
BRDA:170,0,0,1
BRDA:170,0,1,0
BRDA:171,1,0,1
BRDA:171,1,1,0
BRDA:185,2,0,1
BRDA:191,3,0,1
BRDA:262,4,0,0
BRDA:293,5,0,0
BRDA:318,6,0,0
BRDA:358,7,0,2
BRDA:358,7,1,0
BRDA:361,8,0,2
BRDA:361,8,1,0
BRDA:363,9,0,2
BRDA:363,9,1,0
BRDA:406,10,0,0
BRDA:411,11,0,1
BRDA:428,12,0,0
BRDA:476,13,0,0
BRDA:486,14,0,1
BRDA:486,14,1,1
BRDA:515,15,0,0
BRDA:515,15,1,0
BRDA:522,16,0,0
BRDA:522,16,1,0
BRDA:523,17,0,0
BRDA:523,17,1,0
BRDA:524,18,0,0
BRDA:524,18,1,0
BRDA:548,19,0,0
BRDA:555,20,0,0
BRDA:571,21,0,0
BRDA:578,22,0,0
BRDA:594,23,0,20
BRDA:595,24,0,63
BRDA:595,24,1,20
BRDA:595,24,2,20
BRDA:609,25,0,16
BRDA:622,26,0,8
BRF:39
BRH:16
end_of_record
TN:
SF:src/modules/loyalty/dto/add-points.dto.ts
FNF:0
FNH:0
DA:1,0
DA:2,0
DA:4,0
DA:9,0
DA:14,0
LF:5
LH:0
BRF:0
BRH:0
end_of_record
TN:
SF:src/modules/loyalty/dto/redeem-reward.dto.ts
FNF:0
FNH:0
DA:1,0
DA:2,0
DA:4,0
DA:8,0
LF:4
LH:0
BRF:0
BRH:0
end_of_record
TN:
SF:src/modules/loyalty/dto/update-loyalty-program.dto.ts
FN:4,(anonymous_2)
FNF:1
FNH:0
FNDA:0,(anonymous_2)
DA:1,0
DA:2,0
DA:4,0
DA:5,0
DA:6,0
DA:7,0
DA:8,0
DA:11,0
DA:16,0
DA:21,0
DA:27,0
DA:33,0
DA:39,0
DA:44,0
LF:14
LH:0
BRDA:4,0,0,0
BRDA:4,0,1,0
BRF:2
BRH:0
end_of_record
TN:
SF:src/modules/loyalty/entities/loyalty-program.entity.ts
FN:54,(anonymous_2)
FN:58,(anonymous_3)
FNF:2
FNH:0
FNDA:0,(anonymous_2)
FNDA:0,(anonymous_3)
DA:1,2
DA:10,2
DA:11,2
DA:14,2
DA:16,2
DA:19,2
DA:22,2
DA:25,2
DA:28,2
DA:31,2
DA:34,2
DA:37,2
DA:40,2
DA:43,2
DA:46,2
DA:49,2
DA:52,2
DA:54,0
DA:56,2
DA:58,0
DA:60,2
LF:21
LH:19
BRF:0
BRH:0
end_of_record
TN:
SF:src/modules/menu-items/menu-items.controller.ts
FN:14,(anonymous_4)
FN:19,(anonymous_5)
FN:26,(anonymous_6)
FN:34,(anonymous_7)
FN:42,(anonymous_8)
FN:50,(anonymous_9)
FN:58,(anonymous_10)
FN:66,(anonymous_11)
FN:74,(anonymous_12)
FNF:9
FNH:0
FNDA:0,(anonymous_4)
FNDA:0,(anonymous_5)
FNDA:0,(anonymous_6)
FNDA:0,(anonymous_7)
FNDA:0,(anonymous_8)
FNDA:0,(anonymous_9)
FNDA:0,(anonymous_10)
FNDA:0,(anonymous_11)
FNDA:0,(anonymous_12)
DA:1,0
DA:2,0
DA:3,0
DA:4,0
DA:5,0
DA:6,0
DA:7,0
DA:8,0
DA:9,0
DA:13,0
DA:14,0
DA:19,0
DA:20,0
DA:26,0
DA:27,0
DA:34,0
DA:35,0
DA:42,0
DA:43,0
DA:50,0
DA:51,0
DA:58,0
DA:59,0
DA:66,0
DA:67,0
DA:74,0
DA:75,0
LF:27
LH:0
BRF:0
BRH:0
end_of_record
TN:
SF:src/modules/menu-items/menu-items.module.ts
FNF:0
FNH:0
DA:1,0
DA:2,0
DA:3,0
DA:4,0
DA:5,0
DA:6,0
DA:7,0
DA:15,0
LF:8
LH:0
BRF:0
BRH:0
end_of_record
TN:
SF:src/modules/menu-items/menu-items.service.ts
FN:11,(anonymous_4)
FN:18,(anonymous_5)
FN:25,(anonymous_6)
FN:32,(anonymous_7)
FN:37,(anonymous_8)
FN:42,(anonymous_9)
FN:49,(anonymous_10)
FN:56,(anonymous_11)
FN:63,(anonymous_12)
FNF:9
FNH:7
FNDA:8,(anonymous_4)
FNDA:1,(anonymous_5)
FNDA:1,(anonymous_6)
FNDA:1,(anonymous_7)
FNDA:1,(anonymous_8)
FNDA:2,(anonymous_9)
FNDA:2,(anonymous_10)
FNDA:0,(anonymous_11)
FNDA:0,(anonymous_12)
DA:1,1
DA:2,1
DA:3,1
DA:4,1
DA:5,1
DA:10,1
DA:13,8
DA:15,8
DA:19,1
DA:26,1
DA:33,1
DA:34,1
DA:38,1
DA:39,1
DA:43,2
DA:44,2
DA:45,1
DA:46,1
DA:50,2
DA:51,2
DA:52,1
DA:53,1
DA:57,0
DA:58,0
DA:59,0
DA:60,0
DA:64,0
DA:65,0
DA:66,0
DA:67,0
LF:30
LH:22
BRDA:44,0,0,1
BRDA:51,1,0,1
BRDA:58,2,0,0
BRDA:65,3,0,0
BRF:4
BRH:2
end_of_record
TN:
SF:src/modules/menu-items/dto/create-category.dto.ts
FNF:0
FNH:0
DA:1,0
DA:2,0
DA:4,0
DA:8,0
DA:13,0
DA:18,0
DA:23,0
LF:7
LH:0
BRF:0
BRH:0
end_of_record
TN:
SF:src/modules/menu-items/dto/create-menu-item.dto.ts
FNF:0
FNH:0
DA:1,0
DA:2,0
DA:4,0
DA:8,0
DA:13,0
DA:18,0
DA:23,0
DA:28,0
DA:33,0
DA:38,0
DA:43,0
DA:48,0
DA:53,0
LF:13
LH:0
BRF:0
BRH:0
end_of_record
TN:
SF:src/modules/menu-items/dto/update-category.dto.ts
FNF:0
FNH:0
DA:1,0
DA:2,0
DA:4,0
DA:8,0
DA:13,0
DA:19,0
DA:24,0
LF:7
LH:0
BRF:0
BRH:0
end_of_record
TN:
SF:src/modules/menu-items/dto/update-menu-item.dto.ts
FNF:0
FNH:0
DA:1,0
DA:2,0
DA:3,0
DA:5,0
LF:4
LH:0
BRF:0
BRH:0
end_of_record
TN:
SF:src/modules/menu-items/entities/menu-category.entity.ts
FN:43,(anonymous_2)
FN:47,(anonymous_3)
FN:47,(anonymous_4)
FNF:3
FNH:0
FNDA:0,(anonymous_2)
FNDA:0,(anonymous_3)
FNDA:0,(anonymous_4)
DA:1,10
DA:11,10
DA:12,10
DA:15,10
DA:17,10
DA:20,10
DA:23,10
DA:26,10
DA:29,10
DA:32,10
DA:35,10
DA:38,10
DA:41,10
DA:43,0
DA:45,10
DA:47,0
DA:48,10
LF:17
LH:15
BRF:0
BRH:0
end_of_record
TN:
SF:src/modules/menu-items/entities/menu-item.entity.ts
FN:62,(anonymous_2)
FN:62,(anonymous_3)
FN:66,(anonymous_4)
FN:66,(anonymous_5)
FN:72,(anonymous_6)
FN:72,(anonymous_7)
FNF:6
FNH:0
FNDA:0,(anonymous_2)
FNDA:0,(anonymous_3)
FNDA:0,(anonymous_4)
FNDA:0,(anonymous_5)
FNDA:0,(anonymous_6)
FNDA:0,(anonymous_7)
DA:1,10
DA:11,10
DA:12,10
DA:13,10
DA:16,10
DA:18,10
DA:21,10
DA:24,10
DA:27,10
DA:30,10
DA:33,10
DA:36,10
DA:39,10
DA:42,10
DA:45,10
DA:48,10
DA:51,10
DA:54,10
DA:57,10
DA:60,10
DA:62,0
DA:64,10
DA:66,0
DA:70,10
DA:72,0
DA:73,10
LF:26
LH:23
BRF:0
BRH:0
end_of_record
TN:
SF:src/modules/notifications/notifications.controller.ts
FN:35,(anonymous_4)
FN:42,(anonymous_5)
FN:56,(anonymous_6)
FN:74,(anonymous_7)
FN:85,(anonymous_8)
FN:93,(anonymous_9)
FN:101,(anonymous_10)
FN:111,(anonymous_11)
FN:121,(anonymous_12)
FN:134,(anonymous_13)
FN:141,(anonymous_14)
FN:151,(anonymous_15)
FNF:12
FNH:0
FNDA:0,(anonymous_4)
FNDA:0,(anonymous_5)
FNDA:0,(anonymous_6)
FNDA:0,(anonymous_7)
FNDA:0,(anonymous_8)
FNDA:0,(anonymous_9)
FNDA:0,(anonymous_10)
FNDA:0,(anonymous_11)
FNDA:0,(anonymous_12)
FNDA:0,(anonymous_13)
FNDA:0,(anonymous_14)
FNDA:0,(anonymous_15)
DA:1,0
DA:13,0
DA:20,0
DA:21,0
DA:22,0
DA:23,0
DA:24,0
DA:25,0
DA:26,0
DA:27,0
DA:28,0
DA:34,0
DA:35,0
DA:42,0
DA:43,0
DA:56,0
DA:63,0
DA:74,0
DA:75,0
DA:76,0
DA:85,0
DA:86,0
DA:93,0
DA:94,0
DA:101,0
DA:105,0
DA:111,0
DA:112,0
DA:121,0
DA:125,0
DA:134,0
DA:135,0
DA:141,0
DA:142,0
DA:151,0
DA:152,0
LF:36
LH:0
BRDA:64,0,0,0
BRDA:64,0,1,0
BRF:2
BRH:0
end_of_record
TN:
SF:src/modules/notifications/notifications.module.ts
FNF:0
FNH:0
DA:1,0
DA:2,0
DA:3,0
DA:4,0
DA:5,0
DA:6,0
DA:17,0
LF:7
LH:0
BRF:0
BRH:0
end_of_record
TN:
SF:src/modules/notifications/notifications.service.ts
FN:10,(anonymous_4)
FN:45,(anonymous_5)
FN:54,(anonymous_6)
FN:82,(anonymous_7)
FN:103,(anonymous_8)
FN:126,(anonymous_9)
FN:164,(anonymous_10)
FN:176,(anonymous_11)
FN:191,(anonymous_12)
FN:213,(anonymous_13)
FN:246,(anonymous_14)
FN:271,(anonymous_15)
FN:288,(anonymous_16)
FN:305,(anonymous_17)
FN:334,(anonymous_18)
FN:346,(anonymous_19)
FN:362,(anonymous_20)
FN:383,(anonymous_21)
FN:400,(anonymous_22)
FN:422,(anonymous_23)
FN:445,(anonymous_24)
FN:463,(anonymous_25)
FN:483,(anonymous_26)
FNF:23
FNH:23
FNDA:1,(anonymous_4)
FNDA:25,(anonymous_5)
FNDA:10,(anonymous_6)
FNDA:1,(anonymous_7)
FNDA:1,(anonymous_8)
FNDA:3,(anonymous_9)
FNDA:8,(anonymous_10)
FNDA:5,(anonymous_11)
FNDA:2,(anonymous_12)
FNDA:1,(anonymous_13)
FNDA:1,(anonymous_14)
FNDA:1,(anonymous_15)
FNDA:1,(anonymous_16)
FNDA:1,(anonymous_17)
FNDA:2,(anonymous_18)
FNDA:1,(anonymous_19)
FNDA:1,(anonymous_20)
FNDA:1,(anonymous_21)
FNDA:1,(anonymous_22)
FNDA:1,(anonymous_23)
FNDA:1,(anonymous_24)
FNDA:1,(anonymous_25)
FNDA:2,(anonymous_26)
DA:1,1
DA:2,1
DA:3,1
DA:4,1
DA:8,1
DA:10,1
DA:11,1
DA:12,1
DA:13,1
DA:14,1
DA:15,1
DA:16,1
DA:17,1
DA:18,1
DA:19,1
DA:20,1
DA:21,1
DA:22,1
DA:23,1
DA:24,1
DA:25,1
DA:26,1
DA:27,1
DA:28,1
DA:44,1
DA:47,25
DA:48,25
DA:55,10
DA:64,10
DA:67,10
DA:76,10
DA:83,1
DA:85,1
DA:86,2
DA:94,2
DA:97,1
DA:112,1
DA:120,1
DA:135,3
DA:138,3
DA:139,1
DA:142,3
DA:143,1
DA:146,3
DA:151,3
DA:152,3
DA:154,3
DA:165,8
DA:177,5
DA:181,5
DA:182,1
DA:185,4
DA:192,2
DA:194,2
DA:195,1
DA:196,1
DA:197,1
DA:200,1
DA:207,2
DA:214,1
DA:222,1
DA:223,1
DA:224,2
DA:225,2
DA:228,1
DA:231,1
DA:237,1
DA:247,1
DA:256,1
DA:262,1
DA:272,1
DA:273,1
DA:276,1
DA:282,1
DA:289,1
DA:297,1
DA:306,1
DA:322,1
DA:330,1
DA:335,2
DA:336,2
DA:347,1
DA:368,1
DA:384,1
DA:406,1
DA:428,1
DA:446,1
DA:468,1
DA:484,2
DA:488,2
DA:489,1
DA:492,1
DA:495,1
DA:496,0
DA:499,1
LF:95
LH:94
BRDA:10,0,0,1
BRDA:10,0,1,1
BRDA:59,1,0,10
BRDA:59,1,1,0
BRDA:60,2,0,10
BRDA:60,2,1,0
BRDA:138,3,0,1
BRDA:142,4,0,1
BRDA:148,5,0,3
BRDA:148,5,1,3
BRDA:149,6,0,3
BRDA:149,6,1,3
BRDA:181,7,0,1
BRDA:194,8,0,1
BRDA:258,9,0,1
BRDA:258,9,1,0
BRDA:263,10,0,1
BRDA:263,10,1,0
BRDA:298,11,0,1
BRDA:298,11,1,0
BRDA:449,12,0,1
BRDA:449,12,1,0
BRDA:488,13,0,1
BRDA:495,14,0,0
BRDA:495,15,0,1
BRDA:495,15,1,1
BRF:26
BRH:19
end_of_record
TN:
SF:src/modules/notifications/dto/create-notification.dto.ts
FNF:0
FNH:0
DA:1,0
DA:2,0
DA:4,0
DA:8,0
DA:13,0
DA:18,0
DA:24,0
DA:29,0
DA:34,0
DA:38,0
LF:10
LH:0
BRF:0
BRH:0
end_of_record
TN:
SF:src/modules/notifications/dto/mark-as-read.dto.ts
FNF:0
FNH:0
DA:1,0
DA:2,0
DA:4,0
DA:9,0
LF:4
LH:0
BRF:0
BRH:0
end_of_record
TN:
SF:src/modules/notifications/dto/update-notification.dto.ts
FNF:0
FNH:0
DA:1,0
DA:2,0
DA:4,0
DA:8,0
DA:13,0
DA:18,0
LF:6
LH:0
BRF:0
BRH:0
end_of_record
TN:
SF:src/modules/notifications/entities/notification.entity.ts
FN:46,(anonymous_2)
FNF:1
FNH:0
FNDA:0,(anonymous_2)
DA:1,1
DA:9,1
DA:12,1
DA:14,1
DA:17,1
DA:20,1
DA:23,1
DA:26,1
DA:29,1
DA:32,1
DA:35,1
DA:38,1
DA:41,1
DA:44,1
DA:46,0
DA:48,1
LF:16
LH:15
BRF:0
BRH:0
end_of_record
TN:
SF:src/modules/orders/orders.controller.ts
FN:17,(anonymous_4)
FN:21,(anonymous_5)
FN:27,(anonymous_6)
FN:33,(anonymous_7)
FN:39,(anonymous_8)
FN:47,(anonymous_9)
FN:53,(anonymous_10)
FN:62,(anonymous_11)
FN:69,(anonymous_12)
FN:78,(anonymous_13)
FN:85,(anonymous_14)
FN:94,(anonymous_15)
FNF:12
FNH:0
FNDA:0,(anonymous_4)
FNDA:0,(anonymous_5)
FNDA:0,(anonymous_6)
FNDA:0,(anonymous_7)
FNDA:0,(anonymous_8)
FNDA:0,(anonymous_9)
FNDA:0,(anonymous_10)
FNDA:0,(anonymous_11)
FNDA:0,(anonymous_12)
FNDA:0,(anonymous_13)
FNDA:0,(anonymous_14)
FNDA:0,(anonymous_15)
DA:1,0
DA:2,0
DA:3,0
DA:4,0
DA:5,0
DA:6,0
DA:7,0
DA:8,0
DA:9,0
DA:10,0
DA:16,0
DA:17,0
DA:21,0
DA:22,0
DA:27,0
DA:28,0
DA:33,0
DA:34,0
DA:39,0
DA:40,0
DA:47,0
DA:48,0
DA:53,0
DA:54,0
DA:62,0
DA:63,0
DA:69,0
DA:70,0
DA:78,0
DA:79,0
DA:85,0
DA:86,0
DA:94,0
DA:95,0
LF:34
LH:0
BRF:0
BRH:0
end_of_record
TN:
SF:src/modules/orders/orders.gateway.ts
FN:20,(anonymous_4)
FN:23,(anonymous_5)
FN:32,(anonymous_6)
FN:40,(anonymous_7)
FN:44,(anonymous_8)
FNF:5
FNH:0
FNDA:0,(anonymous_4)
FNDA:0,(anonymous_5)
FNDA:0,(anonymous_6)
FNDA:0,(anonymous_7)
FNDA:0,(anonymous_8)
DA:1,0
DA:8,0
DA:10,0
DA:16,0
DA:18,0
DA:20,0
DA:23,0
DA:27,0
DA:28,0
DA:32,0
DA:36,0
DA:37,0
DA:41,0
DA:45,0
DA:46,0
LF:15
LH:0
BRF:0
BRH:0
end_of_record
TN:
SF:src/modules/orders/orders.module.ts
FNF:0
FNH:0
DA:1,0
DA:2,0
DA:3,0
DA:4,0
DA:5,0
DA:6,0
DA:7,0
DA:8,0
DA:9,0
DA:10,0
DA:11,0
DA:23,0
LF:12
LH:0
BRF:0
BRH:0
end_of_record
TN:
SF:src/modules/orders/orders.service.ts
FN:18,(anonymous_4)
FN:29,(anonymous_5)
FN:32,(anonymous_6)
FN:38,(anonymous_7)
FN:39,(anonymous_8)
FN:44,(anonymous_9)
FN:122,(anonymous_10)
FN:130,(anonymous_11)
FN:138,(anonymous_12)
FN:151,(anonymous_13)
FN:188,(anonymous_14)
FN:204,(anonymous_15)
FN:254,(anonymous_16)
FN:288,(anonymous_17)
FN:292,(anonymous_18)
FN:309,(anonymous_19)
FN:324,(anonymous_20)
FN:365,(anonymous_21)
FN:381,(anonymous_22)
FN:385,(anonymous_23)
FN:390,(anonymous_24)
FN:395,(anonymous_25)
FN:412,(anonymous_26)
FN:429,(anonymous_27)
FN:430,(anonymous_28)
FN:431,(anonymous_29)
FN:432,(anonymous_30)
FN:433,(anonymous_31)
FNF:28
FNH:10
FNDA:9,(anonymous_4)
FNDA:3,(anonymous_5)
FNDA:3,(anonymous_6)
FNDA:0,(anonymous_7)
FNDA:1,(anonymous_8)
FNDA:2,(anonymous_9)
FNDA:1,(anonymous_10)
FNDA:1,(anonymous_11)
FNDA:4,(anonymous_12)
FNDA:2,(anonymous_13)
FNDA:1,(anonymous_14)
FNDA:0,(anonymous_15)
FNDA:0,(anonymous_16)
FNDA:0,(anonymous_17)
FNDA:0,(anonymous_18)
FNDA:0,(anonymous_19)
FNDA:0,(anonymous_20)
FNDA:0,(anonymous_21)
FNDA:0,(anonymous_22)
FNDA:0,(anonymous_23)
FNDA:0,(anonymous_24)
FNDA:0,(anonymous_25)
FNDA:0,(anonymous_26)
FNDA:0,(anonymous_27)
FNDA:0,(anonymous_28)
FNDA:0,(anonymous_29)
FNDA:0,(anonymous_30)
FNDA:0,(anonymous_31)
DA:1,1
DA:2,1
DA:3,1
DA:4,1
DA:5,1
DA:6,1
DA:10,1
DA:11,1
DA:12,1
DA:15,1
DA:16,9
DA:20,9
DA:22,9
DA:24,9
DA:25,9
DA:26,9
DA:30,3
DA:32,3
DA:33,3
DA:37,3
DA:38,1
DA:39,1
DA:40,1
DA:44,2
DA:46,2
DA:47,2
DA:49,2
DA:50,2
DA:52,2
DA:53,0
DA:56,2
DA:57,1
DA:60,1
DA:61,1
DA:62,1
DA:64,1
DA:73,1
DA:76,1
DA:77,1
DA:78,1
DA:80,1
DA:94,1
DA:97,1
DA:98,1
DA:107,0
DA:108,0
DA:111,1
DA:113,2
DA:114,2
DA:115,2
DA:116,2
DA:118,0
DA:123,1
DA:131,1
DA:139,4
DA:144,4
DA:145,2
DA:148,2
DA:152,2
DA:153,1
DA:155,1
DA:156,0
DA:159,1
DA:160,0
DA:163,0
DA:164,0
DA:172,0
DA:176,1
DA:179,1
DA:185,1
DA:189,1
DA:198,1
DA:205,0
DA:210,0
DA:211,0
DA:215,0
DA:216,0
DA:219,0
DA:220,0
DA:222,0
DA:223,0
DA:227,0
DA:228,0
DA:231,0
DA:232,0
DA:235,0
DA:238,0
DA:239,0
DA:246,0
DA:255,0
DA:266,0
DA:267,0
DA:273,0
DA:274,0
DA:277,0
DA:278,0
DA:283,0
DA:285,0
DA:288,0
DA:292,0
DA:310,0
DA:314,0
DA:315,0
DA:316,0
DA:325,0
DA:340,0
DA:341,0
DA:342,0
DA:344,0
DA:345,0
DA:346,0
DA:359,0
DA:366,0
DA:370,0
DA:374,0
DA:381,0
DA:382,0
DA:385,0
DA:386,0
DA:389,0
DA:390,0
DA:394,0
DA:395,0
DA:399,0
DA:414,0
DA:415,0
DA:418,0
DA:422,0
DA:424,0
DA:429,0
DA:430,0
DA:431,0
DA:432,0
DA:433,0
LF:134
LH:63
BRDA:37,0,0,1
BRDA:52,1,0,0
BRDA:56,2,0,1
BRDA:77,3,0,1
BRDA:77,3,1,1
BRDA:103,4,0,1
BRDA:103,4,1,0
BRDA:115,5,0,2
BRDA:115,6,0,2
BRDA:115,6,1,1
BRDA:144,7,0,2
BRDA:155,8,0,0
BRDA:159,9,0,0
BRDA:198,10,0,1
BRDA:198,10,1,0
BRDA:210,11,0,0
BRDA:215,12,0,0
BRDA:219,13,0,0
BRDA:222,14,0,0
BRDA:227,15,0,0
BRDA:231,16,0,0
BRDA:238,17,0,0
BRDA:261,18,0,0
BRDA:261,18,1,0
BRDA:266,19,0,0
BRDA:273,20,0,0
BRDA:273,20,1,0
BRDA:277,21,0,0
BRDA:291,22,0,0
BRDA:291,22,1,0
BRDA:294,23,0,0
BRDA:294,23,1,0
BRDA:314,24,0,0
BRDA:315,25,0,0
BRDA:342,26,0,0
BRDA:345,27,0,0
BRDA:366,28,0,0
BRDA:366,28,1,0
BRDA:370,29,0,0
BRDA:370,29,1,0
BRDA:395,30,0,0
BRDA:395,30,1,0
BRF:42
BRH:10
end_of_record
TN:
SF:src/modules/orders/dto/add-order-guest.dto.ts
FNF:0
FNH:0
DA:1,0
DA:2,0
DA:4,0
DA:8,0
DA:13,0
LF:5
LH:0
BRF:0
BRH:0
end_of_record
TN:
SF:src/modules/orders/dto/create-order.dto.ts
FN:38,(anonymous_2)
FN:66,(anonymous_3)
FNF:2
FNH:0
FNDA:0,(anonymous_2)
FNDA:0,(anonymous_3)
DA:1,0
DA:2,0
DA:3,0
DA:4,0
DA:6,0
DA:10,0
DA:15,0
DA:20,0
DA:23,0
DA:27,0
DA:32,0
DA:38,0
DA:39,0
DA:44,0
DA:47,0
DA:51,0
DA:56,0
DA:61,0
DA:66,0
DA:67,0
DA:72,0
DA:77,0
LF:22
LH:0
BRF:0
BRH:0
end_of_record
TN:
SF:src/modules/orders/dto/get-kds-orders.dto.ts
FN:4,(anonymous_2)
FN:9,(anonymous_3)
FNF:2
FNH:0
FNDA:0,(anonymous_2)
FNDA:0,(anonymous_3)
DA:1,0
DA:2,0
DA:4,0
DA:5,0
DA:6,0
DA:9,0
DA:10,0
DA:11,0
DA:12,0
DA:15,0
DA:19,0
DA:24,0
DA:29,0
LF:13
LH:0
BRDA:4,0,0,0
BRDA:4,0,1,0
BRDA:9,1,0,0
BRDA:9,1,1,0
BRF:4
BRH:0
end_of_record
TN:
SF:src/modules/orders/dto/get-waiter-stats.dto.ts
FNF:0
FNH:0
DA:1,0
DA:2,0
DA:4,0
DA:8,0
DA:13,0
LF:5
LH:0
BRF:0
BRH:0
end_of_record
TN:
SF:src/modules/orders/dto/update-order-status.dto.ts
FNF:0
FNH:0
DA:1,0
DA:2,0
DA:3,0
DA:5,0
DA:9,0
LF:5
LH:0
BRF:0
BRH:0
end_of_record
TN:
SF:src/modules/orders/dto/update-order.dto.ts
FN:37,(anonymous_2)
FNF:1
FNH:0
FNDA:0,(anonymous_2)
DA:1,0
DA:2,0
DA:3,0
DA:4,0
DA:10,0
DA:14,0
DA:19,0
DA:22,0
DA:26,0
DA:31,0
DA:37,0
DA:38,0
DA:43,0
DA:48,0
LF:14
LH:0
BRF:0
BRH:0
end_of_record
TN:
SF:src/modules/orders/entities/order-guest.entity.ts
FN:13,(anonymous_2)
FN:66,(anonymous_3)
FN:66,(anonymous_4)
FN:72,(anonymous_5)
FNF:4
FNH:1
FNDA:10,(anonymous_2)
FNDA:0,(anonymous_3)
FNDA:0,(anonymous_4)
FNDA:0,(anonymous_5)
DA:1,10
DA:10,10
DA:11,10
DA:13,10
DA:14,10
DA:15,10
DA:16,10
DA:17,10
DA:21,10
DA:23,10
DA:26,10
DA:29,10
DA:32,10
DA:35,10
DA:42,10
DA:45,10
DA:48,10
DA:51,10
DA:54,10
DA:57,10
DA:60,10
DA:63,10
DA:66,0
DA:70,10
DA:72,0
DA:74,10
LF:26
LH:24
BRDA:13,0,0,10
BRDA:13,0,1,10
BRF:2
BRH:2
end_of_record
TN:
SF:src/modules/orders/entities/order-item.entity.ts
FN:66,(anonymous_2)
FN:66,(anonymous_3)
FN:70,(anonymous_4)
FN:70,(anonymous_5)
FN:74,(anonymous_6)
FNF:5
FNH:0
FNDA:0,(anonymous_2)
FNDA:0,(anonymous_3)
FNDA:0,(anonymous_4)
FNDA:0,(anonymous_5)
FNDA:0,(anonymous_6)
DA:1,10
DA:10,10
DA:11,10
DA:12,10
DA:13,10
DA:16,10
DA:18,10
DA:21,10
DA:24,10
DA:27,10
DA:30,10
DA:33,10
DA:40,10
DA:43,10
DA:46,10
DA:49,10
DA:52,10
DA:55,10
DA:58,10
DA:61,10
DA:64,10
DA:66,0
DA:68,10
DA:70,0
DA:72,10
DA:74,0
DA:76,10
LF:27
LH:24
BRF:0
BRH:0
end_of_record
TN:
SF:src/modules/orders/entities/order.entity.ts
FN:104,(anonymous_2)
FN:104,(anonymous_3)
FN:108,(anonymous_4)
FN:112,(anonymous_5)
FN:116,(anonymous_6)
FN:116,(anonymous_7)
FN:119,(anonymous_8)
FN:119,(anonymous_9)
FNF:8
FNH:0
FNDA:0,(anonymous_2)
FNDA:0,(anonymous_3)
FNDA:0,(anonymous_4)
FNDA:0,(anonymous_5)
FNDA:0,(anonymous_6)
FNDA:0,(anonymous_7)
FNDA:0,(anonymous_8)
FNDA:0,(anonymous_9)
DA:1,10
DA:12,10
DA:13,10
DA:14,10
DA:15,10
DA:16,10
DA:17,10
DA:18,10
DA:25,10
DA:27,10
DA:30,10
DA:33,10
DA:36,10
DA:43,10
DA:50,10
DA:53,10
DA:56,10
DA:59,10
DA:62,10
DA:65,10
DA:68,10
DA:71,10
DA:74,10
DA:77,10
DA:80,10
DA:83,10
DA:86,10
DA:93,10
DA:96,10
DA:99,10
DA:102,10
DA:104,0
DA:106,10
DA:108,0
DA:110,10
DA:112,0
DA:114,10
DA:116,0
DA:117,10
DA:119,0
DA:120,10
LF:41
LH:36
BRF:0
BRH:0
end_of_record
TN:
SF:src/modules/payments/payment-split.controller.ts
FN:23,(anonymous_4)
FN:27,(anonymous_5)
FN:33,(anonymous_6)
FN:40,(anonymous_7)
FN:50,(anonymous_8)
FN:57,(anonymous_9)
FN:63,(anonymous_10)
FN:69,(anonymous_11)
FNF:8
FNH:0
FNDA:0,(anonymous_4)
FNDA:0,(anonymous_5)
FNDA:0,(anonymous_6)
FNDA:0,(anonymous_7)
FNDA:0,(anonymous_8)
FNDA:0,(anonymous_9)
FNDA:0,(anonymous_10)
FNDA:0,(anonymous_11)
DA:1,0
DA:10,0
DA:11,0
DA:12,0
DA:13,0
DA:14,0
DA:15,0
DA:16,0
DA:22,0
DA:23,0
DA:27,0
DA:28,0
DA:33,0
DA:34,0
DA:40,0
DA:44,0
DA:50,0
DA:51,0
DA:57,0
DA:58,0
DA:63,0
DA:64,0
DA:69,0
DA:70,0
LF:24
LH:0
BRF:0
BRH:0
end_of_record
TN:
SF:src/modules/payments/payment-split.service.ts
FN:25,(anonymous_4)
FN:39,(anonymous_5)
FN:76,(anonymous_6)
FN:96,(anonymous_7)
FN:100,(anonymous_8)
FN:110,(anonymous_9)
FN:125,(anonymous_10)
FN:169,(anonymous_11)
FN:174,(anonymous_12)
FN:181,(anonymous_13)
FN:195,(anonymous_14)
FN:208,(anonymous_15)
FN:246,(anonymous_16)
FN:267,(anonymous_17)
FN:278,(anonymous_18)
FN:289,(anonymous_19)
FN:346,(anonymous_20)
FN:351,(anonymous_21)
FN:364,(anonymous_22)
FN:374,(anonymous_23)
FN:375,(anonymous_24)
FN:383,(anonymous_25)
FNF:22
FNH:22
FNDA:16,(anonymous_4)
FNDA:6,(anonymous_5)
FNDA:2,(anonymous_6)
FNDA:4,(anonymous_7)
FNDA:4,(anonymous_8)
FNDA:4,(anonymous_9)
FNDA:1,(anonymous_10)
FNDA:1,(anonymous_11)
FNDA:2,(anonymous_12)
FNDA:1,(anonymous_13)
FNDA:1,(anonymous_14)
FNDA:1,(anonymous_15)
FNDA:2,(anonymous_16)
FNDA:3,(anonymous_17)
FNDA:1,(anonymous_18)
FNDA:4,(anonymous_19)
FNDA:2,(anonymous_20)
FNDA:2,(anonymous_21)
FNDA:2,(anonymous_22)
FNDA:1,(anonymous_23)
FNDA:1,(anonymous_24)
FNDA:1,(anonymous_25)
DA:1,1
DA:2,1
DA:3,1
DA:4,1
DA:5,1
DA:6,1
DA:7,1
DA:11,1
DA:24,1
DA:27,16
DA:29,16
DA:31,16
DA:33,16
DA:40,6
DA:45,6
DA:46,1
DA:49,5
DA:51,5
DA:53,2
DA:56,1
DA:59,2
DA:60,1
DA:62,1
DA:69,0
DA:80,2
DA:81,2
DA:84,2
DA:86,2
DA:87,4
DA:88,4
DA:89,4
DA:91,4
DA:95,2
DA:96,4
DA:97,4
DA:98,4
DA:100,4
DA:101,4
DA:103,4
DA:110,4
DA:119,2
DA:129,1
DA:130,1
DA:131,1
DA:133,1
DA:134,1
DA:135,1
DA:137,1
DA:138,1
DA:139,1
DA:142,1
DA:152,1
DA:153,1
DA:163,1
DA:174,2
DA:176,1
DA:177,0
DA:180,1
DA:181,1
DA:184,1
DA:185,1
DA:187,1
DA:195,1
DA:212,1
DA:217,1
DA:219,1
DA:220,2
DA:231,2
DA:235,1
DA:240,1
DA:247,2
DA:251,2
DA:252,1
DA:255,1
DA:261,1
DA:268,3
DA:279,1
DA:290,4
DA:295,4
DA:296,1
DA:299,3
DA:300,1
DA:307,2
DA:308,2
DA:313,2
DA:314,1
DA:317,2
DA:320,2
DA:324,2
DA:338,2
DA:340,2
DA:347,2
DA:351,2
DA:353,2
DA:354,1
DA:365,2
DA:366,2
DA:370,2
DA:371,1
DA:374,1
DA:375,1
DA:376,1
DA:378,1
DA:383,1
LF:104
LH:102
BRDA:45,0,0,1
BRDA:51,1,0,2
BRDA:51,1,1,1
BRDA:51,1,2,2
BRDA:51,1,3,0
BRDA:59,2,0,1
BRDA:59,3,0,2
BRDA:59,3,1,1
BRDA:81,4,0,2
BRDA:81,4,1,0
BRDA:87,5,0,4
BRDA:87,5,1,0
BRDA:88,6,0,4
BRDA:101,7,0,4
BRDA:101,7,1,2
BRDA:101,8,0,2
BRDA:101,8,1,0
BRDA:112,9,0,4
BRDA:112,9,1,0
BRDA:130,10,0,1
BRDA:130,10,1,0
BRDA:176,11,0,0
BRDA:197,12,0,1
BRDA:197,12,1,0
BRDA:251,13,0,1
BRDA:295,14,0,1
BRDA:299,15,0,1
BRDA:309,16,0,1
BRDA:309,16,1,1
BRDA:313,17,0,1
BRDA:320,18,0,1
BRDA:320,18,1,1
BRDA:332,19,0,2
BRDA:332,19,1,1
BRDA:353,20,0,1
BRDA:370,21,0,1
BRDA:385,22,0,1
BRDA:385,22,1,1
BRF:38
BRH:30
end_of_record
TN:
SF:src/modules/payments/payments.controller.ts
FN:17,(anonymous_4)
FN:21,(anonymous_5)
FN:27,(anonymous_6)
FN:33,(anonymous_7)
FN:39,(anonymous_8)
FN:45,(anonymous_9)
FN:51,(anonymous_10)
FN:57,(anonymous_11)
FN:65,(anonymous_12)
FN:75,(anonymous_13)
FNF:10
FNH:0
FNDA:0,(anonymous_4)
FNDA:0,(anonymous_5)
FNDA:0,(anonymous_6)
FNDA:0,(anonymous_7)
FNDA:0,(anonymous_8)
FNDA:0,(anonymous_9)
FNDA:0,(anonymous_10)
FNDA:0,(anonymous_11)
FNDA:0,(anonymous_12)
FNDA:0,(anonymous_13)
DA:1,0
DA:2,0
DA:3,0
DA:4,0
DA:5,0
DA:6,0
DA:7,0
DA:8,0
DA:9,0
DA:10,0
DA:16,0
DA:17,0
DA:21,0
DA:22,0
DA:27,0
DA:28,0
DA:33,0
DA:34,0
DA:39,0
DA:40,0
DA:45,0
DA:46,0
DA:51,0
DA:52,0
DA:57,0
DA:58,0
DA:65,0
DA:70,0
DA:75,0
DA:76,0
LF:30
LH:0
BRF:0
BRH:0
end_of_record
TN:
SF:src/modules/payments/payments.module.ts
FNF:0
FNH:0
DA:1,0
DA:2,0
DA:3,0
DA:4,0
DA:5,0
DA:6,0
DA:7,0
DA:8,0
DA:9,0
DA:10,0
DA:11,0
DA:12,0
DA:13,0
DA:31,0
LF:14
LH:0
BRF:0
BRH:0
end_of_record
TN:
SF:src/modules/payments/payments.service.ts
FN:19,(anonymous_4)
FN:31,(anonymous_5)
FN:48,(anonymous_6)
FN:83,(anonymous_7)
FN:122,(anonymous_8)
FN:130,(anonymous_9)
FN:137,(anonymous_10)
FN:146,(anonymous_11)
FN:162,(anonymous_12)
FN:188,(anonymous_13)
FNF:10
FNH:7
FNDA:9,(anonymous_4)
FNDA:7,(anonymous_5)
FNDA:2,(anonymous_6)
FNDA:2,(anonymous_7)
FNDA:1,(anonymous_8)
FNDA:1,(anonymous_9)
FNDA:1,(anonymous_10)
FNDA:0,(anonymous_11)
FNDA:0,(anonymous_12)
FNDA:0,(anonymous_13)
DA:1,1
DA:2,1
DA:3,1
DA:4,1
DA:5,1
DA:6,1
DA:12,1
DA:13,1
DA:16,1
DA:17,9
DA:21,9
DA:23,9
DA:25,9
DA:27,9
DA:28,9
DA:32,7
DA:36,7
DA:37,1
DA:42,1
DA:45,7
DA:49,2
DA:50,2
DA:51,2
DA:53,2
DA:54,2
DA:55,2
DA:56,2
DA:58,2
DA:59,2
DA:61,1
DA:71,1
DA:72,1
DA:74,1
DA:76,1
DA:77,1
DA:79,2
DA:84,2
DA:85,2
DA:86,2
DA:88,2
DA:89,2
DA:90,2
DA:92,2
DA:93,1
DA:96,1
DA:98,1
DA:99,1
DA:101,1
DA:110,1
DA:111,1
DA:113,1
DA:115,1
DA:116,1
DA:118,2
DA:123,1
DA:124,1
DA:131,1
DA:138,1
DA:143,1
DA:147,0
DA:151,0
DA:152,0
DA:155,0
DA:156,0
DA:167,0
DA:171,0
DA:172,0
DA:176,0
DA:177,0
DA:183,0
DA:185,0
DA:189,0
DA:190,0
DA:191,0
DA:193,0
DA:195,0
DA:199,0
DA:200,0
DA:204,0
DA:205,0
DA:208,0
DA:209,0
DA:212,0
DA:215,0
DA:216,0
DA:217,0
DA:220,0
DA:221,0
DA:224,0
DA:233,0
DA:234,0
DA:240,0
DA:241,0
DA:242,0
DA:244,0
DA:249,0
DA:250,0
DA:251,0
DA:253,0
DA:257,0
DA:258,0
DA:261,0
DA:268,0
DA:270,0
DA:272,0
DA:281,0
DA:282,0
DA:283,0
DA:284,0
DA:286,0
LF:110
LH:59
BRDA:31,0,0,7
BRDA:36,1,0,1
BRDA:67,2,0,1
BRDA:67,2,1,1
BRDA:92,3,0,1
BRDA:107,4,0,1
BRDA:107,4,1,1
BRDA:151,5,0,0
BRDA:171,6,0,0
BRDA:176,7,0,0
BRDA:199,8,0,0
BRDA:204,9,0,0
BRDA:212,10,0,0
BRDA:212,10,1,0
BRDA:212,10,2,0
BRDA:212,10,3,0
BRDA:212,10,4,0
BRDA:212,10,5,0
BRDA:216,11,0,0
BRDA:241,12,0,0
BRDA:250,13,0,0
BRF:21
BRH:7
end_of_record
TN:
SF:src/modules/payments/dto/calculate-split.dto.ts
FNF:0
FNH:0
DA:1,0
DA:2,0
DA:3,0
DA:5,0
DA:9,0
DA:17,0
DA:23,0
LF:7
LH:0
BRF:0
BRH:0
end_of_record
TN:
SF:src/modules/payments/dto/create-payment-method.dto.ts
FNF:0
FNH:0
DA:1,0
DA:2,0
DA:3,0
DA:5,0
DA:9,0
DA:14,0
DA:19,0
DA:24,0
LF:8
LH:0
BRF:0
BRH:0
end_of_record
TN:
SF:src/modules/payments/dto/create-payment-split.dto.ts
FNF:0
FNH:0
DA:1,0
DA:2,0
DA:11,0
DA:13,0
DA:17,0
DA:22,0
DA:30,0
DA:36,0
DA:42,0
DA:48,0
DA:54,0
DA:60,0
DA:64,0
LF:13
LH:0
BRF:0
BRH:0
end_of_record
TN:
SF:src/modules/payments/dto/process-payment.dto.ts
FN:5,(anonymous_2)
FN:47,(anonymous_3)
FNF:2
FNH:0
FNDA:0,(anonymous_2)
FNDA:0,(anonymous_3)
DA:1,0
DA:2,0
DA:3,0
DA:5,0
DA:6,0
DA:7,0
DA:8,0
DA:9,0
DA:10,0
DA:16,0
DA:20,0
DA:24,0
DA:28,0
DA:31,0
DA:34,0
DA:38,0
DA:42,0
DA:47,0
DA:48,0
DA:53,0
LF:20
LH:0
BRDA:5,0,0,0
BRDA:5,0,1,0
BRF:2
BRH:0
end_of_record
TN:
SF:src/modules/payments/dto/process-split-payment.dto.ts
FNF:0
FNH:0
DA:1,0
DA:2,0
DA:3,0
DA:5,0
DA:9,0
DA:15,0
DA:22,0
DA:26,0
DA:31,0
LF:9
LH:0
BRF:0
BRH:0
end_of_record
TN:
SF:src/modules/payments/dto/recharge-wallet.dto.ts
FNF:0
FNH:0
DA:1,0
DA:2,0
DA:4,0
DA:9,0
DA:14,0
DA:19,0
LF:6
LH:0
BRF:0
BRH:0
end_of_record
TN:
SF:src/modules/payments/dto/update-payment-method.dto.ts
FNF:0
FNH:0
DA:1,0
DA:2,0
DA:4,0
DA:8,0
DA:13,0
DA:18,0
LF:6
LH:0
BRF:0
BRH:0
end_of_record
TN:
SF:src/modules/payments/dto/withdraw-wallet.dto.ts
FNF:0
FNH:0
DA:1,0
DA:2,0
DA:4,0
DA:9,0
DA:14,0
LF:5
LH:0
BRF:0
BRH:0
end_of_record
TN:
SF:src/modules/payments/entities/payment-method.entity.ts
FN:60,(anonymous_2)
FNF:1
FNH:0
FNDA:0,(anonymous_2)
DA:1,1
DA:10,1
DA:11,1
DA:14,1
DA:16,1
DA:19,1
DA:25,1
DA:28,1
DA:31,1
DA:34,1
DA:37,1
DA:40,1
DA:43,1
DA:46,1
DA:49,1
DA:52,1
DA:55,1
DA:58,1
DA:60,0
DA:62,1
LF:20
LH:19
BRF:0
BRH:0
end_of_record
TN:
SF:src/modules/payments/entities/payment-split.entity.ts
FN:13,(anonymous_2)
FN:19,(anonymous_3)
FN:84,(anonymous_4)
FN:88,(anonymous_5)
FNF:4
FNH:2
FNDA:10,(anonymous_2)
FNDA:10,(anonymous_3)
FNDA:0,(anonymous_4)
FNDA:0,(anonymous_5)
DA:1,10
DA:10,10
DA:11,10
DA:13,10
DA:14,10
DA:15,10
DA:16,10
DA:19,10
DA:20,10
DA:21,10
DA:22,10
DA:23,10
DA:27,10
DA:29,10
DA:32,10
DA:35,10
DA:41,10
DA:44,10
DA:47,10
DA:54,10
DA:57,10
DA:60,10
DA:63,10
DA:66,10
DA:69,10
DA:72,10
DA:75,10
DA:78,10
DA:81,10
DA:84,0
DA:86,10
DA:88,0
DA:90,10
LF:33
LH:31
BRDA:13,0,0,10
BRDA:13,0,1,10
BRDA:19,1,0,10
BRDA:19,1,1,10
BRF:4
BRH:4
end_of_record
TN:
SF:src/modules/payments/entities/wallet-transaction.entity.ts
FN:53,(anonymous_2)
FN:53,(anonymous_3)
FNF:2
FNH:0
FNDA:0,(anonymous_2)
FNDA:0,(anonymous_3)
DA:1,1
DA:9,1
DA:10,1
DA:13,1
DA:15,1
DA:18,1
DA:24,1
DA:27,1
DA:30,1
DA:33,1
DA:36,1
DA:39,1
DA:42,1
DA:45,1
DA:48,1
DA:51,1
DA:53,0
DA:55,1
LF:18
LH:17
BRF:0
BRH:0
end_of_record
TN:
SF:src/modules/payments/entities/wallet.entity.ts
FN:48,(anonymous_2)
FN:52,(anonymous_3)
FN:56,(anonymous_4)
FN:56,(anonymous_5)
FNF:4
FNH:0
FNDA:0,(anonymous_2)
FNDA:0,(anonymous_3)
FNDA:0,(anonymous_4)
FNDA:0,(anonymous_5)
DA:1,1
DA:11,1
DA:12,1
DA:13,1
DA:14,1
DA:17,1
DA:19,1
DA:22,1
DA:25,1
DA:31,1
DA:34,1
DA:37,1
DA:40,1
DA:43,1
DA:46,1
DA:48,0
DA:50,1
DA:52,0
DA:54,1
DA:56,0
DA:57,1
LF:21
LH:18
BRF:0
BRH:0
end_of_record
TN:
SF:src/modules/qr-code/qr-code.controller.ts
FN:14,(anonymous_4)
FN:21,(anonymous_5)
FN:33,(anonymous_6)
FN:44,(anonymous_7)
FN:59,(anonymous_8)
FNF:5
FNH:0
FNDA:0,(anonymous_4)
FNDA:0,(anonymous_5)
FNDA:0,(anonymous_6)
FNDA:0,(anonymous_7)
FNDA:0,(anonymous_8)
DA:1,0
DA:2,0
DA:3,0
DA:4,0
DA:5,0
DA:6,0
DA:7,0
DA:13,0
DA:14,0
DA:21,0
DA:25,0
DA:26,0
DA:33,0
DA:34,0
DA:35,0
DA:44,0
DA:49,0
DA:54,0
DA:59,0
DA:60,0
DA:61,0
DA:63,0
LF:22
LH:0
BRDA:65,0,0,0
BRDA:65,0,1,0
BRF:2
BRH:0
end_of_record
TN:
SF:src/modules/qr-code/qr-code.module.ts
FNF:0
FNH:0
DA:1,0
DA:2,0
DA:3,0
DA:10,0
LF:4
LH:0
BRF:0
BRH:0
end_of_record
TN:
SF:src/modules/qr-code/qr-code.service.ts
FN:17,(anonymous_11)
FN:24,(anonymous_12)
FN:39,(anonymous_13)
FN:53,(anonymous_14)
FN:69,(anonymous_15)
FN:92,(anonymous_16)
FN:103,(anonymous_17)
FNF:7
FNH:0
FNDA:0,(anonymous_11)
FNDA:0,(anonymous_12)
FNDA:0,(anonymous_13)
FNDA:0,(anonymous_14)
FNDA:0,(anonymous_15)
FNDA:0,(anonymous_16)
FNDA:0,(anonymous_17)
DA:1,0
DA:2,0
DA:3,0
DA:14,0
DA:17,0
DA:18,0
DA:25,0
DA:31,0
DA:33,0
DA:40,0
DA:45,0
DA:47,0
DA:54,0
DA:61,0
DA:63,0
DA:70,0
DA:72,0
DA:83,0
DA:85,0
DA:93,0
DA:94,0
DA:96,0
DA:104,0
DA:105,0
DA:108,0
DA:109,0
DA:112,0
DA:113,0
DA:116,0
LF:29
LH:0
BRDA:18,0,0,0
BRDA:18,0,1,0
BRDA:85,1,0,0
BRDA:85,1,1,0
BRDA:104,2,0,0
BRDA:104,3,0,0
BRDA:104,3,1,0
BRDA:108,4,0,0
BRDA:108,5,0,0
BRDA:108,5,1,0
BRDA:112,6,0,0
BRDA:112,7,0,0
BRDA:112,7,1,0
BRF:13
BRH:0
end_of_record
TN:
SF:src/modules/qr-code/dto/generate-qr.dto.ts
FN:4,(anonymous_2)
FNF:1
FNH:0
FNDA:0,(anonymous_2)
DA:1,0
DA:2,0
DA:4,0
DA:5,0
DA:6,0
DA:7,0
DA:10,0
DA:14,0
DA:19,0
DA:24,0
DA:27,0
DA:29,0
DA:32,0
DA:35,0
LF:14
LH:0
BRDA:4,0,0,0
BRDA:4,0,1,0
BRF:2
BRH:0
end_of_record
TN:
SF:src/modules/qr-code/dto/validate-qr.dto.ts
FNF:0
FNH:0
DA:1,0
DA:2,0
DA:4,0
DA:8,0
DA:11,0
DA:13,0
DA:16,0
DA:19,0
DA:22,0
DA:25,0
LF:10
LH:0
BRF:0
BRH:0
end_of_record
TN:
SF:src/modules/reservations/reservation-guests.controller.ts
FN:23,(anonymous_4)
FN:28,(anonymous_5)
FN:43,(anonymous_6)
FN:58,(anonymous_7)
FN:66,(anonymous_8)
FN:83,(anonymous_9)
FN:92,(anonymous_10)
FN:99,(anonymous_11)
FNF:8
FNH:0
FNDA:0,(anonymous_4)
FNDA:0,(anonymous_5)
FNDA:0,(anonymous_6)
FNDA:0,(anonymous_7)
FNDA:0,(anonymous_8)
FNDA:0,(anonymous_9)
FNDA:0,(anonymous_10)
FNDA:0,(anonymous_11)
DA:1,0
DA:12,0
DA:13,0
DA:14,0
DA:15,0
DA:16,0
DA:22,0
DA:23,0
DA:28,0
DA:33,0
DA:43,0
DA:48,0
DA:58,0
DA:59,0
DA:66,0
DA:71,0
DA:76,0
DA:83,0
DA:87,0
DA:92,0
DA:93,0
DA:99,0
DA:100,0
LF:23
LH:0
BRF:0
BRH:0
end_of_record
TN:
SF:src/modules/reservations/reservation-guests.service.ts
FN:13,(anonymous_4)
FN:24,(anonymous_5)
FN:41,(anonymous_6)
FN:51,(anonymous_7)
FN:100,(anonymous_8)
FN:156,(anonymous_9)
FN:167,(anonymous_10)
FN:201,(anonymous_11)
FN:222,(anonymous_12)
FN:236,(anonymous_13)
FN:258,(anonymous_14)
FNF:11
FNH:0
FNDA:0,(anonymous_4)
FNDA:0,(anonymous_5)
FNDA:0,(anonymous_6)
FNDA:0,(anonymous_7)
FNDA:0,(anonymous_8)
FNDA:0,(anonymous_9)
FNDA:0,(anonymous_10)
FNDA:0,(anonymous_11)
FNDA:0,(anonymous_12)
FNDA:0,(anonymous_13)
FNDA:0,(anonymous_14)
DA:1,0
DA:2,0
DA:3,0
DA:4,0
DA:5,0
DA:7,0
DA:8,0
DA:9,0
DA:12,0
DA:15,0
DA:17,0
DA:18,0
DA:29,0
DA:34,0
DA:35,0
DA:39,0
DA:40,0
DA:41,0
DA:44,0
DA:45,0
DA:49,0
DA:50,0
DA:51,0
DA:53,0
DA:54,0
DA:59,0
DA:73,0
DA:76,0
DA:77,0
DA:90,0
DA:94,0
DA:105,0
DA:110,0
DA:111,0
DA:114,0
DA:115,0
DA:118,0
DA:119,0
DA:122,0
DA:126,0
DA:128,0
DA:131,0
DA:146,0
DA:147,0
DA:150,0
DA:157,0
DA:172,0
DA:176,0
DA:177,0
DA:180,0
DA:181,0
DA:184,0
DA:188,0
DA:189,0
DA:192,0
DA:195,0
DA:205,0
DA:209,0
DA:210,0
DA:213,0
DA:214,0
DA:216,0
DA:223,0
DA:237,0
DA:244,0
DA:248,0
DA:250,0
DA:251,0
DA:259,0
DA:264,0
DA:265,0
DA:268,0
LF:72
LH:0
BRDA:34,0,0,0
BRDA:41,1,0,0
BRDA:41,1,1,0
BRDA:44,2,0,0
BRDA:44,3,0,0
BRDA:44,3,1,0
BRDA:49,4,0,0
BRDA:53,5,0,0
BRDA:68,6,0,0
BRDA:68,6,1,0
BRDA:76,7,0,0
BRDA:90,8,0,0
BRDA:90,9,0,0
BRDA:90,9,1,0
BRDA:110,10,0,0
BRDA:114,11,0,0
BRDA:118,12,0,0
BRDA:123,13,0,0
BRDA:123,13,1,0
BRDA:135,14,0,0
BRDA:135,14,1,0
BRDA:136,15,0,0
BRDA:136,15,1,0
BRDA:146,16,0,0
BRDA:176,17,0,0
BRDA:180,18,0,0
BRDA:188,19,0,0
BRDA:209,20,0,0
BRDA:248,21,0,0
BRDA:264,22,0,0
BRF:30
BRH:0
end_of_record
TN:
SF:src/modules/reservations/reservations.controller.ts
FN:15,(anonymous_4)
FN:19,(anonymous_5)
FN:25,(anonymous_6)
FN:31,(anonymous_7)
FN:37,(anonymous_8)
FN:45,(anonymous_9)
FN:51,(anonymous_10)
FNF:7
FNH:0
FNDA:0,(anonymous_4)
FNDA:0,(anonymous_5)
FNDA:0,(anonymous_6)
FNDA:0,(anonymous_7)
FNDA:0,(anonymous_8)
FNDA:0,(anonymous_9)
FNDA:0,(anonymous_10)
DA:1,0
DA:2,0
DA:3,0
DA:4,0
DA:5,0
DA:6,0
DA:7,0
DA:8,0
DA:14,0
DA:15,0
DA:19,0
DA:20,0
DA:25,0
DA:26,0
DA:31,0
DA:32,0
DA:37,0
DA:38,0
DA:45,0
DA:46,0
DA:51,0
DA:52,0
LF:22
LH:0
BRF:0
BRH:0
end_of_record
TN:
SF:src/modules/reservations/reservations.gateway.ts
FN:19,(anonymous_4)
FN:28,(anonymous_5)
FN:36,(anonymous_6)
FN:40,(anonymous_7)
FNF:4
FNH:0
FNDA:0,(anonymous_4)
FNDA:0,(anonymous_5)
[...]
FN:90,(anonymous_9)
FN:98,(anonymous_10)
FN:104,(anonymous_11)
FN:110,(anonymous_12)
FN:122,(anonymous_13)
FN:136,(anonymous_14)
FN:144,(anonymous_15)
FN:153,(anonymous_16)
FNF:13
FNH:0
FNDA:0,(anonymous_4)
FNDA:0,(anonymous_5)
FNDA:0,(anonymous_6)
FNDA:0,(anonymous_7)
FNDA:0,(anonymous_8)
FNDA:0,(anonymous_9)
FNDA:0,(anonymous_10)
FNDA:0,(anonymous_11)
FNDA:0,(anonymous_12)
FNDA:0,(anonymous_13)
FNDA:0,(anonymous_14)
FNDA:0,(anonymous_15)
FNDA:0,(anonymous_16)
DA:1,0
DA:13,0
DA:19,0
DA:20,0
DA:21,0
DA:22,0
DA:23,0
DA:24,0
DA:25,0
DA:26,0
DA:27,0
DA:33,0
DA:34,0
DA:38,0
DA:39,0
DA:50,0
DA:61,0
DA:73,0
DA:74,0
DA:80,0
DA:84,0
DA:90,0
DA:93,0
DA:98,0
DA:99,0
DA:104,0
DA:105,0
DA:110,0
DA:115,0
DA:122,0
DA:127,0
DA:136,0
DA:137,0
DA:144,0
DA:148,0
DA:153,0
DA:154,0
LF:37
LH:0
BRDA:64,0,0,0
BRDA:64,0,1,0
BRDA:65,1,0,0
BRDA:65,1,1,0
BRF:4
BRH:0
end_of_record
TN:
SF:src/modules/reviews/reviews.module.ts
FNF:0
FNH:0
DA:1,0
DA:2,0
DA:3,0
DA:4,0
DA:5,0
DA:6,0
DA:7,0
DA:15,0
LF:8
LH:0
BRF:0
BRH:0
end_of_record
TN:
SF:src/modules/reviews/reviews.service.ts
FN:19,(anonymous_4)
FN:30,(anonymous_5)
FN:85,(anonymous_6)
FN:139,(anonymous_7)
FN:154,(anonymous_8)
FN:158,(anonymous_9)
FN:164,(anonymous_10)
FN:171,(anonymous_11)
FN:172,(anonymous_12)
FN:173,(anonymous_13)
FN:174,(anonymous_14)
FN:193,(anonymous_15)
FN:204,(anonymous_16)
FN:220,(anonymous_17)
FN:250,(anonymous_18)
FN:296,(anonymous_19)
FN:315,(anonymous_20)
FN:325,(anonymous_21)
FN:342,(anonymous_22)
FN:357,(anonymous_23)
FN:378,(anonymous_24)
FN:385,(anonymous_25)
FN:386,(anonymous_26)
FN:409,(anonymous_27)
FN:411,(anonymous_28)
FNF:25
FNH:10
FNDA:9,(anonymous_4)
FNDA:2,(anonymous_5)
FNDA:1,(anonymous_6)
FNDA:0,(anonymous_7)
FNDA:0,(anonymous_8)
FNDA:0,(anonymous_9)
FNDA:0,(anonymous_10)
FNDA:0,(anonymous_11)
FNDA:0,(anonymous_12)
FNDA:0,(anonymous_13)
FNDA:0,(anonymous_14)
FNDA:1,(anonymous_15)
FNDA:5,(anonymous_16)
FNDA:1,(anonymous_17)
FNDA:0,(anonymous_18)
FNDA:0,(anonymous_19)
FNDA:0,(anonymous_20)
FNDA:2,(anonymous_21)
FNDA:0,(anonymous_22)
FNDA:0,(anonymous_23)
FNDA:2,(anonymous_24)
FNDA:18,(anonymous_25)
FNDA:16,(anonymous_26)
FNDA:0,(anonymous_27)
FNDA:0,(anonymous_28)
DA:1,1
DA:7,1
DA:8,1
DA:9,1
DA:10,1
DA:14,1
DA:15,1
DA:18,1
DA:21,9
DA:23,9
DA:24,9
DA:32,2
DA:39,2
DA:40,1
DA:46,1
DA:47,1
DA:49,1
DA:50,1
DA:51,1
DA:52,1
DA:55,1
DA:65,1
DA:71,1
DA:79,1
DA:96,1
DA:102,1
DA:103,0
DA:106,1
DA:107,0
DA:110,1
DA:111,0
DA:114,1
DA:115,0
DA:116,0
DA:119,1
DA:124,1
DA:127,1
DA:129,1
DA:140,0
DA:144,0
DA:145,0
DA:153,0
DA:154,0
DA:155,0
DA:158,0
DA:159,0
DA:160,0
DA:164,0
DA:165,0
DA:166,0
DA:167,0
DA:171,0
DA:172,0
DA:173,0
DA:174,0
DA:176,0
DA:194,1
DA:205,5
DA:210,5
DA:211,2
DA:214,3
DA:221,1
DA:223,1
DA:224,0
DA:228,1
DA:229,1
DA:230,1
DA:231,1
DA:234,1
DA:235,1
DA:238,1
DA:244,1
DA:255,0
DA:258,0
DA:266,0
DA:267,0
DA:272,0
DA:273,0
DA:275,0
DA:278,0
DA:285,0
DA:290,0
DA:297,0
DA:299,0
DA:300,0
DA:303,0
DA:309,0
DA:316,0
DA:318,0
DA:319,0
DA:326,2
DA:328,1
DA:329,0
DA:333,1
DA:334,1
DA:336,1
DA:343,0
DA:358,0
DA:380,2
DA:382,2
DA:383,2
DA:385,18
DA:386,16
DA:388,2
DA:389,2
DA:390,1
DA:391,1
DA:392,0
DA:395,2
DA:410,0
DA:411,0
DA:412,0
LF:112
LH:63
BRDA:39,0,0,1
BRDA:49,1,0,1
BRDA:60,2,0,1
BRDA:60,2,1,0
BRDA:102,3,0,0
BRDA:106,4,0,0
BRDA:110,5,0,0
BRDA:114,6,0,0
BRDA:121,7,0,1
BRDA:121,7,1,1
BRDA:122,8,0,1
BRDA:122,8,1,1
BRDA:144,9,0,0
BRDA:159,10,0,0
BRDA:159,10,1,0
BRDA:165,11,0,0
BRDA:165,11,1,0
BRDA:166,12,0,0
BRDA:166,12,1,0
BRDA:210,13,0,2
BRDA:223,14,0,0
BRDA:228,15,0,1
BRDA:228,16,0,1
BRDA:228,16,1,1
BRDA:266,17,0,0
BRDA:328,18,0,0
BRDA:342,19,0,0
BRDA:357,20,0,0
BRDA:389,21,0,1
BRDA:389,21,1,1
BRDA:391,22,0,0
BRDA:410,23,0,0
BRF:32
BRH:13
end_of_record
TN:
SF:src/modules/reviews/dto/create-review.dto.ts
FNF:0
FNH:0
DA:1,0
DA:2,0
DA:4,0
DA:8,0
DA:13,0
DA:20,0
DA:27,0
DA:34,0
DA:41,0
DA:48,0
DA:53,0
DA:59,0
LF:12
LH:0
BRF:0
BRH:0
end_of_record
TN:
SF:src/modules/reviews/dto/owner-response.dto.ts
FNF:0
FNH:0
DA:1,0
DA:2,0
DA:4,0
DA:8,0
LF:4
LH:0
BRF:0
BRH:0
end_of_record
TN:
SF:src/modules/reviews/dto/update-review.dto.ts
FNF:0
FNH:0
DA:1,0
DA:2,0
DA:4,0
LF:3
LH:0
BRF:0
BRH:0
end_of_record
TN:
SF:src/modules/reviews/entities/review.entity.ts
FN:75,(anonymous_2)
FN:79,(anonymous_3)
FNF:2
FNH:0
FNDA:0,(anonymous_2)
FNDA:0,(anonymous_3)
DA:1,1
DA:10,1
DA:11,1
DA:14,1
DA:16,1
DA:19,1
DA:22,1
DA:25,1
DA:28,1
DA:31,1
DA:34,1
DA:37,1
DA:40,1
DA:43,1
DA:46,1
DA:49,1
DA:52,1
DA:55,1
DA:58,1
DA:61,1
DA:64,1
DA:67,1
DA:70,1
DA:73,1
DA:75,0
DA:77,1
DA:79,0
DA:81,1
LF:28
LH:26
BRF:0
BRH:0
end_of_record
TN:
SF:src/modules/tables/tables.controller.ts
FN:29,(anonymous_4)
FN:34,(anonymous_5)
FN:40,(anonymous_6)
FN:47,(anonymous_7)
FN:56,(anonymous_8)
FN:63,(anonymous_9)
FN:70,(anonymous_10)
FN:80,(anonymous_11)
FN:90,(anonymous_12)
FN:97,(anonymous_13)
FN:104,(anonymous_14)
FN:114,(anonymous_15)
FN:124,(anonymous_16)
FNF:13
FNH:0
FNDA:0,(anonymous_4)
FNDA:0,(anonymous_5)
FNDA:0,(anonymous_6)
FNDA:0,(anonymous_7)
FNDA:0,(anonymous_8)
FNDA:0,(anonymous_9)
FNDA:0,(anonymous_10)
FNDA:0,(anonymous_11)
FNDA:0,(anonymous_12)
FNDA:0,(anonymous_13)
FNDA:0,(anonymous_14)
FNDA:0,(anonymous_15)
FNDA:0,(anonymous_16)
DA:1,0
DA:13,0
DA:14,0
DA:15,0
DA:16,0
DA:17,0
DA:18,0
DA:19,0
DA:20,0
DA:21,0
DA:22,0
DA:28,0
DA:29,0
DA:34,0
DA:35,0
DA:40,0
DA:41,0
DA:47,0
DA:51,0
DA:56,0
DA:57,0
DA:63,0
DA:64,0
DA:70,0
DA:74,0
DA:80,0
DA:84,0
DA:90,0
DA:91,0
DA:97,0
DA:98,0
DA:104,0
DA:108,0
DA:114,0
DA:118,0
DA:124,0
DA:125,0
LF:37
LH:0
BRF:0
BRH:0
end_of_record
TN:
SF:src/modules/tables/tables.module.ts
FNF:0
FNH:0
DA:1,0
DA:2,0
DA:3,0
DA:4,0
DA:5,0
DA:6,0
DA:17,0
LF:7
LH:0
BRF:0
BRH:0
end_of_record
TN:
SF:src/modules/tables/tables.service.ts
FN:12,(anonymous_4)
FN:18,(anonymous_5)
FN:54,(anonymous_6)
FN:61,(anonymous_7)
FN:74,(anonymous_8)
FN:112,(anonymous_9)
FN:133,(anonymous_10)
FN:155,(anonymous_11)
FN:168,(anonymous_12)
FN:193,(anonymous_13)
FN:200,(anonymous_14)
FN:224,(anonymous_15)
FN:245,(anonymous_16)
FNF:13
FNH:0
FNDA:0,(anonymous_4)
FNDA:0,(anonymous_5)
FNDA:0,(anonymous_6)
FNDA:0,(anonymous_7)
FNDA:0,(anonymous_8)
FNDA:0,(anonymous_9)
FNDA:0,(anonymous_10)
FNDA:0,(anonymous_11)
FNDA:0,(anonymous_12)
FNDA:0,(anonymous_13)
FNDA:0,(anonymous_14)
FNDA:0,(anonymous_15)
FNDA:0,(anonymous_16)
DA:1,0
DA:2,0
DA:3,0
DA:4,0
DA:8,0
DA:11,0
DA:14,0
DA:15,0
DA:20,0
DA:27,0
DA:28,0
DA:34,0
DA:36,0
DA:43,0
DA:46,0
DA:51,0
DA:55,0
DA:62,0
DA:67,0
DA:68,0
DA:71,0
DA:75,0
DA:78,0
DA:82,0
DA:89,0
DA:90,0
DA:96,0
DA:97,0
DA:98,0
DA:101,0
DA:104,0
DA:109,0
DA:113,0
DA:114,0
DA:116,0
DA:117,0
DA:120,0
DA:130,0
DA:134,0
DA:137,0
DA:138,0
DA:143,0
DA:146,0
DA:152,0
DA:156,0
DA:161,0
DA:162,0
DA:165,0
DA:169,0
DA:171,0
DA:172,0
DA:175,0
DA:176,0
DA:179,0
DA:190,0
DA:194,0
DA:196,0
DA:197,0
DA:201,0
DA:203,0
DA:204,0
DA:207,0
DA:208,0
DA:209,0
DA:211,0
DA:221,0
DA:225,0
DA:227,0
DA:228,0
DA:231,0
DA:232,0
DA:234,0
DA:242,0
DA:246,0
DA:248,0
DA:249,0
DA:252,0
DA:253,0
DA:255,0
DA:263,0
LF:80
LH:0
BRDA:27,0,0,0
BRDA:67,1,0,0
BRDA:78,2,0,0
BRDA:79,3,0,0
BRDA:79,3,1,0
BRDA:89,4,0,0
BRDA:97,5,0,0
BRDA:137,6,0,0
BRDA:161,7,0,0
BRDA:171,8,0,0
BRDA:196,9,0,0
BRDA:196,9,1,0
BRDA:203,10,0,0
BRDA:227,11,0,0
BRDA:248,12,0,0
BRF:15
BRH:0
end_of_record
TN:
SF:src/modules/tables/dto/create-table.dto.ts
FNF:0
FNH:0
DA:1,0
DA:2,0
DA:4,0
DA:8,0
DA:13,0
DA:19,0
DA:24,0
DA:29,0
DA:34,0
DA:39,0
DA:44,0
DA:48,0
LF:12
LH:0
BRF:0
BRH:0
end_of_record
TN:
SF:src/modules/tables/dto/update-table-notes.dto.ts
FNF:0
FNH:0
DA:1,0
DA:2,0
DA:4,0
DA:8,0
LF:4
LH:0
BRF:0
BRH:0
end_of_record
TN:
SF:src/modules/tables/dto/update-table-status.dto.ts
FNF:0
FNH:0
DA:1,0
DA:2,0
DA:4,0
DA:9,0
LF:4
LH:0
BRF:0
BRH:0
end_of_record
TN:
SF:src/modules/tables/dto/update-table.dto.ts
FNF:0
FNH:0
DA:1,0
DA:2,0
DA:4,0
LF:3
LH:0
BRF:0
BRH:0
end_of_record
TN:
SF:src/modules/tables/entities/restaurant-table.entity.ts
FN:47,(anonymous_2)
FNF:1
FNH:0
FNDA:0,(anonymous_2)
DA:1,10
DA:10,10
DA:13,10
DA:15,10
DA:18,10
DA:21,10
DA:24,10
DA:27,10
DA:30,10
DA:33,10
DA:36,10
DA:39,10
DA:42,10
DA:45,10
DA:47,0
DA:49,10
LF:16
LH:15
BRF:0
BRH:0
end_of_record
TN:
SF:src/modules/tips/tips.controller.ts
FN:27,(anonymous_4)
FN:31,(anonymous_5)
FN:41,(anonymous_6)
FN:52,(anonymous_7)
FN:70,(anonymous_8)
FN:85,(anonymous_9)
FN:96,(anonymous_10)
FN:109,(anonymous_11)
FNF:8
FNH:0
FNDA:0,(anonymous_4)
FNDA:0,(anonymous_5)
FNDA:0,(anonymous_6)
FNDA:0,(anonymous_7)
FNDA:0,(anonymous_8)
FNDA:0,(anonymous_9)
FNDA:0,(anonymous_10)
FNDA:0,(anonymous_11)
DA:1,0
DA:11,0
DA:12,0
DA:13,0
DA:14,0
DA:15,0
DA:16,0
DA:17,0
DA:18,0
DA:19,0
DA:20,0
DA:26,0
DA:27,0
DA:31,0
DA:32,0
DA:41,0
DA:42,0
DA:52,0
DA:57,0
DA:58,0
DA:60,0
DA:70,0
DA:75,0
DA:76,0
DA:78,0
DA:85,0
DA:86,0
DA:96,0
DA:101,0
DA:102,0
DA:104,0
DA:109,0
DA:110,0
LF:33
LH:0
BRDA:57,0,0,0
BRDA:57,0,1,0
BRDA:58,1,0,0
BRDA:58,1,1,0
BRDA:75,2,0,0
BRDA:75,2,1,0
BRDA:76,3,0,0
BRDA:76,3,1,0
BRDA:101,4,0,0
BRDA:101,4,1,0
BRDA:102,5,0,0
BRDA:102,5,1,0
BRF:12
BRH:0
end_of_record
TN:
SF:src/modules/tips/tips.module.ts
FNF:0
FNH:0
DA:1,0
DA:2,0
DA:3,0
DA:4,0
DA:5,0
DA:6,0
DA:7,0
DA:18,0
LF:8
LH:0
BRF:0
BRH:0
end_of_record
TN:
SF:src/modules/tips/tips.service.ts
FN:13,(anonymous_4)
FN:21,(anonymous_5)
FN:58,(anonymous_6)
FN:67,(anonymous_7)
FN:71,(anonymous_8)
FN:72,(anonymous_9)
FN:75,(anonymous_10)
FN:100,(anonymous_11)
FN:112,(anonymous_12)
FN:153,(anonymous_13)
FN:158,(anonymous_14)
FN:163,(anonymous_15)
FN:173,(anonymous_16)
FN:184,(anonymous_17)
FNF:14
FNH:0
FNDA:0,(anonymous_4)
FNDA:0,(anonymous_5)
FNDA:0,(anonymous_6)
FNDA:0,(anonymous_7)
FNDA:0,(anonymous_8)
FNDA:0,(anonymous_9)
FNDA:0,(anonymous_10)
FNDA:0,(anonymous_11)
FNDA:0,(anonymous_12)
FNDA:0,(anonymous_13)
FNDA:0,(anonymous_14)
FNDA:0,(anonymous_15)
FNDA:0,(anonymous_16)
FNDA:0,(anonymous_17)
DA:1,0
DA:2,0
DA:3,0
DA:4,0
DA:5,0
DA:9,0
DA:12,0
DA:15,0
DA:17,0
DA:18,0
DA:22,0
DA:28,0
DA:31,0
DA:34,0
DA:37,0
DA:46,0
DA:47,0
DA:55,0
DA:59,0
DA:67,0
DA:68,0
DA:69,0
DA:70,0
DA:71,0
DA:72,0
DA:75,0
DA:76,0
DA:77,0
DA:78,0
DA:85,0
DA:86,0
DA:88,0
DA:91,0
DA:101,0
DA:113,0
DA:120,0
DA:122,0
DA:123,0
DA:124,0
DA:125,0
DA:130,0
DA:133,0
DA:134,0
DA:136,0
DA:137,0
DA:146,0
DA:150,0
DA:153,0
DA:156,0
DA:158,0
DA:164,0
DA:174,0
DA:185,0
DA:189,0
DA:190,0
DA:193,0
DA:194,0
DA:197,0
DA:198,0
DA:201,0
DA:202,0
DA:205,0
DA:207,0
DA:213,0
LF:64
LH:0
BRDA:34,0,0,0
BRDA:34,0,1,0
BRDA:46,1,0,0
BRDA:69,2,0,0
BRDA:69,2,1,0
BRDA:76,3,0,0
BRDA:77,4,0,0
BRDA:80,5,0,0
BRDA:80,5,1,0
BRDA:125,6,0,0
BRDA:125,6,1,0
BRDA:127,7,0,0
BRDA:127,7,1,0
BRDA:133,8,0,0
BRDA:189,9,0,0
BRDA:193,10,0,0
BRDA:197,11,0,0
BRDA:201,12,0,0
BRDA:205,13,0,0
BRF:19
BRH:0
end_of_record
TN:
SF:src/modules/tips/dto/create-tip.dto.ts
FNF:0
FNH:0
DA:1,0
DA:2,0
DA:4,0
DA:8,0
DA:13,0
DA:18,0
DA:24,0
DA:30,0
DA:35,0
LF:9
LH:0
BRF:0
BRH:0
end_of_record
TN:
SF:src/modules/tips/dto/distribute-tips.dto.ts
FNF:0
FNH:0
DA:1,0
DA:2,0
DA:4,0
DA:8,0
DA:13,0
DA:17,0
LF:6
LH:0
BRF:0
BRH:0
end_of_record
TN:
SF:src/modules/tips/dto/update-tip.dto.ts
FN:4,(anonymous_2)
FNF:1
FNH:0
FNDA:0,(anonymous_2)
DA:1,0
DA:2,0
DA:4,0
DA:5,0
DA:6,0
DA:7,0
DA:10,0
DA:14,0
DA:19,0
DA:24,0
DA:29,0
LF:11
LH:0
BRDA:4,0,0,0
BRDA:4,0,1,0
BRF:2
BRH:0
end_of_record
TN:
SF:src/modules/tips/entities/tip.entity.ts
FN:54,(anonymous_2)
FN:58,(anonymous_3)
FN:62,(anonymous_4)
FNF:3
FNH:0
FNDA:0,(anonymous_2)
FNDA:0,(anonymous_3)
FNDA:0,(anonymous_4)
DA:1,0
DA:10,0
DA:11,0
DA:14,0
DA:16,0
DA:19,0
DA:22,0
DA:25,0
DA:28,0
DA:31,0
DA:34,0
DA:37,0
DA:40,0
DA:43,0
DA:46,0
DA:49,0
DA:52,0
DA:54,0
DA:56,0
DA:58,0
DA:60,0
DA:62,0
DA:64,0
LF:23
LH:0
BRF:0
BRH:0
end_of_record
TN:
SF:src/modules/user-roles/user-roles.controller.ts
FN:36,(anonymous_4)
FN:41,(anonymous_5)
FN:48,(anonymous_6)
FN:55,(anonymous_7)
FN:67,(anonymous_8)
FN:74,(anonymous_9)
FN:82,(anonymous_10)
FN:94,(anonymous_11)
FN:105,(anonymous_12)
FN:113,(anonymous_13)
FN:121,(anonymous_14)
FNF:11
FNH:0
FNDA:0,(anonymous_4)
FNDA:0,(anonymous_5)
FNDA:0,(anonymous_6)
FNDA:0,(anonymous_7)
FNDA:0,(anonymous_8)
FNDA:0,(anonymous_9)
FNDA:0,(anonymous_10)
FNDA:0,(anonymous_11)
FNDA:0,(anonymous_12)
FNDA:0,(anonymous_13)
FNDA:0,(anonymous_14)
DA:1,0
DA:12,0
DA:19,0
DA:20,0
DA:26,0
DA:27,0
DA:28,0
DA:29,0
DA:35,0
DA:36,0
DA:41,0
DA:42,0
DA:48,0
DA:49,0
DA:55,0
DA:56,0
DA:67,0
DA:68,0
DA:74,0
DA:75,0
DA:82,0
DA:86,0
DA:94,0
DA:98,0
DA:105,0
DA:106,0
DA:113,0
DA:114,0
DA:121,0
DA:122,0
LF:30
LH:0
BRF:0
BRH:0
end_of_record
TN:
SF:src/modules/user-roles/user-roles.module.ts
FNF:0
FNH:0
DA:1,0
DA:2,0
DA:3,0
DA:4,0
DA:5,0
DA:13,0
LF:6
LH:0
BRF:0
BRH:0
end_of_record
TN:
SF:src/modules/user-roles/user-roles.service.ts
FN:10,(anonymous_4)
FN:18,(anonymous_5)
FN:40,(anonymous_6)
FN:51,(anonymous_7)
FN:62,(anonymous_8)
FN:84,(anonymous_9)
FN:111,(anonymous_10)
FN:127,(anonymous_11)
FN:144,(anonymous_12)
FN:163,(anonymous_13)
FN:185,(anonymous_14)
FN:194,(anonymous_15)
FN:207,(anonymous_16)
FN:210,(anonymous_17)
FN:220,(anonymous_18)
FNF:15
FNH:0
FNDA:0,(anonymous_4)
FNDA:0,(anonymous_5)
FNDA:0,(anonymous_6)
FNDA:0,(anonymous_7)
FNDA:0,(anonymous_8)
FNDA:0,(anonymous_9)
FNDA:0,(anonymous_10)
FNDA:0,(anonymous_11)
FNDA:0,(anonymous_12)
FNDA:0,(anonymous_13)
FNDA:0,(anonymous_14)
FNDA:0,(anonymous_15)
FNDA:0,(anonymous_16)
FNDA:0,(anonymous_17)
FNDA:0,(anonymous_18)
DA:1,0
DA:2,0
DA:3,0
DA:4,0
DA:6,0
DA:9,0
DA:12,0
DA:20,0
DA:27,0
DA:28,0
DA:33,0
DA:34,0
DA:41,0
DA:52,0
DA:66,0
DA:74,0
DA:75,0
DA:78,0
DA:88,0
DA:92,0
DA:93,0
DA:97,0
DA:98,0
DA:99,0
DA:100,0
DA:104,0
DA:105,0
DA:112,0
DA:116,0
DA:117,0
DA:120,0
DA:121,0
DA:131,0
DA:149,0
DA:157,0
DA:168,0
DA:175,0
DA:176,0
DA:179,0
DA:189,0
DA:193,0
DA:194,0
DA:195,0
DA:198,0
DA:210,0
DA:211,0
DA:214,0
DA:226,0
DA:234,0
DA:235,0
DA:239,0
DA:246,0
DA:247,0
DA:253,0
DA:257,0
DA:259,0
DA:261,0
LF:57
LH:0
BRDA:27,0,0,0
BRDA:74,1,0,0
BRDA:92,2,0,0
BRDA:97,3,0,0
BRDA:99,4,0,0
BRDA:116,5,0,0
BRDA:175,6,0,0
BRDA:195,7,0,0
BRDA:195,7,1,0
BRDA:234,8,0,0
BRDA:246,9,0,0
BRDA:246,9,1,0
BRF:12
BRH:0
end_of_record
TN:
SF:src/modules/user-roles/dto/user-role.dto.ts
FN:46,(anonymous_2)
FNF:1
FNH:0
FNDA:0,(anonymous_2)
DA:1,0
DA:2,0
DA:3,0
DA:4,0
DA:6,0
DA:10,0
DA:15,0
DA:24,0
DA:27,0
DA:35,0
DA:38,0
DA:46,0
DA:47,0
DA:50,0
DA:54,0
DA:59,0
DA:64,0
LF:17
LH:0
BRF:0
BRH:0
end_of_record
TN:
SF:src/modules/user-roles/entities/user-role.entity.ts
FN:36,(anonymous_2)
FN:36,(anonymous_3)
FN:40,(anonymous_4)
FN:40,(anonymous_5)
FNF:4
FNH:0
FNDA:0,(anonymous_2)
FNDA:0,(anonymous_3)
FNDA:0,(anonymous_4)
FNDA:0,(anonymous_5)
DA:1,10
DA:9,10
DA:10,10
DA:11,10
DA:14,10
DA:16,10
DA:19,10
DA:22,10
DA:28,10
DA:31,10
DA:34,10
DA:36,0
DA:38,10
DA:40,0
DA:42,10
LF:15
LH:13
BRF:0
BRH:0
end_of_record
TN:
SF:src/modules/users/users.controller.ts
FN:13,(anonymous_4)
FN:17,(anonymous_5)
FN:23,(anonymous_6)
FNF:3
FNH:0
FNDA:0,(anonymous_4)
FNDA:0,(anonymous_5)
FNDA:0,(anonymous_6)
DA:1,0
DA:2,0
DA:3,0
DA:4,0
DA:5,0
DA:6,0
DA:12,0
DA:13,0
DA:17,0
DA:18,0
DA:23,0
DA:24,0
LF:12
LH:0
BRF:0
BRH:0
end_of_record
TN:
SF:src/modules/users/users.module.ts
FNF:0
FNH:0
DA:1,0
DA:2,0
DA:3,0
DA:4,0
DA:5,0
DA:13,0
LF:6
LH:0
BRF:0
BRH:0
end_of_record
TN:
SF:src/modules/users/users.service.ts
FN:9,(anonymous_4)
FN:14,(anonymous_5)
FN:27,(anonymous_6)
FN:35,(anonymous_7)
FNF:4
FNH:0
FNDA:0,(anonymous_4)
FNDA:0,(anonymous_5)
FNDA:0,(anonymous_6)
FNDA:0,(anonymous_7)
DA:1,0
DA:2,0
DA:3,0
DA:4,0
DA:8,0
DA:11,0
DA:15,0
DA:20,0
DA:21,0
DA:24,0
DA:28,0
DA:30,0
DA:32,0
DA:36,0
LF:14
LH:0
BRDA:20,0,0,0
BRF:1
BRH:0
end_of_record
TN:
SF:src/modules/users/dto/update-profile.dto.ts
FNF:0
FNH:0
DA:1,0
DA:2,0
DA:4,0
DA:8,0
DA:13,0
DA:18,0
DA:23,0
DA:28,0
DA:33,0
LF:9
LH:0
BRF:0
BRH:0
end_of_record
TN:
SF:src/modules/users/entities/profile.entity.ts
FN:49,(anonymous_2)
FN:49,(anonymous_3)
FNF:2
FNH:0
FNDA:0,(anonymous_2)
FNDA:0,(anonymous_3)
DA:1,10
DA:9,10
DA:12,10
DA:14,10
DA:17,10
DA:20,10
DA:23,10
DA:26,10
DA:29,10
DA:32,10
DA:35,10
DA:38,10
DA:41,10
DA:44,10
DA:47,10
DA:49,0
DA:50,10
LF:17
LH:16
BRF:0
BRH:0
end_of_record
TN:
SF:src/modules/webhooks/webhooks.controller.ts
FN:35,(anonymous_4)
FN:39,(anonymous_5)
FN:46,(anonymous_6)
FN:52,(anonymous_7)
FN:58,(anonymous_8)
FN:67,(anonymous_9)
FN:75,(anonymous_10)
FN:85,(anonymous_11)
FN:91,(anonymous_12)
FNF:9
FNH:0
FNDA:0,(anonymous_4)
FNDA:0,(anonymous_5)
FNDA:0,(anonymous_6)
FNDA:0,(anonymous_7)
FNDA:0,(anonymous_8)
FNDA:0,(anonymous_9)
FNDA:0,(anonymous_10)
FNDA:0,(anonymous_11)
FNDA:0,(anonymous_12)
DA:1,0
DA:13,0
DA:19,0
DA:20,0
DA:24,0
DA:25,0
DA:26,0
DA:27,0
DA:34,0
DA:35,0
DA:39,0
DA:40,0
DA:46,0
DA:47,0
DA:52,0
DA:53,0
DA:58,0
DA:62,0
DA:67,0
DA:68,0
DA:75,0
DA:80,0
DA:85,0
DA:86,0
DA:91,0
DA:92,0
LF:26
LH:0
BRF:0
BRH:0
end_of_record
TN:
SF:src/modules/webhooks/webhooks.module.ts
FNF:0
FNH:0
DA:1,0
DA:2,0
DA:3,0
DA:4,0
DA:5,0
DA:6,0
DA:7,0
DA:18,0
LF:8
LH:0
BRF:0
BRH:0
end_of_record
TN:
SF:src/modules/webhooks/webhooks.service.ts
FN:31,(anonymous_13)
FN:41,(anonymous_14)
FN:58,(anonymous_15)
FN:68,(anonymous_16)
FN:83,(anonymous_17)
FN:99,(anonymous_18)
FN:108,(anonymous_19)
FN:152,(anonymous_20)
FN:161,(anonymous_21)
FN:230,(anonymous_22)
FN:288,(anonymous_23)
FN:311,(anonymous_24)
FN:338,(anonymous_25)
FN:373,(anonymous_26)
FN:401,(anonymous_27)
FNF:15
FNH:0
FNDA:0,(anonymous_13)
FNDA:0,(anonymous_14)
FNDA:0,(anonymous_15)
FNDA:0,(anonymous_16)
FNDA:0,(anonymous_17)
FNDA:0,(anonymous_18)
FNDA:0,(anonymous_19)
FNDA:0,(anonymous_20)
FNDA:0,(anonymous_21)
FNDA:0,(anonymous_22)
FNDA:0,(anonymous_23)
FNDA:0,(anonymous_24)
FNDA:0,(anonymous_25)
FNDA:0,(anonymous_26)
FNDA:0,(anonymous_27)
DA:1,0
DA:2,0
DA:3,0
DA:4,0
DA:5,0
DA:6,0
DA:7,0
DA:11,0
DA:28,0
DA:29,0
DA:33,0
DA:35,0
DA:43,0
DA:45,0
DA:52,0
DA:59,0
DA:69,0
DA:73,0
DA:74,0
DA:77,0
DA:84,0
DA:86,0
DA:89,0
DA:90,0
DA:93,0
DA:100,0
DA:101,0
DA:102,0
DA:114,0
DA:121,0
DA:122,0
DA:123,0
DA:127,0
DA:128,0
DA:129,0
DA:136,0
DA:145,0
DA:148,0
DA:151,0
DA:152,0
DA:153,0
DA:162,0
DA:167,0
DA:168,0
DA:169,0
DA:172,0
DA:173,0
DA:174,0
DA:177,0
DA:179,0
DA:180,0
DA:181,0
DA:184,0
DA:186,0
DA:192,0
DA:202,0
DA:208,0
DA:209,0
DA:210,0
DA:211,0
DA:214,0
DA:215,0
DA:216,0
DA:218,0
DA:219,0
DA:221,0
DA:223,0
DA:235,0
DA:236,0
DA:238,0
DA:239,0
DA:240,0
DA:242,0
DA:243,0
DA:248,0
DA:249,0
DA:252,0
DA:253,0
DA:254,0
DA:256,0
DA:260,0
DA:263,0
DA:264,0
DA:267,0
DA:268,0
DA:269,0
DA:274,0
DA:279,0
DA:281,0
DA:282,0
DA:293,0
DA:300,0
DA:312,0
DA:316,0
DA:317,0
DA:320,0
DA:321,0
DA:325,0
DA:326,0
DA:327,0
DA:330,0
DA:332,0
DA:339,0
DA:341,0
DA:351,0
DA:360,0
DA:363,0
DA:366,0
DA:373,0
DA:374,0
DA:376,0
DA:385,0
DA:386,0
DA:389,0
DA:390,0
DA:391,0
DA:402,0
DA:403,0
LF:118
LH:0
BRDA:73,0,0,0
BRDA:89,1,0,0
BRDA:89,2,0,0
BRDA:89,2,1,0
BRDA:121,3,0,0
BRDA:167,4,0,0
BRDA:172,5,0,0
BRDA:179,6,0,0
BRDA:188,7,0,0
BRDA:188,7,1,0
BRDA:238,8,0,0
BRDA:239,9,0,0
BRDA:242,10,0,0
BRDA:248,11,0,0
BRDA:248,11,1,0
BRDA:253,12,0,0
BRDA:253,12,1,0
BRDA:267,13,0,0
BRDA:290,14,0,0
BRDA:291,15,0,0
BRDA:316,16,0,0
BRDA:320,17,0,0
BRDA:385,18,0,0
BRDA:390,19,0,0
BRF:24
BRH:0
end_of_record
TN:
SF:src/modules/webhooks/dto/create-webhook-subscription.dto.ts
FNF:0
FNH:0
DA:1,0
DA:2,0
DA:3,0
DA:5,0
DA:9,0
DA:14,0
DA:19,0
DA:24,0
DA:28,0
DA:31,0
DA:35,0
DA:40,0
DA:45,0
DA:50,0
DA:54,0
LF:15
LH:0
BRF:0
BRH:0
end_of_record
TN:
SF:src/modules/webhooks/entities/webhook-delivery.entity.ts
FN:11,(anonymous_2)
FN:59,(anonymous_3)
FNF:2
FNH:0
FNDA:0,(anonymous_2)
FNDA:0,(anonymous_3)
DA:1,0
DA:9,0
DA:11,0
DA:12,0
DA:13,0
DA:14,0
DA:15,0
DA:19,0
DA:21,0
DA:24,0
DA:27,0
DA:30,0
DA:33,0
DA:36,0
DA:39,0
DA:42,0
DA:45,0
DA:48,0
DA:51,0
DA:54,0
DA:57,0
DA:59,0
DA:61,0
LF:23
LH:0
BRDA:11,0,0,0
BRDA:11,0,1,0
BRF:2
BRH:0
end_of_record
TN:
SF:src/modules/webhooks/entities/webhook-subscription.entity.ts
FN:12,(anonymous_2)
FN:73,(anonymous_3)
FNF:2
FNH:0
FNDA:0,(anonymous_2)
FNDA:0,(anonymous_3)
DA:1,0
DA:10,0
DA:12,0
DA:13,0
DA:14,0
DA:15,0
DA:16,0
DA:17,0
DA:18,0
DA:19,0
DA:20,0
DA:21,0
DA:22,0
DA:23,0
DA:24,0
DA:25,0
DA:26,0
DA:30,0
DA:32,0
DA:35,0
DA:38,0
DA:41,0
DA:44,0
DA:47,0
DA:50,0
DA:53,0
DA:56,0
DA:59,0
DA:62,0
DA:65,0
DA:68,0
DA:71,0
DA:73,0
DA:75,0
LF:34
LH:0
BRDA:12,0,0,0
BRDA:12,0,1,0
BRF:2
BRH:0
end_of_record
